This file contains any messages produced by compilers while
running configure, to aid debugging if configure makes a mistake.

It was created by TrumpCoin Core configure 2.0.0, which was
generated by GNU Autoconf 2.69.  Invocation command line was

  $ ./configure --with-libressl

## --------- ##
## Platform. ##
## --------- ##

hostname = Vishals-MacBook-Air.local
uname -m = x86_64
uname -r = 18.0.0
uname -s = Darwin
uname -v = Darwin Kernel Version 18.0.0: Wed Aug 22 20:13:40 PDT 2018; root:xnu-4903.201.2~1/RELEASE_X86_64

/usr/bin/uname -p = i386
/bin/uname -X     = unknown

/bin/arch              = unknown
/usr/bin/arch -k       = unknown
/usr/convex/getsysinfo = unknown
/usr/bin/hostinfo      = Mach kernel version:
	 Darwin Kernel Version 18.0.0: Wed Aug 22 20:13:40 PDT 2018; root:xnu-4903.201.2~1/RELEASE_X86_64
Kernel configured for up to 4 processors.
2 processors are physically available.
4 processors are logically available.
Processor type: x86_64h (Intel x86-64h Haswell)
Processors active: 0 1 2 3
Primary memory available: 8.00 gigabytes
Default processor set: 339 tasks, 1433 threads, 4 processors
Load average: 1.12, Mach factor: 2.87
/bin/machine           = unknown
/usr/bin/oslevel       = unknown
/bin/universe          = unknown

PATH: /usr/local/bin
PATH: /usr/bin
PATH: /bin
PATH: /usr/sbin
PATH: /sbin


## ----------- ##
## Core tests. ##
## ----------- ##

configure:2992: checking build system type
configure:3006: result: x86_64-apple-darwin18.0.0
configure:3026: checking host system type
configure:3039: result: x86_64-apple-darwin18.0.0
configure:3082: checking for a BSD-compatible install
configure:3150: result: /usr/bin/install -c
configure:3161: checking whether build environment is sane
configure:3216: result: yes
configure:3367: checking for a thread-safe mkdir -p
configure:3406: result: build-aux/install-sh -c -d
configure:3413: checking for gawk
configure:3443: result: no
configure:3413: checking for mawk
configure:3443: result: no
configure:3413: checking for nawk
configure:3443: result: no
configure:3413: checking for awk
configure:3429: found /usr/bin/awk
configure:3440: result: awk
configure:3451: checking whether make sets $(MAKE)
configure:3473: result: yes
configure:3502: checking whether make supports nested variables
configure:3519: result: yes
configure:3638: checking whether to enable maintainer-specific portions of Makefiles
configure:3647: result: yes
configure:3672: checking whether make supports nested variables
configure:3689: result: yes
configure:3764: checking for g++
configure:3780: found /usr/bin/g++
configure:3791: result: g++
configure:3818: checking for C++ compiler version
configure:3827: g++ --version >&5
Apple LLVM version 10.0.0 (clang-1000.11.45.5)
Target: x86_64-apple-darwin18.0.0
Thread model: posix
InstalledDir: /Applications/Xcode.app/Contents/Developer/Toolchains/XcodeDefault.xctoolchain/usr/bin
Configured with: --prefix=/Applications/Xcode.app/Contents/Developer/usr --with-gxx-include-dir=/Applications/Xcode.app/Contents/Developer/Platforms/MacOSX.platform/Developer/SDKs/MacOSX10.14.sdk/usr/include/c++/4.2.1
configure:3838: $? = 0
configure:3827: g++ -v >&5
Configured with: --prefix=/Applications/Xcode.app/Contents/Developer/usr --with-gxx-include-dir=/Applications/Xcode.app/Contents/Developer/Platforms/MacOSX.platform/Developer/SDKs/MacOSX10.14.sdk/usr/include/c++/4.2.1
Apple LLVM version 10.0.0 (clang-1000.11.45.5)
Target: x86_64-apple-darwin18.0.0
Thread model: posix
InstalledDir: /Applications/Xcode.app/Contents/Developer/Toolchains/XcodeDefault.xctoolchain/usr/bin
configure:3838: $? = 0
configure:3827: g++ -V >&5
clang: error: argument to '-V' is missing (expected 1 value)
clang: error: no input files
configure:3838: $? = 1
configure:3827: g++ -qversion >&5
clang: error: unknown argument: '-qversion'
clang: error: no input files
configure:3838: $? = 1
configure:3858: checking whether the C++ compiler works
configure:3880: g++  -I/usr/local/opt/openssl/include -L/usr/local/opt/openssl/lib conftest.cpp  >&5
configure:3884: $? = 0
configure:3932: result: yes
configure:3935: checking for C++ compiler default output file name
configure:3937: result: a.out
configure:3943: checking for suffix of executables
configure:3950: g++ -o conftest  -I/usr/local/opt/openssl/include -L/usr/local/opt/openssl/lib conftest.cpp  >&5
configure:3954: $? = 0
configure:3976: result: 
configure:3998: checking whether we are cross compiling
configure:4006: g++ -o conftest  -I/usr/local/opt/openssl/include -L/usr/local/opt/openssl/lib conftest.cpp  >&5
configure:4010: $? = 0
configure:4017: ./conftest
configure:4021: $? = 0
configure:4036: result: no
configure:4041: checking for suffix of object files
configure:4063: g++ -c  -I/usr/local/opt/openssl/include conftest.cpp >&5
configure:4067: $? = 0
configure:4088: result: o
configure:4092: checking whether we are using the GNU C++ compiler
configure:4111: g++ -c  -I/usr/local/opt/openssl/include conftest.cpp >&5
configure:4111: $? = 0
configure:4120: result: yes
configure:4129: checking whether g++ accepts -g
configure:4149: g++ -c -g -I/usr/local/opt/openssl/include conftest.cpp >&5
configure:4149: $? = 0
configure:4190: result: yes
configure:4216: checking whether make supports the include directive
configure:4231: make -f confmf.GNU && cat confinc.out
this is the am__doit target
configure:4234: $? = 0
configure:4253: result: yes (GNU style)
configure:4278: checking dependency style of g++
configure:4389: result: gcc3
configure:4426: checking whether g++ supports C++11 features with -std=c++11
configure:4722: g++ -std=c++11 -c -g -O2 -I/usr/local/opt/openssl/include conftest.cpp >&5
configure:4722: $? = 0
configure:4731: result: yes
configure:4775: checking whether std::atomic can be used without link library
configure:4793: g++ -std=c++11 -o conftest -g -O2 -I/usr/local/opt/openssl/include -L/usr/local/opt/openssl/lib conftest.cpp  >&5
configure:4793: $? = 0
configure:4795: result: yes
configure:4960: checking for Objective C++ compiler version
configure:4969: g++ -std=c++11 --version >&5
Apple LLVM version 10.0.0 (clang-1000.11.45.5)
Target: x86_64-apple-darwin18.0.0
Thread model: posix
InstalledDir: /Applications/Xcode.app/Contents/Developer/Toolchains/XcodeDefault.xctoolchain/usr/bin
configure:4980: $? = 0
configure:4969: g++ -std=c++11 -v >&5
Apple LLVM version 10.0.0 (clang-1000.11.45.5)
Target: x86_64-apple-darwin18.0.0
Thread model: posix
InstalledDir: /Applications/Xcode.app/Contents/Developer/Toolchains/XcodeDefault.xctoolchain/usr/bin
clang: warning: argument unused during compilation: '-std=c++11' [-Wunused-command-line-argument]
configure:4980: $? = 0
configure:4969: g++ -std=c++11 -V >&5
clang: error: argument to '-V' is missing (expected 1 value)
clang: error: no input files
configure:4980: $? = 1
configure:4969: g++ -std=c++11 -qversion >&5
clang: error: unknown argument: '-qversion'
clang: error: no input files
configure:4980: $? = 1
configure:4984: checking whether we are using the GNU Objective C++ compiler
configure:5003: g++ -std=c++11 -c  -I/usr/local/opt/openssl/include conftest.mm >&5
configure:5003: $? = 0
configure:5012: result: yes
configure:5021: checking whether g++ -std=c++11 accepts -g
configure:5041: g++ -std=c++11 -c -g -I/usr/local/opt/openssl/include conftest.mm >&5
configure:5041: $? = 0
configure:5082: result: yes
configure:5107: checking dependency style of g++ -std=c++11
configure:5216: result: gcc3
configure:5279: checking how to print strings
configure:5306: result: printf
configure:5375: checking for gcc
configure:5391: found /usr/bin/gcc
configure:5402: result: gcc
configure:5631: checking for C compiler version
configure:5640: gcc --version >&5
Apple LLVM version 10.0.0 (clang-1000.11.45.5)
Target: x86_64-apple-darwin18.0.0
Thread model: posix
InstalledDir: /Applications/Xcode.app/Contents/Developer/Toolchains/XcodeDefault.xctoolchain/usr/bin
Configured with: --prefix=/Applications/Xcode.app/Contents/Developer/usr --with-gxx-include-dir=/Applications/Xcode.app/Contents/Developer/Platforms/MacOSX.platform/Developer/SDKs/MacOSX10.14.sdk/usr/include/c++/4.2.1
configure:5651: $? = 0
configure:5640: gcc -v >&5
Configured with: --prefix=/Applications/Xcode.app/Contents/Developer/usr --with-gxx-include-dir=/Applications/Xcode.app/Contents/Developer/Platforms/MacOSX.platform/Developer/SDKs/MacOSX10.14.sdk/usr/include/c++/4.2.1
Apple LLVM version 10.0.0 (clang-1000.11.45.5)
Target: x86_64-apple-darwin18.0.0
Thread model: posix
InstalledDir: /Applications/Xcode.app/Contents/Developer/Toolchains/XcodeDefault.xctoolchain/usr/bin
configure:5651: $? = 0
configure:5640: gcc -V >&5
clang: error: argument to '-V' is missing (expected 1 value)
clang: error: no input files
configure:5651: $? = 1
configure:5640: gcc -qversion >&5
clang: error: unknown argument: '-qversion'
clang: error: no input files
configure:5651: $? = 1
configure:5655: checking whether we are using the GNU C compiler
configure:5674: gcc -c  -I/usr/local/opt/openssl/include conftest.c >&5
configure:5674: $? = 0
configure:5683: result: yes
configure:5692: checking whether gcc accepts -g
configure:5712: gcc -c -g -I/usr/local/opt/openssl/include conftest.c >&5
configure:5712: $? = 0
configure:5753: result: yes
configure:5770: checking for gcc option to accept ISO C89
configure:5833: gcc  -c -g -O2 -I/usr/local/opt/openssl/include conftest.c >&5
configure:5833: $? = 0
configure:5846: result: none needed
configure:5871: checking whether gcc understands -c and -o together
configure:5893: gcc -c conftest.c -o conftest2.o
configure:5896: $? = 0
configure:5893: gcc -c conftest.c -o conftest2.o
configure:5896: $? = 0
configure:5908: result: yes
configure:5927: checking dependency style of gcc
configure:6038: result: gcc3
configure:6053: checking for a sed that does not truncate output
configure:6117: result: /usr/bin/sed
configure:6135: checking for grep that handles long lines and -e
configure:6193: result: /usr/bin/grep
configure:6198: checking for egrep
configure:6260: result: /usr/bin/grep -E
configure:6265: checking for fgrep
configure:6327: result: /usr/bin/grep -F
configure:6362: checking for ld used by gcc
configure:6429: result: /Applications/Xcode.app/Contents/Developer/Toolchains/XcodeDefault.xctoolchain/usr/bin/ld
configure:6436: checking if the linker (/Applications/Xcode.app/Contents/Developer/Toolchains/XcodeDefault.xctoolchain/usr/bin/ld) is GNU ld
configure:6451: result: no
configure:6463: checking for BSD- or MS-compatible name lister (nm)
configure:6517: result: /usr/bin/nm -B
configure:6647: checking the name lister (/usr/bin/nm -B) interface
configure:6654: gcc -c -g -O2 -I/usr/local/opt/openssl/include conftest.c >&5
configure:6657: /usr/bin/nm -B "conftest.o"
configure:6660: output
00000000000001dc S _some_variable
configure:6667: result: BSD nm
configure:6670: checking whether ln -s works
configure:6674: result: yes
configure:6682: checking the maximum length of command line arguments
configure:6813: result: 196608
configure:6861: checking how to convert x86_64-apple-darwin18.0.0 file names to x86_64-apple-darwin18.0.0 format
configure:6901: result: func_convert_file_noop
configure:6908: checking how to convert x86_64-apple-darwin18.0.0 file names to toolchain format
configure:6928: result: func_convert_file_noop
configure:6935: checking for /Applications/Xcode.app/Contents/Developer/Toolchains/XcodeDefault.xctoolchain/usr/bin/ld option to reload object files
configure:6942: result: -r
configure:7016: checking for objdump
configure:7032: found /usr/bin/objdump
configure:7043: result: objdump
configure:7075: checking how to recognize dependent libraries
configure:7275: result: pass_all
configure:7360: checking for dlltool
configure:7390: result: no
configure:7420: checking how to associate runtime and link libraries
configure:7447: result: printf %s\n
configure:7508: checking for ar
configure:7524: found /usr/bin/ar
configure:7535: result: ar
configure:7572: checking for archiver @FILE support
configure:7589: gcc -c -g -O2 -I/usr/local/opt/openssl/include conftest.c >&5
configure:7589: $? = 0
configure:7592: ar cru libconftest.a @conftest.lst >&5
ar: @conftest.lst: No such file or directory
configure:7595: $? = 1
configure:7615: result: no
configure:7673: checking for strip
configure:7689: found /usr/bin/strip
configure:7700: result: strip
configure:7772: checking for ranlib
configure:7788: found /usr/bin/ranlib
configure:7799: result: ranlib
configure:7901: checking command to parse /usr/bin/nm -B output from gcc object
configure:8054: gcc -c -g -O2 -I/usr/local/opt/openssl/include conftest.c >&5
configure:8057: $? = 0
configure:8061: /usr/bin/nm -B conftest.o \| sed -n -e 's/^.*[ ]\([BCDEGRST][BCDEGRST]*\)[ ][ ]*\([_A-Za-z][_A-Za-z0-9]*\)$/\1 \2 \2/p' | sed '/ __gnu_lto/d' \> conftest.nm
configure:8064: $? = 0
cannot find nm_test_var in conftest.nm
configure:8054: gcc -c -g -O2 -I/usr/local/opt/openssl/include conftest.c >&5
configure:8057: $? = 0
configure:8061: /usr/bin/nm -B conftest.o \| sed -n -e 's/^.*[ ]\([BCDEGRST][BCDEGRST]*\)[ ][ ]*_\([_A-Za-z][_A-Za-z0-9]*\)$/\1 _\2 \2/p' | sed '/ __gnu_lto/d' \> conftest.nm
configure:8064: $? = 0
configure:8130: gcc -o conftest -g -O2 -I/usr/local/opt/openssl/include -L/usr/local/opt/openssl/lib conftest.c conftstm.o >&5
warning: (x86_64)  could not find object file symbol for symbol _main
configure:8133: $? = 0
configure:8171: result: ok
configure:8218: checking for sysroot
configure:8248: result: no
configure:8255: checking for a working dd
configure:8293: result: /bin/dd
configure:8297: checking how to truncate binary pipes
configure:8312: result: /bin/dd bs=4096 count=1
configure:8641: checking for mt
configure:8671: result: no
configure:8691: checking if : is a manifest tool
configure:8697: : '-?'
configure:8705: result: no
configure:8761: checking for dsymutil
configure:8777: found /usr/bin/dsymutil
configure:8788: result: dsymutil
configure:8853: checking for nmedit
configure:8869: found /usr/bin/nmedit
configure:8880: result: nmedit
configure:8945: checking for lipo
configure:8961: found /usr/bin/lipo
configure:8972: result: lipo
configure:9037: checking for otool
configure:9053: found /usr/bin/otool
configure:9064: result: otool
configure:9129: checking for otool64
configure:9159: result: no
configure:9204: checking for -single_module linker flag
gcc -g -O2 -L/usr/local/opt/openssl/lib -o libconftest.dylib -dynamiclib -Wl,-single_module conftest.c
configure:9237: result: yes
configure:9240: checking for -exported_symbols_list linker flag
configure:9260: gcc -o conftest -g -O2 -I/usr/local/opt/openssl/include -L/usr/local/opt/openssl/lib -Wl,-exported_symbols_list,conftest.sym conftest.c  >&5
configure:9260: $? = 0
configure:9270: result: yes
configure:9273: checking for -force_load linker flag
gcc -g -O2 -c -o conftest.o conftest.c
ar cru libconftest.a conftest.o
ranlib libconftest.a
gcc -g -O2 -L/usr/local/opt/openssl/lib -o conftest conftest.c -Wl,-force_load,./libconftest.a
configure:9305: result: yes
configure:9382: checking how to run the C preprocessor
configure:9413: gcc -E -I/usr/local/opt/openssl/include conftest.c
configure:9413: $? = 0
configure:9427: gcc -E -I/usr/local/opt/openssl/include conftest.c
conftest.c:10:10: fatal error: 'ac_nonexistent.h' file not found
#include <ac_nonexistent.h>
         ^~~~~~~~~~~~~~~~~~
1 error generated.
configure:9427: $? = 1
configure: failed program was:
| /* confdefs.h */
| #define PACKAGE_NAME "TrumpCoin Core"
| #define PACKAGE_TARNAME "trumpcoin"
| #define PACKAGE_VERSION "2.0.0"
| #define PACKAGE_STRING "TrumpCoin Core 2.0.0"
| #define PACKAGE_BUGREPORT "www.trumpcoin.org"
| #define PACKAGE_URL ""
| #define HAVE_CXX11 1
| /* end confdefs.h.  */
| #include <ac_nonexistent.h>
configure:9452: result: gcc -E
configure:9472: gcc -E -I/usr/local/opt/openssl/include conftest.c
configure:9472: $? = 0
configure:9486: gcc -E -I/usr/local/opt/openssl/include conftest.c
conftest.c:10:10: fatal error: 'ac_nonexistent.h' file not found
#include <ac_nonexistent.h>
         ^~~~~~~~~~~~~~~~~~
1 error generated.
configure:9486: $? = 1
configure: failed program was:
| /* confdefs.h */
| #define PACKAGE_NAME "TrumpCoin Core"
| #define PACKAGE_TARNAME "trumpcoin"
| #define PACKAGE_VERSION "2.0.0"
| #define PACKAGE_STRING "TrumpCoin Core 2.0.0"
| #define PACKAGE_BUGREPORT "www.trumpcoin.org"
| #define PACKAGE_URL ""
| #define HAVE_CXX11 1
| /* end confdefs.h.  */
| #include <ac_nonexistent.h>
configure:9515: checking for ANSI C header files
configure:9535: gcc -c -g -O2 -I/usr/local/opt/openssl/include conftest.c >&5
configure:9535: $? = 0
configure:9608: gcc -o conftest -g -O2 -I/usr/local/opt/openssl/include -L/usr/local/opt/openssl/lib conftest.c  >&5
configure:9608: $? = 0
configure:9608: ./conftest
configure:9608: $? = 0
configure:9619: result: yes
configure:9632: checking for sys/types.h
configure:9632: gcc -c -g -O2 -I/usr/local/opt/openssl/include conftest.c >&5
configure:9632: $? = 0
configure:9632: result: yes
configure:9632: checking for sys/stat.h
configure:9632: gcc -c -g -O2 -I/usr/local/opt/openssl/include conftest.c >&5
configure:9632: $? = 0
configure:9632: result: yes
configure:9632: checking for stdlib.h
configure:9632: gcc -c -g -O2 -I/usr/local/opt/openssl/include conftest.c >&5
configure:9632: $? = 0
configure:9632: result: yes
configure:9632: checking for string.h
configure:9632: gcc -c -g -O2 -I/usr/local/opt/openssl/include conftest.c >&5
configure:9632: $? = 0
configure:9632: result: yes
configure:9632: checking for memory.h
configure:9632: gcc -c -g -O2 -I/usr/local/opt/openssl/include conftest.c >&5
configure:9632: $? = 0
configure:9632: result: yes
configure:9632: checking for strings.h
configure:9632: gcc -c -g -O2 -I/usr/local/opt/openssl/include conftest.c >&5
configure:9632: $? = 0
configure:9632: result: yes
configure:9632: checking for inttypes.h
configure:9632: gcc -c -g -O2 -I/usr/local/opt/openssl/include conftest.c >&5
configure:9632: $? = 0
configure:9632: result: yes
configure:9632: checking for stdint.h
configure:9632: gcc -c -g -O2 -I/usr/local/opt/openssl/include conftest.c >&5
configure:9632: $? = 0
configure:9632: result: yes
configure:9632: checking for unistd.h
configure:9632: gcc -c -g -O2 -I/usr/local/opt/openssl/include conftest.c >&5
configure:9632: $? = 0
configure:9632: result: yes
configure:9646: checking for dlfcn.h
configure:9646: gcc -c -g -O2 -I/usr/local/opt/openssl/include conftest.c >&5
configure:9646: $? = 0
configure:9646: result: yes
configure:9911: checking for objdir
configure:9926: result: .libs
configure:10190: checking if gcc supports -fno-rtti -fno-exceptions
configure:10208: gcc -c -g -O2 -I/usr/local/opt/openssl/include -fno-rtti -fno-exceptions conftest.c >&5
configure:10212: $? = 0
configure:10225: result: yes
configure:10583: checking for gcc option to produce PIC
configure:10590: result: -fno-common -DPIC
configure:10598: checking if gcc PIC flag -fno-common -DPIC works
configure:10616: gcc -c -g -O2 -I/usr/local/opt/openssl/include -fno-common -DPIC -DPIC conftest.c >&5
configure:10620: $? = 0
configure:10633: result: yes
configure:10662: checking if gcc static flag -static works
configure:10690: result: no
configure:10705: checking if gcc supports -c -o file.o
configure:10726: gcc -c -g -O2 -I/usr/local/opt/openssl/include -o out/conftest2.o conftest.c >&5
configure:10730: $? = 0
configure:10752: result: yes
configure:10760: checking if gcc supports -c -o file.o
configure:10807: result: yes
configure:10840: checking whether the gcc linker (/Applications/Xcode.app/Contents/Developer/Toolchains/XcodeDefault.xctoolchain/usr/bin/ld) supports shared libraries
configure:12099: result: yes
configure:12339: checking dynamic linker characteristics
configure:13157: result: darwin18.0.0 dyld
configure:13279: checking how to hardcode library paths into programs
configure:13304: result: immediate
configure:13852: checking whether stripping libraries is possible
configure:13866: result: yes
configure:13892: checking if libtool supports shared libraries
configure:13894: result: yes
configure:13897: checking whether to build shared libraries
configure:13922: result: yes
configure:13925: checking whether to build static libraries
configure:13929: result: yes
configure:13952: checking how to run the C++ preprocessor
configure:13979: g++ -std=c++11 -E -I/usr/local/opt/openssl/include conftest.cpp
configure:13979: $? = 0
configure:13993: g++ -std=c++11 -E -I/usr/local/opt/openssl/include conftest.cpp
conftest.cpp:22:10: fatal error: 'ac_nonexistent.h' file not found
#include <ac_nonexistent.h>
         ^~~~~~~~~~~~~~~~~~
1 error generated.
configure:13993: $? = 1
configure: failed program was:
| /* confdefs.h */
| #define PACKAGE_NAME "TrumpCoin Core"
| #define PACKAGE_TARNAME "trumpcoin"
| #define PACKAGE_VERSION "2.0.0"
| #define PACKAGE_STRING "TrumpCoin Core 2.0.0"
| #define PACKAGE_BUGREPORT "www.trumpcoin.org"
| #define PACKAGE_URL ""
| #define HAVE_CXX11 1
| #define STDC_HEADERS 1
| #define HAVE_SYS_TYPES_H 1
| #define HAVE_SYS_STAT_H 1
| #define HAVE_STDLIB_H 1
| #define HAVE_STRING_H 1
| #define HAVE_MEMORY_H 1
| #define HAVE_STRINGS_H 1
| #define HAVE_INTTYPES_H 1
| #define HAVE_STDINT_H 1
| #define HAVE_UNISTD_H 1
| #define HAVE_DLFCN_H 1
| #define LT_OBJDIR ".libs/"
| /* end confdefs.h.  */
| #include <ac_nonexistent.h>
configure:14018: result: g++ -std=c++11 -E
configure:14038: g++ -std=c++11 -E -I/usr/local/opt/openssl/include conftest.cpp
configure:14038: $? = 0
configure:14052: g++ -std=c++11 -E -I/usr/local/opt/openssl/include conftest.cpp
conftest.cpp:22:10: fatal error: 'ac_nonexistent.h' file not found
#include <ac_nonexistent.h>
         ^~~~~~~~~~~~~~~~~~
1 error generated.
configure:14052: $? = 1
configure: failed program was:
| /* confdefs.h */
| #define PACKAGE_NAME "TrumpCoin Core"
| #define PACKAGE_TARNAME "trumpcoin"
| #define PACKAGE_VERSION "2.0.0"
| #define PACKAGE_STRING "TrumpCoin Core 2.0.0"
| #define PACKAGE_BUGREPORT "www.trumpcoin.org"
| #define PACKAGE_URL ""
| #define HAVE_CXX11 1
| #define STDC_HEADERS 1
| #define HAVE_SYS_TYPES_H 1
| #define HAVE_SYS_STAT_H 1
| #define HAVE_STDLIB_H 1
| #define HAVE_STRING_H 1
| #define HAVE_MEMORY_H 1
| #define HAVE_STRINGS_H 1
| #define HAVE_INTTYPES_H 1
| #define HAVE_STDINT_H 1
| #define HAVE_UNISTD_H 1
| #define HAVE_DLFCN_H 1
| #define LT_OBJDIR ".libs/"
| /* end confdefs.h.  */
| #include <ac_nonexistent.h>
configure:14214: checking for ld used by g++ -std=c++11
configure:14281: result: /Applications/Xcode.app/Contents/Developer/Toolchains/XcodeDefault.xctoolchain/usr/bin/ld
configure:14288: checking if the linker (/Applications/Xcode.app/Contents/Developer/Toolchains/XcodeDefault.xctoolchain/usr/bin/ld) is GNU ld
configure:14303: result: no
configure:14358: checking whether the g++ -std=c++11 linker (/Applications/Xcode.app/Contents/Developer/Toolchains/XcodeDefault.xctoolchain/usr/bin/ld) supports shared libraries
configure:15431: result: yes
configure:15467: g++ -std=c++11 -c -g -O2 -I/usr/local/opt/openssl/include conftest.cpp >&5
configure:15470: $? = 0
configure:15951: checking for g++ -std=c++11 option to produce PIC
configure:15958: result: -fno-common -DPIC
configure:15966: checking if g++ -std=c++11 PIC flag -fno-common -DPIC works
configure:15984: g++ -std=c++11 -c -g -O2 -I/usr/local/opt/openssl/include -fno-common -DPIC -DPIC conftest.cpp >&5
configure:15988: $? = 0
configure:16001: result: yes
configure:16024: checking if g++ -std=c++11 static flag -static works
configure:16052: result: no
configure:16064: checking if g++ -std=c++11 supports -c -o file.o
configure:16085: g++ -std=c++11 -c -g -O2 -I/usr/local/opt/openssl/include -o out/conftest2.o conftest.cpp >&5
configure:16089: $? = 0
configure:16111: result: yes
configure:16116: checking if g++ -std=c++11 supports -c -o file.o
configure:16163: result: yes
configure:16193: checking whether the g++ -std=c++11 linker (/Applications/Xcode.app/Contents/Developer/Toolchains/XcodeDefault.xctoolchain/usr/bin/ld) supports shared libraries
configure:16233: result: yes
configure:16374: checking dynamic linker characteristics
configure:17119: result: darwin18.0.0 dyld
configure:17184: checking how to hardcode library paths into programs
configure:17209: result: immediate
configure:17317: checking for ar
configure:17335: found /usr/bin/ar
configure:17347: result: /usr/bin/ar
configure:17415: checking for ranlib
configure:17433: found /usr/bin/ranlib
configure:17445: result: /usr/bin/ranlib
configure:17513: checking for strip
configure:17531: found /usr/bin/strip
configure:17543: result: /usr/bin/strip
configure:17611: checking for gcov
configure:17629: found /usr/bin/gcov
configure:17641: result: /usr/bin/gcov
configure:17665: checking for lcov
configure:17698: result: no
configure:17707: checking for python3.6
configure:17740: result: no
configure:17707: checking for python3.5
configure:17740: result: no
configure:17707: checking for python3.4
configure:17740: result: no
configure:17707: checking for python3
configure:17725: found /usr/local/bin/python3
configure:17737: result: /usr/local/bin/python3
configure:17750: checking for genhtml
configure:17783: result: no
configure:17790: checking for git
configure:17808: found /usr/local/bin/git
configure:17820: result: /usr/local/bin/git
configure:17830: checking for ccache
configure:17863: result: no
configure:17870: checking for xgettext
configure:17903: result: no
configure:17910: checking for hexdump
configure:17928: found /usr/bin/hexdump
configure:17940: result: /usr/bin/hexdump
configure:17994: checking for readelf
configure:18027: result: no
configure:18092: checking for c++filt
configure:18110: found /usr/bin/c++filt
configure:18122: result: /usr/bin/c++filt
configure:18190: checking for objcopy
configure:18223: result: no
configure:18394: checking whether C++ compiler accepts -Werror
configure:18413: g++ -std=c++11 -c -g -O2  -Werror -I/usr/local/opt/openssl/include conftest.cpp >&5
configure:18413: $? = 0
configure:18421: result: yes
configure:18524: checking whether C++ compiler accepts -Wall
configure:18543: g++ -std=c++11 -c -g -O2 -Werror -Wall -I/usr/local/opt/openssl/include conftest.cpp >&5
configure:18543: $? = 0
configure:18552: result: yes
configure:18561: checking whether C++ compiler accepts -Wextra
configure:18580: g++ -std=c++11 -c -g -O2 -Wall -Werror -Wextra -I/usr/local/opt/openssl/include conftest.cpp >&5
configure:18580: $? = 0
configure:18589: result: yes
configure:18598: checking whether C++ compiler accepts -Wformat
configure:18617: g++ -std=c++11 -c -g -O2 -Wall -Wextra -Werror -Wformat -I/usr/local/opt/openssl/include conftest.cpp >&5
configure:18617: $? = 0
configure:18626: result: yes
configure:18635: checking whether C++ compiler accepts -Wvla
configure:18654: g++ -std=c++11 -c -g -O2 -Wall -Wextra -Wformat -Werror -Wvla -I/usr/local/opt/openssl/include conftest.cpp >&5
configure:18654: $? = 0
configure:18663: result: yes
configure:18672: checking whether C++ compiler accepts -Wformat-security
configure:18691: g++ -std=c++11 -c -g -O2 -Wall -Wextra -Wformat -Wvla -Werror -Wformat-security -I/usr/local/opt/openssl/include conftest.cpp >&5
configure:18691: $? = 0
configure:18700: result: yes
configure:18709: checking whether C++ compiler accepts -Wthread-safety-analysis
configure:18728: g++ -std=c++11 -c -g -O2 -Wall -Wextra -Wformat -Wvla -Wformat-security -Werror -Wthread-safety-analysis -I/usr/local/opt/openssl/include conftest.cpp >&5
configure:18728: $? = 0
configure:18737: result: yes
configure:18750: checking whether C++ compiler accepts -Wunused-parameter
configure:18769: g++ -std=c++11 -c -g -O2 -Wall -Wextra -Wformat -Wvla -Wformat-security -Wthread-safety-analysis -Werror -Wunused-parameter -I/usr/local/opt/openssl/include conftest.cpp >&5
configure:18769: $? = 0
configure:18778: result: yes
configure:18787: checking whether C++ compiler accepts -Wself-assign
configure:18806: g++ -std=c++11 -c -g -O2 -Wall -Wextra -Wformat -Wvla -Wformat-security -Wthread-safety-analysis -Wno-unused-parameter -Werror -Wself-assign -I/usr/local/opt/openssl/include conftest.cpp >&5
configure:18806: $? = 0
configure:18815: result: yes
configure:18824: checking whether C++ compiler accepts -Wunused-local-typedef
configure:18843: g++ -std=c++11 -c -g -O2 -Wall -Wextra -Wformat -Wvla -Wformat-security -Wthread-safety-analysis -Wno-unused-parameter -Wno-self-assign -Werror -Wunused-local-typedef -I/usr/local/opt/openssl/include conftest.cpp >&5
configure:18843: $? = 0
configure:18852: result: yes
configure:18861: checking whether C++ compiler accepts -Wdeprecated-register
configure:18880: g++ -std=c++11 -c -g -O2 -Wall -Wextra -Wformat -Wvla -Wformat-security -Wthread-safety-analysis -Wno-unused-parameter -Wno-self-assign -Wno-unused-local-typedef -Werror -Wdeprecated-register -I/usr/local/opt/openssl/include conftest.cpp >&5
configure:18880: $? = 0
configure:18889: result: yes
configure:18898: checking whether C++ compiler accepts -Wimplicit-fallthrough
configure:18917: g++ -std=c++11 -c -g -O2 -Wall -Wextra -Wformat -Wvla -Wformat-security -Wthread-safety-analysis -Wno-unused-parameter -Wno-self-assign -Wno-unused-local-typedef -Wno-deprecated-register -Werror -Wimplicit-fallthrough -I/usr/local/opt/openssl/include conftest.cpp >&5
configure:18917: $? = 0
configure:18926: result: yes
configure:19962: checking for port
configure:19992: result: no
configure:20010: checking for rsvg-convert
configure:20028: found /usr/local/bin/rsvg-convert
configure:20040: result: /usr/local/bin/rsvg-convert
configure:20054: checking for brew
configure:20070: found /usr/local/bin/brew
configure:20081: result: brew
configure:20499: checking whether the linker accepts -Wl,-headerpad_max_install_names
configure:20518: g++ -std=c++11 -o conftest -g -O2 -Wall -Wextra -Wformat -Wvla -Wformat-security -Wthread-safety-analysis -Wno-unused-parameter -Wno-self-assign -Wno-unused-local-typedef -Wno-deprecated-register -Wno-implicit-fallthrough -I/usr/local/opt/openssl/include -DHAVE_BUILD_INFO -D__STDC_FORMAT_MACROS -I/usr/local/opt/berkeley-db@4/include -L/usr/local/opt/openssl/lib  -Wl,-headerpad_max_install_names conftest.cpp  -L/usr/local/opt/berkeley-db@4/lib >&5
configure:20518: $? = 0
configure:20527: result: yes
configure:20602: checking for pkg-config
configure:20620: found /usr/local/bin/pkg-config
configure:20632: result: /usr/local/bin/pkg-config
configure:20657: checking pkg-config is at least version 0.9.0
configure:20660: result: yes
configure:20781: checking whether byte ordering is bigendian
configure:20796: g++ -std=c++11 -c -g -O2 -Wall -Wextra -Wformat -Wvla -Wformat-security -Wthread-safety-analysis -Wno-unused-parameter -Wno-self-assign -Wno-unused-local-typedef -Wno-deprecated-register -Wno-implicit-fallthrough -I/usr/local/opt/openssl/include -DHAVE_BUILD_INFO -D__STDC_FORMAT_MACROS -I/usr/local/opt/berkeley-db@4/include -DMAC_OSX conftest.cpp >&5
configure:20796: $? = 0
configure:20841: g++ -std=c++11 -c -g -O2 -Wall -Wextra -Wformat -Wvla -Wformat-security -Wthread-safety-analysis -Wno-unused-parameter -Wno-self-assign -Wno-unused-local-typedef -Wno-deprecated-register -Wno-implicit-fallthrough -I/usr/local/opt/openssl/include -DHAVE_BUILD_INFO -D__STDC_FORMAT_MACROS -I/usr/local/opt/berkeley-db@4/include -DMAC_OSX conftest.cpp >&5
configure:20841: $? = 0
configure:20859: g++ -std=c++11 -c -g -O2 -Wall -Wextra -Wformat -Wvla -Wformat-security -Wthread-safety-analysis -Wno-unused-parameter -Wno-self-assign -Wno-unused-local-typedef -Wno-deprecated-register -Wno-implicit-fallthrough -I/usr/local/opt/openssl/include -DHAVE_BUILD_INFO -D__STDC_FORMAT_MACROS -I/usr/local/opt/berkeley-db@4/include -DMAC_OSX conftest.cpp >&5
conftest.cpp:29:11: error: expected ';' after expression
                 not big endian
                        ^
                        ;
conftest.cpp:29:8: error: use of undeclared identifier 'big'
                 not big endian
                     ^
conftest.cpp:29:12: error: use of undeclared identifier 'endian'
                 not big endian
                         ^
3 errors generated.
configure:20859: $? = 1
configure: failed program was:
| /* confdefs.h */
| #define PACKAGE_NAME "TrumpCoin Core"
| #define PACKAGE_TARNAME "trumpcoin"
| #define PACKAGE_VERSION "2.0.0"
| #define PACKAGE_STRING "TrumpCoin Core 2.0.0"
| #define PACKAGE_BUGREPORT "www.trumpcoin.org"
| #define PACKAGE_URL ""
| #define HAVE_CXX11 1
| #define STDC_HEADERS 1
| #define HAVE_SYS_TYPES_H 1
| #define HAVE_SYS_STAT_H 1
| #define HAVE_STDLIB_H 1
| #define HAVE_STRING_H 1
| #define HAVE_MEMORY_H 1
| #define HAVE_STRINGS_H 1
| #define HAVE_INTTYPES_H 1
| #define HAVE_STDINT_H 1
| #define HAVE_UNISTD_H 1
| #define HAVE_DLFCN_H 1
| #define LT_OBJDIR ".libs/"
| /* end confdefs.h.  */
| #include <sys/types.h>
| 		#include <sys/param.h>
| 
| int
| main ()
| {
| #if BYTE_ORDER != BIG_ENDIAN
| 		 not big endian
| 		#endif
| 
|   ;
|   return 0;
| }
configure:20987: result: no
configure:21188: checking whether gcc is Clang
configure:21213: result: yes
configure:21260: checking whether Clang needs flag to prevent "argument unused" warning when linking with -pthread
configure:21285: gcc -o conftest -Werror -Wunknown-warning-option  -pthread -g -O2 -I/usr/local/opt/openssl/include -DHAVE_BUILD_INFO -D__STDC_FORMAT_MACROS -I/usr/local/opt/berkeley-db@4/include -DMAC_OSX -L/usr/local/opt/openssl/lib -Wl,-headerpad_max_install_names conftest.c  -L/usr/local/opt/berkeley-db@4/lib >&5
configure:21285: $? = 0
configure:21291: (gcc -c -Werror -Wunknown-warning-option  -pthread -g -O2 -I/usr/local/opt/openssl/include -DHAVE_BUILD_INFO -D__STDC_FORMAT_MACROS -I/usr/local/opt/berkeley-db@4/include -DMAC_OSX conftest.c >&5) && (echo ==== >&5) && (gcc -o conftest -Werror -Wunknown-warning-option  -pthread -g -O2 -I/usr/local/opt/openssl/include -DHAVE_BUILD_INFO -D__STDC_FORMAT_MACROS -I/usr/local/opt/berkeley-db@4/include -DMAC_OSX -L/usr/local/opt/openssl/lib -Wl,-headerpad_max_install_names conftest.o  -L/usr/local/opt/berkeley-db@4/lib >&5)
====
configure:21291: $? = 0
configure:21309: result: no
configure:21458: checking for joinable pthread attribute
configure:21476: gcc -o conftest -g -O2 -pthread -I/usr/local/opt/openssl/include -DHAVE_BUILD_INFO -D__STDC_FORMAT_MACROS -I/usr/local/opt/berkeley-db@4/include -DMAC_OSX -L/usr/local/opt/openssl/lib -Wl,-headerpad_max_install_names conftest.c   -L/usr/local/opt/berkeley-db@4/lib >&5
configure:21476: $? = 0
configure:21484: result: PTHREAD_CREATE_JOINABLE
configure:21498: checking whether more special flags are required for pthreads
configure:21511: result: no
configure:21519: checking for PTHREAD_PRIO_INHERIT
configure:21535: gcc -o conftest -g -O2 -pthread -I/usr/local/opt/openssl/include -DHAVE_BUILD_INFO -D__STDC_FORMAT_MACROS -I/usr/local/opt/berkeley-db@4/include -DMAC_OSX -L/usr/local/opt/openssl/lib -Wl,-headerpad_max_install_names conftest.c   -L/usr/local/opt/berkeley-db@4/lib >&5
configure:21535: $? = 0
configure:21544: result: yes
configure:21657: checking for special C compiler options needed for large files
configure:21702: result: no
configure:21708: checking for _FILE_OFFSET_BITS value needed for large files
configure:21733: g++ -std=c++11 -c -g -O2 -Wall -Wextra -Wformat -Wvla -Wformat-security -Wthread-safety-analysis -Wno-unused-parameter -Wno-self-assign -Wno-unused-local-typedef -Wno-deprecated-register -Wno-implicit-fallthrough -I/usr/local/opt/openssl/include -DHAVE_BUILD_INFO -D__STDC_FORMAT_MACROS -I/usr/local/opt/berkeley-db@4/include -DMAC_OSX conftest.cpp >&5
configure:21733: $? = 0
configure:21765: result: no
configure:21851: checking whether strerror_r is declared
configure:21851: g++ -std=c++11 -c -g -O2 -Wall -Wextra -Wformat -Wvla -Wformat-security -Wthread-safety-analysis -Wno-unused-parameter -Wno-self-assign -Wno-unused-local-typedef -Wno-deprecated-register -Wno-implicit-fallthrough -I/usr/local/opt/openssl/include -DHAVE_BUILD_INFO -D__STDC_FORMAT_MACROS -I/usr/local/opt/berkeley-db@4/include -DMAC_OSX conftest.cpp >&5
configure:21851: $? = 0
configure:21851: result: yes
configure:21864: checking for strerror_r
configure:21864: g++ -std=c++11 -o conftest -g -O2 -Wall -Wextra -Wformat -Wvla -Wformat-security -Wthread-safety-analysis -Wno-unused-parameter -Wno-self-assign -Wno-unused-local-typedef -Wno-deprecated-register -Wno-implicit-fallthrough -I/usr/local/opt/openssl/include -DHAVE_BUILD_INFO -D__STDC_FORMAT_MACROS -I/usr/local/opt/berkeley-db@4/include -DMAC_OSX -L/usr/local/opt/openssl/lib -Wl,-headerpad_max_install_names conftest.cpp  -L/usr/local/opt/berkeley-db@4/lib >&5
configure:21864: $? = 0
configure:21864: result: yes
configure:21873: checking whether strerror_r returns char *
configure:21897: g++ -std=c++11 -c -g -O2 -Wall -Wextra -Wformat -Wvla -Wformat-security -Wthread-safety-analysis -Wno-unused-parameter -Wno-self-assign -Wno-unused-local-typedef -Wno-deprecated-register -Wno-implicit-fallthrough -I/usr/local/opt/openssl/include -DHAVE_BUILD_INFO -D__STDC_FORMAT_MACROS -I/usr/local/opt/berkeley-db@4/include -DMAC_OSX conftest.cpp >&5
conftest.cpp:64:13: error: indirection requires pointer operand ('int' invalid)
          char x = *strerror_r (0, buf, sizeof buf);
                   ^~~~~~~~~~~~~~~~~~~~~~~~~~~~~~~~
conftest.cpp:65:10: error: cannot initialize a variable of type 'char *' with an rvalue of type 'int'
          char *p = strerror_r (0, buf, sizeof buf);
                ^   ~~~~~~~~~~~~~~~~~~~~~~~~~~~~~~~
2 errors generated.
configure:21897: $? = 1
configure: failed program was:
| /* confdefs.h */
| #define PACKAGE_NAME "TrumpCoin Core"
| #define PACKAGE_TARNAME "trumpcoin"
| #define PACKAGE_VERSION "2.0.0"
| #define PACKAGE_STRING "TrumpCoin Core 2.0.0"
| #define PACKAGE_BUGREPORT "www.trumpcoin.org"
| #define PACKAGE_URL ""
| #define HAVE_CXX11 1
| #define STDC_HEADERS 1
| #define HAVE_SYS_TYPES_H 1
| #define HAVE_SYS_STAT_H 1
| #define HAVE_STDLIB_H 1
| #define HAVE_STRING_H 1
| #define HAVE_MEMORY_H 1
| #define HAVE_STRINGS_H 1
| #define HAVE_INTTYPES_H 1
| #define HAVE_STDINT_H 1
| #define HAVE_UNISTD_H 1
| #define HAVE_DLFCN_H 1
| #define LT_OBJDIR ".libs/"
| #define HAVE_PTHREAD_PRIO_INHERIT 1
| #define HAVE_PTHREAD 1
| #define HAVE_DECL_STRERROR_R 1
| #define HAVE_STRERROR_R 1
| /* end confdefs.h.  */
| #include <stdio.h>
| #ifdef HAVE_SYS_TYPES_H
| # include <sys/types.h>
| #endif
| #ifdef HAVE_SYS_STAT_H
| # include <sys/stat.h>
| #endif
| #ifdef STDC_HEADERS
| # include <stdlib.h>
| # include <stddef.h>
| #else
| # ifdef HAVE_STDLIB_H
| #  include <stdlib.h>
| # endif
| #endif
| #ifdef HAVE_STRING_H
| # if !defined STDC_HEADERS && defined HAVE_MEMORY_H
| #  include <memory.h>
| # endif
| # include <string.h>
| #endif
| #ifdef HAVE_STRINGS_H
| # include <strings.h>
| #endif
| #ifdef HAVE_INTTYPES_H
| # include <inttypes.h>
| #endif
| #ifdef HAVE_STDINT_H
| # include <stdint.h>
| #endif
| #ifdef HAVE_UNISTD_H
| # include <unistd.h>
| #endif
| int
| main ()
| {
| 
| 	  char buf[100];
| 	  char x = *strerror_r (0, buf, sizeof buf);
| 	  char *p = strerror_r (0, buf, sizeof buf);
| 	  return !p || x;
| 
|   ;
|   return 0;
| }
configure:21935: result: no
configure:21956: checking whether the linker accepts -Wl,--large-address-aware
configure:21975: g++ -std=c++11 -o conftest -g -O2 -Wall -Wextra -Wformat -Wvla -Wformat-security -Wthread-safety-analysis -Wno-unused-parameter -Wno-self-assign -Wno-unused-local-typedef -Wno-deprecated-register -Wno-implicit-fallthrough -I/usr/local/opt/openssl/include -DHAVE_BUILD_INFO -D__STDC_FORMAT_MACROS -I/usr/local/opt/berkeley-db@4/include -DMAC_OSX -L/usr/local/opt/openssl/lib -Wl,-headerpad_max_install_names  -Wl,--large-address-aware conftest.cpp  -L/usr/local/opt/berkeley-db@4/lib >&5
ld: unknown option: --large-address-aware
clang: error: linker command failed with exit code 1 (use -v to see invocation)
configure:21975: $? = 1
configure: failed program was:
| /* confdefs.h */
| #define PACKAGE_NAME "TrumpCoin Core"
| #define PACKAGE_TARNAME "trumpcoin"
| #define PACKAGE_VERSION "2.0.0"
| #define PACKAGE_STRING "TrumpCoin Core 2.0.0"
| #define PACKAGE_BUGREPORT "www.trumpcoin.org"
| #define PACKAGE_URL ""
| #define HAVE_CXX11 1
| #define STDC_HEADERS 1
| #define HAVE_SYS_TYPES_H 1
| #define HAVE_SYS_STAT_H 1
| #define HAVE_STDLIB_H 1
| #define HAVE_STRING_H 1
| #define HAVE_MEMORY_H 1
| #define HAVE_STRINGS_H 1
| #define HAVE_INTTYPES_H 1
| #define HAVE_STDINT_H 1
| #define HAVE_UNISTD_H 1
| #define HAVE_DLFCN_H 1
| #define LT_OBJDIR ".libs/"
| #define HAVE_PTHREAD_PRIO_INHERIT 1
| #define HAVE_PTHREAD 1
| #define HAVE_DECL_STRERROR_R 1
| #define HAVE_STRERROR_R 1
| /* end confdefs.h.  */
| 
| int
| main ()
| {
| 
|   ;
|   return 0;
| }
configure:21984: result: no
configure:21996: checking for __attribute__((visibility))
configure:22020: g++ -std=c++11 -o conftest -g -O2 -Wall -Wextra -Wformat -Wvla -Wformat-security -Wthread-safety-analysis -Wno-unused-parameter -Wno-self-assign -Wno-unused-local-typedef -Wno-deprecated-register -Wno-implicit-fallthrough -I/usr/local/opt/openssl/include -DHAVE_BUILD_INFO -D__STDC_FORMAT_MACROS -I/usr/local/opt/berkeley-db@4/include -DMAC_OSX -L/usr/local/opt/openssl/lib -Wl,-headerpad_max_install_names conftest.cpp  -L/usr/local/opt/berkeley-db@4/lib >&5
conftest.cpp:31:56: warning: target does not support 'protected' visibility; using 'default' [-Wunsupported-visibility]
                    int foo_pro( void ) __attribute__((visibility("protected")));
                                                       ^
1 warning generated.
configure:22020: $? = 0
configure:22033: result: no
configure:22049: checking for __attribute__((dllexport))
configure:22070: g++ -std=c++11 -o conftest -g -O2 -Wall -Wextra -Wformat -Wvla -Wformat-security -Wthread-safety-analysis -Wno-unused-parameter -Wno-self-assign -Wno-unused-local-typedef -Wno-deprecated-register -Wno-implicit-fallthrough -I/usr/local/opt/openssl/include -DHAVE_BUILD_INFO -D__STDC_FORMAT_MACROS -I/usr/local/opt/berkeley-db@4/include -DMAC_OSX -L/usr/local/opt/openssl/lib -Wl,-headerpad_max_install_names conftest.cpp  -L/usr/local/opt/berkeley-db@4/lib >&5
conftest.cpp:28:36: warning: unknown attribute 'dllexport' ignored [-Wunknown-attributes]
                    __attribute__((dllexport)) int foo( void ) { return 0; }
                                   ^
1 warning generated.
configure:22070: $? = 0
configure:22083: result: no
configure:22099: checking for __attribute__((dllimport))
configure:22120: g++ -std=c++11 -o conftest -g -O2 -Wall -Wextra -Wformat -Wvla -Wformat-security -Wthread-safety-analysis -Wno-unused-parameter -Wno-self-assign -Wno-unused-local-typedef -Wno-deprecated-register -Wno-implicit-fallthrough -I/usr/local/opt/openssl/include -DHAVE_BUILD_INFO -D__STDC_FORMAT_MACROS -I/usr/local/opt/berkeley-db@4/include -DMAC_OSX -L/usr/local/opt/openssl/lib -Wl,-headerpad_max_install_names conftest.cpp  -L/usr/local/opt/berkeley-db@4/lib >&5
conftest.cpp:28:52: warning: unknown attribute 'dllimport' ignored [-Wunknown-attributes]
                    int foo( void ) __attribute__((dllimport));
                                                   ^
1 warning generated.
configure:22120: $? = 0
configure:22133: result: no
configure:22233: checking for library containing clock_gettime
configure:22264: g++ -std=c++11 -o conftest -g -O2 -Wall -Wextra -Wformat -Wvla -Wformat-security -Wthread-safety-analysis -Wno-unused-parameter -Wno-self-assign -Wno-unused-local-typedef -Wno-deprecated-register -Wno-implicit-fallthrough -I/usr/local/opt/openssl/include -DHAVE_BUILD_INFO -D__STDC_FORMAT_MACROS -I/usr/local/opt/berkeley-db@4/include -DMAC_OSX -L/usr/local/opt/openssl/lib -Wl,-headerpad_max_install_names conftest.cpp  -L/usr/local/opt/berkeley-db@4/lib >&5
configure:22264: $? = 0
configure:22281: result: none required
configure:22293: checking whether C++ compiler accepts -fPIC
configure:22312: g++ -std=c++11 -c -g -O2 -Wall -Wextra -Wformat -Wvla -Wformat-security -Wthread-safety-analysis -Wno-unused-parameter -Wno-self-assign -Wno-unused-local-typedef -Wno-deprecated-register -Wno-implicit-fallthrough  -fPIC -I/usr/local/opt/openssl/include -DHAVE_BUILD_INFO -D__STDC_FORMAT_MACROS -I/usr/local/opt/berkeley-db@4/include -DMAC_OSX conftest.cpp >&5
configure:22312: $? = 0
configure:22320: result: yes
configure:22331: checking whether C++ compiler accepts -Wstack-protector
configure:22350: g++ -std=c++11 -c -g -O2 -Wall -Wextra -Wformat -Wvla -Wformat-security -Wthread-safety-analysis -Wno-unused-parameter -Wno-self-assign -Wno-unused-local-typedef -Wno-deprecated-register -Wno-implicit-fallthrough  -Wstack-protector -I/usr/local/opt/openssl/include -DHAVE_BUILD_INFO -D__STDC_FORMAT_MACROS -I/usr/local/opt/berkeley-db@4/include -DMAC_OSX conftest.cpp >&5
configure:22350: $? = 0
configure:22358: result: yes
configure:22366: checking whether C++ compiler accepts -fstack-protector-all
configure:22385: g++ -std=c++11 -c -g -O2 -Wall -Wextra -Wformat -Wvla -Wformat-security -Wthread-safety-analysis -Wno-unused-parameter -Wno-self-assign -Wno-unused-local-typedef -Wno-deprecated-register -Wno-implicit-fallthrough  -fstack-protector-all -I/usr/local/opt/openssl/include -DHAVE_BUILD_INFO -D__STDC_FORMAT_MACROS -I/usr/local/opt/berkeley-db@4/include -DMAC_OSX conftest.cpp >&5
configure:22385: $? = 0
configure:22393: result: yes
configure:22403: checking whether C++ preprocessor accepts -D_FORTIFY_SOURCE=2
configure:22422: g++ -std=c++11 -E -I/usr/local/opt/openssl/include -DHAVE_BUILD_INFO -D__STDC_FORMAT_MACROS -I/usr/local/opt/berkeley-db@4/include -DMAC_OSX  -D_FORTIFY_SOURCE=2 conftest.cpp
configure:22422: $? = 0
configure:22430: result: yes
configure:22434: checking whether C++ preprocessor accepts -U_FORTIFY_SOURCE
configure:22453: g++ -std=c++11 -E -I/usr/local/opt/openssl/include -DHAVE_BUILD_INFO -D__STDC_FORMAT_MACROS -I/usr/local/opt/berkeley-db@4/include -DMAC_OSX  -U_FORTIFY_SOURCE conftest.cpp
configure:22453: $? = 0
configure:22461: result: yes
configure:22478: checking whether the linker accepts -Wl,--dynamicbase
configure:22497: g++ -std=c++11 -o conftest -g -O2 -Wall -Wextra -Wformat -Wvla -Wformat-security -Wthread-safety-analysis -Wno-unused-parameter -Wno-self-assign -Wno-unused-local-typedef -Wno-deprecated-register -Wno-implicit-fallthrough -I/usr/local/opt/openssl/include -DHAVE_BUILD_INFO -D__STDC_FORMAT_MACROS -I/usr/local/opt/berkeley-db@4/include -DMAC_OSX -L/usr/local/opt/openssl/lib -Wl,-headerpad_max_install_names  -Wl,--dynamicbase conftest.cpp  -L/usr/local/opt/berkeley-db@4/lib >&5
ld: unknown option: --dynamicbase
clang: error: linker command failed with exit code 1 (use -v to see invocation)
configure:22497: $? = 1
configure: failed program was:
| /* confdefs.h */
| #define PACKAGE_NAME "TrumpCoin Core"
| #define PACKAGE_TARNAME "trumpcoin"
| #define PACKAGE_VERSION "2.0.0"
| #define PACKAGE_STRING "TrumpCoin Core 2.0.0"
| #define PACKAGE_BUGREPORT "www.trumpcoin.org"
| #define PACKAGE_URL ""
| #define HAVE_CXX11 1
| #define STDC_HEADERS 1
| #define HAVE_SYS_TYPES_H 1
| #define HAVE_SYS_STAT_H 1
| #define HAVE_STDLIB_H 1
| #define HAVE_STRING_H 1
| #define HAVE_MEMORY_H 1
| #define HAVE_STRINGS_H 1
| #define HAVE_INTTYPES_H 1
| #define HAVE_STDINT_H 1
| #define HAVE_UNISTD_H 1
| #define HAVE_DLFCN_H 1
| #define LT_OBJDIR ".libs/"
| #define HAVE_PTHREAD_PRIO_INHERIT 1
| #define HAVE_PTHREAD 1
| #define HAVE_DECL_STRERROR_R 1
| #define HAVE_STRERROR_R 1
| /* end confdefs.h.  */
| 
| int
| main ()
| {
| 
|   ;
|   return 0;
| }
configure:22506: result: no
configure:22514: checking whether the linker accepts -Wl,--nxcompat
configure:22533: g++ -std=c++11 -o conftest -g -O2 -Wall -Wextra -Wformat -Wvla -Wformat-security -Wthread-safety-analysis -Wno-unused-parameter -Wno-self-assign -Wno-unused-local-typedef -Wno-deprecated-register -Wno-implicit-fallthrough -I/usr/local/opt/openssl/include -DHAVE_BUILD_INFO -D__STDC_FORMAT_MACROS -I/usr/local/opt/berkeley-db@4/include -DMAC_OSX -L/usr/local/opt/openssl/lib -Wl,-headerpad_max_install_names  -Wl,--nxcompat conftest.cpp  -L/usr/local/opt/berkeley-db@4/lib >&5
ld: unknown option: --nxcompat
clang: error: linker command failed with exit code 1 (use -v to see invocation)
configure:22533: $? = 1
configure: failed program was:
| /* confdefs.h */
| #define PACKAGE_NAME "TrumpCoin Core"
| #define PACKAGE_TARNAME "trumpcoin"
| #define PACKAGE_VERSION "2.0.0"
| #define PACKAGE_STRING "TrumpCoin Core 2.0.0"
| #define PACKAGE_BUGREPORT "www.trumpcoin.org"
| #define PACKAGE_URL ""
| #define HAVE_CXX11 1
| #define STDC_HEADERS 1
| #define HAVE_SYS_TYPES_H 1
| #define HAVE_SYS_STAT_H 1
| #define HAVE_STDLIB_H 1
| #define HAVE_STRING_H 1
| #define HAVE_MEMORY_H 1
| #define HAVE_STRINGS_H 1
| #define HAVE_INTTYPES_H 1
| #define HAVE_STDINT_H 1
| #define HAVE_UNISTD_H 1
| #define HAVE_DLFCN_H 1
| #define LT_OBJDIR ".libs/"
| #define HAVE_PTHREAD_PRIO_INHERIT 1
| #define HAVE_PTHREAD 1
| #define HAVE_DECL_STRERROR_R 1
| #define HAVE_STRERROR_R 1
| /* end confdefs.h.  */
| 
| int
| main ()
| {
| 
|   ;
|   return 0;
| }
configure:22542: result: no
configure:22550: checking whether the linker accepts -Wl,--high-entropy-va
configure:22569: g++ -std=c++11 -o conftest -g -O2 -Wall -Wextra -Wformat -Wvla -Wformat-security -Wthread-safety-analysis -Wno-unused-parameter -Wno-self-assign -Wno-unused-local-typedef -Wno-deprecated-register -Wno-implicit-fallthrough -I/usr/local/opt/openssl/include -DHAVE_BUILD_INFO -D__STDC_FORMAT_MACROS -I/usr/local/opt/berkeley-db@4/include -DMAC_OSX -L/usr/local/opt/openssl/lib -Wl,-headerpad_max_install_names  -Wl,--high-entropy-va conftest.cpp  -L/usr/local/opt/berkeley-db@4/lib >&5
ld: unknown option: --high-entropy-va
clang: error: linker command failed with exit code 1 (use -v to see invocation)
configure:22569: $? = 1
configure: failed program was:
| /* confdefs.h */
| #define PACKAGE_NAME "TrumpCoin Core"
| #define PACKAGE_TARNAME "trumpcoin"
| #define PACKAGE_VERSION "2.0.0"
| #define PACKAGE_STRING "TrumpCoin Core 2.0.0"
| #define PACKAGE_BUGREPORT "www.trumpcoin.org"
| #define PACKAGE_URL ""
| #define HAVE_CXX11 1
| #define STDC_HEADERS 1
| #define HAVE_SYS_TYPES_H 1
| #define HAVE_SYS_STAT_H 1
| #define HAVE_STDLIB_H 1
| #define HAVE_STRING_H 1
| #define HAVE_MEMORY_H 1
| #define HAVE_STRINGS_H 1
| #define HAVE_INTTYPES_H 1
| #define HAVE_STDINT_H 1
| #define HAVE_UNISTD_H 1
| #define HAVE_DLFCN_H 1
| #define LT_OBJDIR ".libs/"
| #define HAVE_PTHREAD_PRIO_INHERIT 1
| #define HAVE_PTHREAD 1
| #define HAVE_DECL_STRERROR_R 1
| #define HAVE_STRERROR_R 1
| /* end confdefs.h.  */
| 
| int
| main ()
| {
| 
|   ;
|   return 0;
| }
configure:22578: result: no
configure:22586: checking whether the linker accepts -Wl,-z,relro
configure:22605: g++ -std=c++11 -o conftest -g -O2 -Wall -Wextra -Wformat -Wvla -Wformat-security -Wthread-safety-analysis -Wno-unused-parameter -Wno-self-assign -Wno-unused-local-typedef -Wno-deprecated-register -Wno-implicit-fallthrough -I/usr/local/opt/openssl/include -DHAVE_BUILD_INFO -D__STDC_FORMAT_MACROS -I/usr/local/opt/berkeley-db@4/include -DMAC_OSX -L/usr/local/opt/openssl/lib -Wl,-headerpad_max_install_names  -Wl,-z,relro conftest.cpp  -L/usr/local/opt/berkeley-db@4/lib >&5
ld: unknown option: -z
clang: error: linker command failed with exit code 1 (use -v to see invocation)
configure:22605: $? = 1
configure: failed program was:
| /* confdefs.h */
| #define PACKAGE_NAME "TrumpCoin Core"
| #define PACKAGE_TARNAME "trumpcoin"
| #define PACKAGE_VERSION "2.0.0"
| #define PACKAGE_STRING "TrumpCoin Core 2.0.0"
| #define PACKAGE_BUGREPORT "www.trumpcoin.org"
| #define PACKAGE_URL ""
| #define HAVE_CXX11 1
| #define STDC_HEADERS 1
| #define HAVE_SYS_TYPES_H 1
| #define HAVE_SYS_STAT_H 1
| #define HAVE_STDLIB_H 1
| #define HAVE_STRING_H 1
| #define HAVE_MEMORY_H 1
| #define HAVE_STRINGS_H 1
| #define HAVE_INTTYPES_H 1
| #define HAVE_STDINT_H 1
| #define HAVE_UNISTD_H 1
| #define HAVE_DLFCN_H 1
| #define LT_OBJDIR ".libs/"
| #define HAVE_PTHREAD_PRIO_INHERIT 1
| #define HAVE_PTHREAD 1
| #define HAVE_DECL_STRERROR_R 1
| #define HAVE_STRERROR_R 1
| /* end confdefs.h.  */
| 
| int
| main ()
| {
| 
|   ;
|   return 0;
| }
configure:22614: result: no
configure:22622: checking whether the linker accepts -Wl,-z,now
configure:22641: g++ -std=c++11 -o conftest -g -O2 -Wall -Wextra -Wformat -Wvla -Wformat-security -Wthread-safety-analysis -Wno-unused-parameter -Wno-self-assign -Wno-unused-local-typedef -Wno-deprecated-register -Wno-implicit-fallthrough -I/usr/local/opt/openssl/include -DHAVE_BUILD_INFO -D__STDC_FORMAT_MACROS -I/usr/local/opt/berkeley-db@4/include -DMAC_OSX -L/usr/local/opt/openssl/lib -Wl,-headerpad_max_install_names  -Wl,-z,now conftest.cpp  -L/usr/local/opt/berkeley-db@4/lib >&5
ld: unknown option: -z
clang: error: linker command failed with exit code 1 (use -v to see invocation)
configure:22641: $? = 1
configure: failed program was:
| /* confdefs.h */
| #define PACKAGE_NAME "TrumpCoin Core"
| #define PACKAGE_TARNAME "trumpcoin"
| #define PACKAGE_VERSION "2.0.0"
| #define PACKAGE_STRING "TrumpCoin Core 2.0.0"
| #define PACKAGE_BUGREPORT "www.trumpcoin.org"
| #define PACKAGE_URL ""
| #define HAVE_CXX11 1
| #define STDC_HEADERS 1
| #define HAVE_SYS_TYPES_H 1
| #define HAVE_SYS_STAT_H 1
| #define HAVE_STDLIB_H 1
| #define HAVE_STRING_H 1
| #define HAVE_MEMORY_H 1
| #define HAVE_STRINGS_H 1
| #define HAVE_INTTYPES_H 1
| #define HAVE_STDINT_H 1
| #define HAVE_UNISTD_H 1
| #define HAVE_DLFCN_H 1
| #define LT_OBJDIR ".libs/"
| #define HAVE_PTHREAD_PRIO_INHERIT 1
| #define HAVE_PTHREAD 1
| #define HAVE_DECL_STRERROR_R 1
| #define HAVE_STRERROR_R 1
| /* end confdefs.h.  */
| 
| int
| main ()
| {
| 
|   ;
|   return 0;
| }
configure:22650: result: no
configure:22660: checking whether C++ compiler accepts -fPIC
configure:22687: result: yes
configure:22695: checking whether the linker accepts -pic
configure:22714: g++ -std=c++11 -o conftest -g -O2 -Wall -Wextra -Wformat -Wvla -Wformat-security -Wthread-safety-analysis -Wno-unused-parameter -Wno-self-assign -Wno-unused-local-typedef -Wno-deprecated-register -Wno-implicit-fallthrough -I/usr/local/opt/openssl/include -DHAVE_BUILD_INFO -D__STDC_FORMAT_MACROS -I/usr/local/opt/berkeley-db@4/include -DMAC_OSX -L/usr/local/opt/openssl/lib -Wl,-headerpad_max_install_names  -pic conftest.cpp  -L/usr/local/opt/berkeley-db@4/lib >&5
clang: error: unknown argument: '-pic'
configure:22714: $? = 1
configure: failed program was:
| /* confdefs.h */
| #define PACKAGE_NAME "TrumpCoin Core"
| #define PACKAGE_TARNAME "trumpcoin"
| #define PACKAGE_VERSION "2.0.0"
| #define PACKAGE_STRING "TrumpCoin Core 2.0.0"
| #define PACKAGE_BUGREPORT "www.trumpcoin.org"
| #define PACKAGE_URL ""
| #define HAVE_CXX11 1
| #define STDC_HEADERS 1
| #define HAVE_SYS_TYPES_H 1
| #define HAVE_SYS_STAT_H 1
| #define HAVE_STDLIB_H 1
| #define HAVE_STRING_H 1
| #define HAVE_MEMORY_H 1
| #define HAVE_STRINGS_H 1
| #define HAVE_INTTYPES_H 1
| #define HAVE_STDINT_H 1
| #define HAVE_UNISTD_H 1
| #define HAVE_DLFCN_H 1
| #define LT_OBJDIR ".libs/"
| #define HAVE_PTHREAD_PRIO_INHERIT 1
| #define HAVE_PTHREAD 1
| #define HAVE_DECL_STRERROR_R 1
| #define HAVE_STRERROR_R 1
| /* end confdefs.h.  */
| 
| int
| main ()
| {
| 
|   ;
|   return 0;
| }
configure:22723: result: no
configure:22781: checking whether the linker accepts -Wl,-dead_strip
configure:22800: g++ -std=c++11 -o conftest -g -O2 -Wall -Wextra -Wformat -Wvla -Wformat-security -Wthread-safety-analysis -Wno-unused-parameter -Wno-self-assign -Wno-unused-local-typedef -Wno-deprecated-register -Wno-implicit-fallthrough -I/usr/local/opt/openssl/include -DHAVE_BUILD_INFO -D__STDC_FORMAT_MACROS -I/usr/local/opt/berkeley-db@4/include -DMAC_OSX -L/usr/local/opt/openssl/lib -Wl,-headerpad_max_install_names  -Wl,-dead_strip conftest.cpp  -L/usr/local/opt/berkeley-db@4/lib >&5
configure:22800: $? = 0
configure:22809: result: yes
configure:22822: checking endian.h usability
configure:22822: g++ -std=c++11 -c -g -O2 -Wall -Wextra -Wformat -Wvla -Wformat-security -Wthread-safety-analysis -Wno-unused-parameter -Wno-self-assign -Wno-unused-local-typedef -Wno-deprecated-register -Wno-implicit-fallthrough -I/usr/local/opt/openssl/include -DHAVE_BUILD_INFO -D__STDC_FORMAT_MACROS -I/usr/local/opt/berkeley-db@4/include -DMAC_OSX conftest.cpp >&5
conftest.cpp:59:10: fatal error: 'endian.h' file not found
#include <endian.h>
         ^~~~~~~~~~
1 error generated.
configure:22822: $? = 1
configure: failed program was:
| /* confdefs.h */
| #define PACKAGE_NAME "TrumpCoin Core"
| #define PACKAGE_TARNAME "trumpcoin"
| #define PACKAGE_VERSION "2.0.0"
| #define PACKAGE_STRING "TrumpCoin Core 2.0.0"
| #define PACKAGE_BUGREPORT "www.trumpcoin.org"
| #define PACKAGE_URL ""
| #define HAVE_CXX11 1
| #define STDC_HEADERS 1
| #define HAVE_SYS_TYPES_H 1
| #define HAVE_SYS_STAT_H 1
| #define HAVE_STDLIB_H 1
| #define HAVE_STRING_H 1
| #define HAVE_MEMORY_H 1
| #define HAVE_STRINGS_H 1
| #define HAVE_INTTYPES_H 1
| #define HAVE_STDINT_H 1
| #define HAVE_UNISTD_H 1
| #define HAVE_DLFCN_H 1
| #define LT_OBJDIR ".libs/"
| #define HAVE_PTHREAD_PRIO_INHERIT 1
| #define HAVE_PTHREAD 1
| #define HAVE_DECL_STRERROR_R 1
| #define HAVE_STRERROR_R 1
| /* end confdefs.h.  */
| #include <stdio.h>
| #ifdef HAVE_SYS_TYPES_H
| # include <sys/types.h>
| #endif
| #ifdef HAVE_SYS_STAT_H
| # include <sys/stat.h>
| #endif
| #ifdef STDC_HEADERS
| # include <stdlib.h>
| # include <stddef.h>
| #else
| # ifdef HAVE_STDLIB_H
| #  include <stdlib.h>
| # endif
| #endif
| #ifdef HAVE_STRING_H
| # if !defined STDC_HEADERS && defined HAVE_MEMORY_H
| #  include <memory.h>
| # endif
| # include <string.h>
| #endif
| #ifdef HAVE_STRINGS_H
| # include <strings.h>
| #endif
| #ifdef HAVE_INTTYPES_H
| # include <inttypes.h>
| #endif
| #ifdef HAVE_STDINT_H
| # include <stdint.h>
| #endif
| #ifdef HAVE_UNISTD_H
| # include <unistd.h>
| #endif
| #include <endian.h>
configure:22822: result: no
configure:22822: checking endian.h presence
configure:22822: g++ -std=c++11 -E -I/usr/local/opt/openssl/include -DHAVE_BUILD_INFO -D__STDC_FORMAT_MACROS -I/usr/local/opt/berkeley-db@4/include -DMAC_OSX conftest.cpp
conftest.cpp:26:10: fatal error: 'endian.h' file not found
#include <endian.h>
         ^~~~~~~~~~
1 error generated.
configure:22822: $? = 1
configure: failed program was:
| /* confdefs.h */
| #define PACKAGE_NAME "TrumpCoin Core"
| #define PACKAGE_TARNAME "trumpcoin"
| #define PACKAGE_VERSION "2.0.0"
| #define PACKAGE_STRING "TrumpCoin Core 2.0.0"
| #define PACKAGE_BUGREPORT "www.trumpcoin.org"
| #define PACKAGE_URL ""
| #define HAVE_CXX11 1
| #define STDC_HEADERS 1
| #define HAVE_SYS_TYPES_H 1
| #define HAVE_SYS_STAT_H 1
| #define HAVE_STDLIB_H 1
| #define HAVE_STRING_H 1
| #define HAVE_MEMORY_H 1
| #define HAVE_STRINGS_H 1
| #define HAVE_INTTYPES_H 1
| #define HAVE_STDINT_H 1
| #define HAVE_UNISTD_H 1
| #define HAVE_DLFCN_H 1
| #define LT_OBJDIR ".libs/"
| #define HAVE_PTHREAD_PRIO_INHERIT 1
| #define HAVE_PTHREAD 1
| #define HAVE_DECL_STRERROR_R 1
| #define HAVE_STRERROR_R 1
| /* end confdefs.h.  */
| #include <endian.h>
configure:22822: result: no
configure:22822: checking for endian.h
configure:22822: result: no
configure:22822: checking stdio.h usability
configure:22822: g++ -std=c++11 -c -g -O2 -Wall -Wextra -Wformat -Wvla -Wformat-security -Wthread-safety-analysis -Wno-unused-parameter -Wno-self-assign -Wno-unused-local-typedef -Wno-deprecated-register -Wno-implicit-fallthrough -I/usr/local/opt/openssl/include -DHAVE_BUILD_INFO -D__STDC_FORMAT_MACROS -I/usr/local/opt/berkeley-db@4/include -DMAC_OSX conftest.cpp >&5
configure:22822: $? = 0
configure:22822: result: yes
configure:22822: checking stdio.h presence
configure:22822: g++ -std=c++11 -E -I/usr/local/opt/openssl/include -DHAVE_BUILD_INFO -D__STDC_FORMAT_MACROS -I/usr/local/opt/berkeley-db@4/include -DMAC_OSX conftest.cpp
configure:22822: $? = 0
configure:22822: result: yes
configure:22822: checking for stdio.h
configure:22822: result: yes
configure:22822: checking for stdlib.h
configure:22822: result: yes
configure:22822: checking for unistd.h
configure:22822: result: yes
configure:22822: checking for strings.h
configure:22822: result: yes
configure:22822: checking for sys/types.h
configure:22822: result: yes
configure:22822: checking for sys/stat.h
configure:22822: result: yes
configure:22822: checking sys/select.h usability
configure:22822: g++ -std=c++11 -c -g -O2 -Wall -Wextra -Wformat -Wvla -Wformat-security -Wthread-safety-analysis -Wno-unused-parameter -Wno-self-assign -Wno-unused-local-typedef -Wno-deprecated-register -Wno-implicit-fallthrough -I/usr/local/opt/openssl/include -DHAVE_BUILD_INFO -D__STDC_FORMAT_MACROS -I/usr/local/opt/berkeley-db@4/include -DMAC_OSX conftest.cpp >&5
configure:22822: $? = 0
configure:22822: result: yes
configure:22822: checking sys/select.h presence
configure:22822: g++ -std=c++11 -E -I/usr/local/opt/openssl/include -DHAVE_BUILD_INFO -D__STDC_FORMAT_MACROS -I/usr/local/opt/berkeley-db@4/include -DMAC_OSX conftest.cpp
configure:22822: $? = 0
configure:22822: result: yes
configure:22822: checking for sys/select.h
configure:22822: result: yes
configure:22822: checking sys/prctl.h usability
configure:22822: g++ -std=c++11 -c -g -O2 -Wall -Wextra -Wformat -Wvla -Wformat-security -Wthread-safety-analysis -Wno-unused-parameter -Wno-self-assign -Wno-unused-local-typedef -Wno-deprecated-register -Wno-implicit-fallthrough -I/usr/local/opt/openssl/include -DHAVE_BUILD_INFO -D__STDC_FORMAT_MACROS -I/usr/local/opt/berkeley-db@4/include -DMAC_OSX conftest.cpp >&5
conftest.cpp:66:10: fatal error: 'sys/prctl.h' file not found
#include <sys/prctl.h>
         ^~~~~~~~~~~~~
1 error generated.
configure:22822: $? = 1
configure: failed program was:
| /* confdefs.h */
| #define PACKAGE_NAME "TrumpCoin Core"
| #define PACKAGE_TARNAME "trumpcoin"
| #define PACKAGE_VERSION "2.0.0"
| #define PACKAGE_STRING "TrumpCoin Core 2.0.0"
| #define PACKAGE_BUGREPORT "www.trumpcoin.org"
| #define PACKAGE_URL ""
| #define HAVE_CXX11 1
| #define STDC_HEADERS 1
| #define HAVE_SYS_TYPES_H 1
| #define HAVE_SYS_STAT_H 1
| #define HAVE_STDLIB_H 1
| #define HAVE_STRING_H 1
| #define HAVE_MEMORY_H 1
| #define HAVE_STRINGS_H 1
| #define HAVE_INTTYPES_H 1
| #define HAVE_STDINT_H 1
| #define HAVE_UNISTD_H 1
| #define HAVE_DLFCN_H 1
| #define LT_OBJDIR ".libs/"
| #define HAVE_PTHREAD_PRIO_INHERIT 1
| #define HAVE_PTHREAD 1
| #define HAVE_DECL_STRERROR_R 1
| #define HAVE_STRERROR_R 1
| #define HAVE_STDIO_H 1
| #define HAVE_STDLIB_H 1
| #define HAVE_UNISTD_H 1
| #define HAVE_STRINGS_H 1
| #define HAVE_SYS_TYPES_H 1
| #define HAVE_SYS_STAT_H 1
| #define HAVE_SYS_SELECT_H 1
| /* end confdefs.h.  */
| #include <stdio.h>
| #ifdef HAVE_SYS_TYPES_H
| # include <sys/types.h>
| #endif
| #ifdef HAVE_SYS_STAT_H
| # include <sys/stat.h>
| #endif
| #ifdef STDC_HEADERS
| # include <stdlib.h>
| # include <stddef.h>
| #else
| # ifdef HAVE_STDLIB_H
| #  include <stdlib.h>
| # endif
| #endif
| #ifdef HAVE_STRING_H
| # if !defined STDC_HEADERS && defined HAVE_MEMORY_H
| #  include <memory.h>
| # endif
| # include <string.h>
| #endif
| #ifdef HAVE_STRINGS_H
| # include <strings.h>
| #endif
| #ifdef HAVE_INTTYPES_H
| # include <inttypes.h>
| #endif
| #ifdef HAVE_STDINT_H
| # include <stdint.h>
| #endif
| #ifdef HAVE_UNISTD_H
| # include <unistd.h>
| #endif
| #include <sys/prctl.h>
configure:22822: result: no
configure:22822: checking sys/prctl.h presence
configure:22822: g++ -std=c++11 -E -I/usr/local/opt/openssl/include -DHAVE_BUILD_INFO -D__STDC_FORMAT_MACROS -I/usr/local/opt/berkeley-db@4/include -DMAC_OSX conftest.cpp
conftest.cpp:33:10: fatal error: 'sys/prctl.h' file not found
#include <sys/prctl.h>
         ^~~~~~~~~~~~~
1 error generated.
configure:22822: $? = 1
configure: failed program was:
| /* confdefs.h */
| #define PACKAGE_NAME "TrumpCoin Core"
| #define PACKAGE_TARNAME "trumpcoin"
| #define PACKAGE_VERSION "2.0.0"
| #define PACKAGE_STRING "TrumpCoin Core 2.0.0"
| #define PACKAGE_BUGREPORT "www.trumpcoin.org"
| #define PACKAGE_URL ""
| #define HAVE_CXX11 1
| #define STDC_HEADERS 1
| #define HAVE_SYS_TYPES_H 1
| #define HAVE_SYS_STAT_H 1
| #define HAVE_STDLIB_H 1
| #define HAVE_STRING_H 1
| #define HAVE_MEMORY_H 1
| #define HAVE_STRINGS_H 1
| #define HAVE_INTTYPES_H 1
| #define HAVE_STDINT_H 1
| #define HAVE_UNISTD_H 1
| #define HAVE_DLFCN_H 1
| #define LT_OBJDIR ".libs/"
| #define HAVE_PTHREAD_PRIO_INHERIT 1
| #define HAVE_PTHREAD 1
| #define HAVE_DECL_STRERROR_R 1
| #define HAVE_STRERROR_R 1
| #define HAVE_STDIO_H 1
| #define HAVE_STDLIB_H 1
| #define HAVE_UNISTD_H 1
| #define HAVE_STRINGS_H 1
| #define HAVE_SYS_TYPES_H 1
| #define HAVE_SYS_STAT_H 1
| #define HAVE_SYS_SELECT_H 1
| /* end confdefs.h.  */
| #include <sys/prctl.h>
configure:22822: result: no
configure:22822: checking for sys/prctl.h
configure:22822: result: no
configure:22832: checking for library containing getaddrinfo_a
configure:22863: g++ -std=c++11 -o conftest -g -O2 -Wall -Wextra -Wformat -Wvla -Wformat-security -Wthread-safety-analysis -Wno-unused-parameter -Wno-self-assign -Wno-unused-local-typedef -Wno-deprecated-register -Wno-implicit-fallthrough -I/usr/local/opt/openssl/include -DHAVE_BUILD_INFO -D__STDC_FORMAT_MACROS -I/usr/local/opt/berkeley-db@4/include -DMAC_OSX -L/usr/local/opt/openssl/lib -Wl,-headerpad_max_install_names -Wl,-dead_strip conftest.cpp  -L/usr/local/opt/berkeley-db@4/lib >&5
Undefined symbols for architecture x86_64:
  "_getaddrinfo_a", referenced from:
      _main in conftest-78ec4d.o
ld: symbol(s) not found for architecture x86_64
clang: error: linker command failed with exit code 1 (use -v to see invocation)
configure:22863: $? = 1
configure: failed program was:
| /* confdefs.h */
| #define PACKAGE_NAME "TrumpCoin Core"
| #define PACKAGE_TARNAME "trumpcoin"
| #define PACKAGE_VERSION "2.0.0"
| #define PACKAGE_STRING "TrumpCoin Core 2.0.0"
| #define PACKAGE_BUGREPORT "www.trumpcoin.org"
| #define PACKAGE_URL ""
| #define HAVE_CXX11 1
| #define STDC_HEADERS 1
| #define HAVE_SYS_TYPES_H 1
| #define HAVE_SYS_STAT_H 1
| #define HAVE_STDLIB_H 1
| #define HAVE_STRING_H 1
| #define HAVE_MEMORY_H 1
| #define HAVE_STRINGS_H 1
| #define HAVE_INTTYPES_H 1
| #define HAVE_STDINT_H 1
| #define HAVE_UNISTD_H 1
| #define HAVE_DLFCN_H 1
| #define LT_OBJDIR ".libs/"
| #define HAVE_PTHREAD_PRIO_INHERIT 1
| #define HAVE_PTHREAD 1
| #define HAVE_DECL_STRERROR_R 1
| #define HAVE_STRERROR_R 1
| #define HAVE_STDIO_H 1
| #define HAVE_STDLIB_H 1
| #define HAVE_UNISTD_H 1
| #define HAVE_STRINGS_H 1
| #define HAVE_SYS_TYPES_H 1
| #define HAVE_SYS_STAT_H 1
| #define HAVE_SYS_SELECT_H 1
| /* end confdefs.h.  */
| 
| /* Override any GCC internal prototype to avoid an error.
|    Use char because int might match the return type of a GCC
|    builtin and then its argument prototype would still apply.  */
| #ifdef __cplusplus
| extern "C"
| #endif
| char getaddrinfo_a ();
| int
| main ()
| {
| return getaddrinfo_a ();
|   ;
|   return 0;
| }
configure:22863: g++ -std=c++11 -o conftest -g -O2 -Wall -Wextra -Wformat -Wvla -Wformat-security -Wthread-safety-analysis -Wno-unused-parameter -Wno-self-assign -Wno-unused-local-typedef -Wno-deprecated-register -Wno-implicit-fallthrough -I/usr/local/opt/openssl/include -DHAVE_BUILD_INFO -D__STDC_FORMAT_MACROS -I/usr/local/opt/berkeley-db@4/include -DMAC_OSX -L/usr/local/opt/openssl/lib -Wl,-headerpad_max_install_names -Wl,-dead_strip conftest.cpp -lanl   -L/usr/local/opt/berkeley-db@4/lib >&5
ld: library not found for -lanl
clang: error: linker command failed with exit code 1 (use -v to see invocation)
configure:22863: $? = 1
configure: failed program was:
| /* confdefs.h */
| #define PACKAGE_NAME "TrumpCoin Core"
| #define PACKAGE_TARNAME "trumpcoin"
| #define PACKAGE_VERSION "2.0.0"
| #define PACKAGE_STRING "TrumpCoin Core 2.0.0"
| #define PACKAGE_BUGREPORT "www.trumpcoin.org"
| #define PACKAGE_URL ""
| #define HAVE_CXX11 1
| #define STDC_HEADERS 1
| #define HAVE_SYS_TYPES_H 1
| #define HAVE_SYS_STAT_H 1
| #define HAVE_STDLIB_H 1
| #define HAVE_STRING_H 1
| #define HAVE_MEMORY_H 1
| #define HAVE_STRINGS_H 1
| #define HAVE_INTTYPES_H 1
| #define HAVE_STDINT_H 1
| #define HAVE_UNISTD_H 1
| #define HAVE_DLFCN_H 1
| #define LT_OBJDIR ".libs/"
| #define HAVE_PTHREAD_PRIO_INHERIT 1
| #define HAVE_PTHREAD 1
| #define HAVE_DECL_STRERROR_R 1
| #define HAVE_STRERROR_R 1
| #define HAVE_STDIO_H 1
| #define HAVE_STDLIB_H 1
| #define HAVE_UNISTD_H 1
| #define HAVE_STRINGS_H 1
| #define HAVE_SYS_TYPES_H 1
| #define HAVE_SYS_STAT_H 1
| #define HAVE_SYS_SELECT_H 1
| /* end confdefs.h.  */
| 
| /* Override any GCC internal prototype to avoid an error.
|    Use char because int might match the return type of a GCC
|    builtin and then its argument prototype would still apply.  */
| #ifdef __cplusplus
| extern "C"
| #endif
| char getaddrinfo_a ();
| int
| main ()
| {
| return getaddrinfo_a ();
|   ;
|   return 0;
| }
configure:22880: result: no
configure:22890: checking for library containing inet_pton
configure:22921: g++ -std=c++11 -o conftest -g -O2 -Wall -Wextra -Wformat -Wvla -Wformat-security -Wthread-safety-analysis -Wno-unused-parameter -Wno-self-assign -Wno-unused-local-typedef -Wno-deprecated-register -Wno-implicit-fallthrough -I/usr/local/opt/openssl/include -DHAVE_BUILD_INFO -D__STDC_FORMAT_MACROS -I/usr/local/opt/berkeley-db@4/include -DMAC_OSX -L/usr/local/opt/openssl/lib -Wl,-headerpad_max_install_names -Wl,-dead_strip conftest.cpp  -L/usr/local/opt/berkeley-db@4/lib >&5
configure:22921: $? = 0
configure:22938: result: none required
configure:22949: checking whether strnlen is declared
configure:22949: g++ -std=c++11 -c -g -O2 -Wall -Wextra -Wformat -Wvla -Wformat-security -Wthread-safety-analysis -Wno-unused-parameter -Wno-self-assign -Wno-unused-local-typedef -Wno-deprecated-register -Wno-implicit-fallthrough -I/usr/local/opt/openssl/include -DHAVE_BUILD_INFO -D__STDC_FORMAT_MACROS -I/usr/local/opt/berkeley-db@4/include -DMAC_OSX conftest.cpp >&5
configure:22949: $? = 0
configure:22949: result: yes
configure:22962: checking whether daemon is declared
configure:22962: g++ -std=c++11 -c -g -O2 -Wall -Wextra -Wformat -Wvla -Wformat-security -Wthread-safety-analysis -Wno-unused-parameter -Wno-self-assign -Wno-unused-local-typedef -Wno-deprecated-register -Wno-implicit-fallthrough -I/usr/local/opt/openssl/include -DHAVE_BUILD_INFO -D__STDC_FORMAT_MACROS -I/usr/local/opt/berkeley-db@4/include -DMAC_OSX conftest.cpp >&5
conftest.cpp:73:10: warning: 'daemon' is deprecated: first deprecated in macOS 10.5 - Use posix_spawn APIs instead. [-Wdeprecated-declarations]
  (void) daemon;
         ^
/Applications/Xcode.app/Contents/Developer/Platforms/MacOSX.platform/Developer/SDKs/MacOSX10.14.sdk/usr/include/stdlib.h:293:6: note: 'daemon' has been explicitly marked deprecated here
int      daemon(int, int) __DARWIN_1050(daemon) __OSX_AVAILABLE_BUT_DEPRECATED_MSG(__MAC_10_0, __MAC_10_5, __IPHONE_2_0, __IPHONE_2_0, "Use posix_spawn APIs instead.") __WATCHOS_PROHIBITED __TVOS_PROHIBITED;
         ^
1 warning generated.
configure:22962: $? = 0
configure:22962: result: yes
configure:22974: checking whether le32toh is declared
configure:22974: g++ -std=c++11 -c -g -O2 -Wall -Wextra -Wformat -Wvla -Wformat-security -Wthread-safety-analysis -Wno-unused-parameter -Wno-self-assign -Wno-unused-local-typedef -Wno-deprecated-register -Wno-implicit-fallthrough -I/usr/local/opt/openssl/include -DHAVE_BUILD_INFO -D__STDC_FORMAT_MACROS -I/usr/local/opt/berkeley-db@4/include -DMAC_OSX conftest.cpp >&5
conftest.cpp:45:10: error: use of undeclared identifier 'le32toh'
  (void) le32toh;
         ^
1 error generated.
configure:22974: $? = 1
configure: failed program was:
| /* confdefs.h */
| #define PACKAGE_NAME "TrumpCoin Core"
| #define PACKAGE_TARNAME "trumpcoin"
| #define PACKAGE_VERSION "2.0.0"
| #define PACKAGE_STRING "TrumpCoin Core 2.0.0"
| #define PACKAGE_BUGREPORT "www.trumpcoin.org"
| #define PACKAGE_URL ""
| #define HAVE_CXX11 1
| #define STDC_HEADERS 1
| #define HAVE_SYS_TYPES_H 1
| #define HAVE_SYS_STAT_H 1
| #define HAVE_STDLIB_H 1
| #define HAVE_STRING_H 1
| #define HAVE_MEMORY_H 1
| #define HAVE_STRINGS_H 1
| #define HAVE_INTTYPES_H 1
| #define HAVE_STDINT_H 1
| #define HAVE_UNISTD_H 1
| #define HAVE_DLFCN_H 1
| #define LT_OBJDIR ".libs/"
| #define HAVE_PTHREAD_PRIO_INHERIT 1
| #define HAVE_PTHREAD 1
| #define HAVE_DECL_STRERROR_R 1
| #define HAVE_STRERROR_R 1
| #define HAVE_STDIO_H 1
| #define HAVE_STDLIB_H 1
| #define HAVE_UNISTD_H 1
| #define HAVE_STRINGS_H 1
| #define HAVE_SYS_TYPES_H 1
| #define HAVE_SYS_STAT_H 1
| #define HAVE_SYS_SELECT_H 1
| #define HAVE_INET_PTON 1
| #define HAVE_DECL_STRNLEN 1
| #define HAVE_DECL_DAEMON 1
| /* end confdefs.h.  */
| #if HAVE_ENDIAN_H
|                  #include <endian.h>
|                  #endif
| 
| int
| main ()
| {
| #ifndef le32toh
| #ifdef __cplusplus
|   (void) le32toh;
| #else
|   (void) le32toh;
| #endif
| #endif
| 
|   ;
|   return 0;
| }
configure:22974: result: no
configure:22987: checking whether le64toh is declared
configure:22987: g++ -std=c++11 -c -g -O2 -Wall -Wextra -Wformat -Wvla -Wformat-security -Wthread-safety-analysis -Wno-unused-parameter -Wno-self-assign -Wno-unused-local-typedef -Wno-deprecated-register -Wno-implicit-fallthrough -I/usr/local/opt/openssl/include -DHAVE_BUILD_INFO -D__STDC_FORMAT_MACROS -I/usr/local/opt/berkeley-db@4/include -DMAC_OSX conftest.cpp >&5
conftest.cpp:46:10: error: use of undeclared identifier 'le64toh'
  (void) le64toh;
         ^
1 error generated.
configure:22987: $? = 1
configure: failed program was:
| /* confdefs.h */
| #define PACKAGE_NAME "TrumpCoin Core"
| #define PACKAGE_TARNAME "trumpcoin"
| #define PACKAGE_VERSION "2.0.0"
| #define PACKAGE_STRING "TrumpCoin Core 2.0.0"
| #define PACKAGE_BUGREPORT "www.trumpcoin.org"
| #define PACKAGE_URL ""
| #define HAVE_CXX11 1
| #define STDC_HEADERS 1
| #define HAVE_SYS_TYPES_H 1
| #define HAVE_SYS_STAT_H 1
| #define HAVE_STDLIB_H 1
| #define HAVE_STRING_H 1
| #define HAVE_MEMORY_H 1
| #define HAVE_STRINGS_H 1
| #define HAVE_INTTYPES_H 1
| #define HAVE_STDINT_H 1
| #define HAVE_UNISTD_H 1
| #define HAVE_DLFCN_H 1
| #define LT_OBJDIR ".libs/"
| #define HAVE_PTHREAD_PRIO_INHERIT 1
| #define HAVE_PTHREAD 1
| #define HAVE_DECL_STRERROR_R 1
| #define HAVE_STRERROR_R 1
| #define HAVE_STDIO_H 1
| #define HAVE_STDLIB_H 1
| #define HAVE_UNISTD_H 1
| #define HAVE_STRINGS_H 1
| #define HAVE_SYS_TYPES_H 1
| #define HAVE_SYS_STAT_H 1
| #define HAVE_SYS_SELECT_H 1
| #define HAVE_INET_PTON 1
| #define HAVE_DECL_STRNLEN 1
| #define HAVE_DECL_DAEMON 1
| #define HAVE_DECL_LE32TOH 0
| /* end confdefs.h.  */
| #if HAVE_ENDIAN_H
|                  #include <endian.h>
|                  #endif
| 
| int
| main ()
| {
| #ifndef le64toh
| #ifdef __cplusplus
|   (void) le64toh;
| #else
|   (void) le64toh;
| #endif
| #endif
| 
|   ;
|   return 0;
| }
configure:22987: result: no
configure:23000: checking whether htole32 is declared
configure:23000: g++ -std=c++11 -c -g -O2 -Wall -Wextra -Wformat -Wvla -Wformat-security -Wthread-safety-analysis -Wno-unused-parameter -Wno-self-assign -Wno-unused-local-typedef -Wno-deprecated-register -Wno-implicit-fallthrough -I/usr/local/opt/openssl/include -DHAVE_BUILD_INFO -D__STDC_FORMAT_MACROS -I/usr/local/opt/berkeley-db@4/include -DMAC_OSX conftest.cpp >&5
conftest.cpp:47:10: error: use of undeclared identifier 'htole32'
  (void) htole32;
         ^
1 error generated.
configure:23000: $? = 1
configure: failed program was:
| /* confdefs.h */
| #define PACKAGE_NAME "TrumpCoin Core"
| #define PACKAGE_TARNAME "trumpcoin"
| #define PACKAGE_VERSION "2.0.0"
| #define PACKAGE_STRING "TrumpCoin Core 2.0.0"
| #define PACKAGE_BUGREPORT "www.trumpcoin.org"
| #define PACKAGE_URL ""
| #define HAVE_CXX11 1
| #define STDC_HEADERS 1
| #define HAVE_SYS_TYPES_H 1
| #define HAVE_SYS_STAT_H 1
| #define HAVE_STDLIB_H 1
| #define HAVE_STRING_H 1
| #define HAVE_MEMORY_H 1
| #define HAVE_STRINGS_H 1
| #define HAVE_INTTYPES_H 1
| #define HAVE_STDINT_H 1
| #define HAVE_UNISTD_H 1
| #define HAVE_DLFCN_H 1
| #define LT_OBJDIR ".libs/"
| #define HAVE_PTHREAD_PRIO_INHERIT 1
| #define HAVE_PTHREAD 1
| #define HAVE_DECL_STRERROR_R 1
| #define HAVE_STRERROR_R 1
| #define HAVE_STDIO_H 1
| #define HAVE_STDLIB_H 1
| #define HAVE_UNISTD_H 1
| #define HAVE_STRINGS_H 1
| #define HAVE_SYS_TYPES_H 1
| #define HAVE_SYS_STAT_H 1
| #define HAVE_SYS_SELECT_H 1
| #define HAVE_INET_PTON 1
| #define HAVE_DECL_STRNLEN 1
| #define HAVE_DECL_DAEMON 1
| #define HAVE_DECL_LE32TOH 0
| #define HAVE_DECL_LE64TOH 0
| /* end confdefs.h.  */
| #if HAVE_ENDIAN_H
|                  #include <endian.h>
|                  #endif
| 
| int
| main ()
| {
| #ifndef htole32
| #ifdef __cplusplus
|   (void) htole32;
| #else
|   (void) htole32;
| #endif
| #endif
| 
|   ;
|   return 0;
| }
configure:23000: result: no
configure:23013: checking whether htole64 is declared
configure:23013: g++ -std=c++11 -c -g -O2 -Wall -Wextra -Wformat -Wvla -Wformat-security -Wthread-safety-analysis -Wno-unused-parameter -Wno-self-assign -Wno-unused-local-typedef -Wno-deprecated-register -Wno-implicit-fallthrough -I/usr/local/opt/openssl/include -DHAVE_BUILD_INFO -D__STDC_FORMAT_MACROS -I/usr/local/opt/berkeley-db@4/include -DMAC_OSX conftest.cpp >&5
conftest.cpp:48:10: error: use of undeclared identifier 'htole64'
  (void) htole64;
         ^
1 error generated.
configure:23013: $? = 1
configure: failed program was:
| /* confdefs.h */
| #define PACKAGE_NAME "TrumpCoin Core"
| #define PACKAGE_TARNAME "trumpcoin"
| #define PACKAGE_VERSION "2.0.0"
| #define PACKAGE_STRING "TrumpCoin Core 2.0.0"
| #define PACKAGE_BUGREPORT "www.trumpcoin.org"
| #define PACKAGE_URL ""
| #define HAVE_CXX11 1
| #define STDC_HEADERS 1
| #define HAVE_SYS_TYPES_H 1
| #define HAVE_SYS_STAT_H 1
| #define HAVE_STDLIB_H 1
| #define HAVE_STRING_H 1
| #define HAVE_MEMORY_H 1
| #define HAVE_STRINGS_H 1
| #define HAVE_INTTYPES_H 1
| #define HAVE_STDINT_H 1
| #define HAVE_UNISTD_H 1
| #define HAVE_DLFCN_H 1
| #define LT_OBJDIR ".libs/"
| #define HAVE_PTHREAD_PRIO_INHERIT 1
| #define HAVE_PTHREAD 1
| #define HAVE_DECL_STRERROR_R 1
| #define HAVE_STRERROR_R 1
| #define HAVE_STDIO_H 1
| #define HAVE_STDLIB_H 1
| #define HAVE_UNISTD_H 1
| #define HAVE_STRINGS_H 1
| #define HAVE_SYS_TYPES_H 1
| #define HAVE_SYS_STAT_H 1
| #define HAVE_SYS_SELECT_H 1
| #define HAVE_INET_PTON 1
| #define HAVE_DECL_STRNLEN 1
| #define HAVE_DECL_DAEMON 1
| #define HAVE_DECL_LE32TOH 0
| #define HAVE_DECL_LE64TOH 0
| #define HAVE_DECL_HTOLE32 0
| /* end confdefs.h.  */
| #if HAVE_ENDIAN_H
|                  #include <endian.h>
|                  #endif
| 
| int
| main ()
| {
| #ifndef htole64
| #ifdef __cplusplus
|   (void) htole64;
| #else
|   (void) htole64;
| #endif
| #endif
| 
|   ;
|   return 0;
| }
configure:23013: result: no
configure:23026: checking whether be32toh is declared
configure:23026: g++ -std=c++11 -c -g -O2 -Wall -Wextra -Wformat -Wvla -Wformat-security -Wthread-safety-analysis -Wno-unused-parameter -Wno-self-assign -Wno-unused-local-typedef -Wno-deprecated-register -Wno-implicit-fallthrough -I/usr/local/opt/openssl/include -DHAVE_BUILD_INFO -D__STDC_FORMAT_MACROS -I/usr/local/opt/berkeley-db@4/include -DMAC_OSX conftest.cpp >&5
conftest.cpp:49:10: error: use of undeclared identifier 'be32toh'
  (void) be32toh;
         ^
1 error generated.
configure:23026: $? = 1
configure: failed program was:
| /* confdefs.h */
| #define PACKAGE_NAME "TrumpCoin Core"
| #define PACKAGE_TARNAME "trumpcoin"
| #define PACKAGE_VERSION "2.0.0"
| #define PACKAGE_STRING "TrumpCoin Core 2.0.0"
| #define PACKAGE_BUGREPORT "www.trumpcoin.org"
| #define PACKAGE_URL ""
| #define HAVE_CXX11 1
| #define STDC_HEADERS 1
| #define HAVE_SYS_TYPES_H 1
| #define HAVE_SYS_STAT_H 1
| #define HAVE_STDLIB_H 1
| #define HAVE_STRING_H 1
| #define HAVE_MEMORY_H 1
| #define HAVE_STRINGS_H 1
| #define HAVE_INTTYPES_H 1
| #define HAVE_STDINT_H 1
| #define HAVE_UNISTD_H 1
| #define HAVE_DLFCN_H 1
| #define LT_OBJDIR ".libs/"
| #define HAVE_PTHREAD_PRIO_INHERIT 1
| #define HAVE_PTHREAD 1
| #define HAVE_DECL_STRERROR_R 1
| #define HAVE_STRERROR_R 1
| #define HAVE_STDIO_H 1
| #define HAVE_STDLIB_H 1
| #define HAVE_UNISTD_H 1
| #define HAVE_STRINGS_H 1
| #define HAVE_SYS_TYPES_H 1
| #define HAVE_SYS_STAT_H 1
| #define HAVE_SYS_SELECT_H 1
| #define HAVE_INET_PTON 1
| #define HAVE_DECL_STRNLEN 1
| #define HAVE_DECL_DAEMON 1
| #define HAVE_DECL_LE32TOH 0
| #define HAVE_DECL_LE64TOH 0
| #define HAVE_DECL_HTOLE32 0
| #define HAVE_DECL_HTOLE64 0
| /* end confdefs.h.  */
| #if HAVE_ENDIAN_H
|                  #include <endian.h>
|                  #endif
| 
| int
| main ()
| {
| #ifndef be32toh
| #ifdef __cplusplus
|   (void) be32toh;
| #else
|   (void) be32toh;
| #endif
| #endif
| 
|   ;
|   return 0;
| }
configure:23026: result: no
configure:23039: checking whether be64toh is declared
configure:23039: g++ -std=c++11 -c -g -O2 -Wall -Wextra -Wformat -Wvla -Wformat-security -Wthread-safety-analysis -Wno-unused-parameter -Wno-self-assign -Wno-unused-local-typedef -Wno-deprecated-register -Wno-implicit-fallthrough -I/usr/local/opt/openssl/include -DHAVE_BUILD_INFO -D__STDC_FORMAT_MACROS -I/usr/local/opt/berkeley-db@4/include -DMAC_OSX conftest.cpp >&5
conftest.cpp:50:10: error: use of undeclared identifier 'be64toh'
  (void) be64toh;
         ^
1 error generated.
configure:23039: $? = 1
configure: failed program was:
| /* confdefs.h */
| #define PACKAGE_NAME "TrumpCoin Core"
| #define PACKAGE_TARNAME "trumpcoin"
| #define PACKAGE_VERSION "2.0.0"
| #define PACKAGE_STRING "TrumpCoin Core 2.0.0"
| #define PACKAGE_BUGREPORT "www.trumpcoin.org"
| #define PACKAGE_URL ""
| #define HAVE_CXX11 1
| #define STDC_HEADERS 1
| #define HAVE_SYS_TYPES_H 1
| #define HAVE_SYS_STAT_H 1
| #define HAVE_STDLIB_H 1
| #define HAVE_STRING_H 1
| #define HAVE_MEMORY_H 1
| #define HAVE_STRINGS_H 1
| #define HAVE_INTTYPES_H 1
| #define HAVE_STDINT_H 1
| #define HAVE_UNISTD_H 1
| #define HAVE_DLFCN_H 1
| #define LT_OBJDIR ".libs/"
| #define HAVE_PTHREAD_PRIO_INHERIT 1
| #define HAVE_PTHREAD 1
| #define HAVE_DECL_STRERROR_R 1
| #define HAVE_STRERROR_R 1
| #define HAVE_STDIO_H 1
| #define HAVE_STDLIB_H 1
| #define HAVE_UNISTD_H 1
| #define HAVE_STRINGS_H 1
| #define HAVE_SYS_TYPES_H 1
| #define HAVE_SYS_STAT_H 1
| #define HAVE_SYS_SELECT_H 1
| #define HAVE_INET_PTON 1
| #define HAVE_DECL_STRNLEN 1
| #define HAVE_DECL_DAEMON 1
| #define HAVE_DECL_LE32TOH 0
| #define HAVE_DECL_LE64TOH 0
| #define HAVE_DECL_HTOLE32 0
| #define HAVE_DECL_HTOLE64 0
| #define HAVE_DECL_BE32TOH 0
| /* end confdefs.h.  */
| #if HAVE_ENDIAN_H
|                  #include <endian.h>
|                  #endif
| 
| int
| main ()
| {
| #ifndef be64toh
| #ifdef __cplusplus
|   (void) be64toh;
| #else
|   (void) be64toh;
| #endif
| #endif
| 
|   ;
|   return 0;
| }
configure:23039: result: no
configure:23052: checking whether htobe32 is declared
configure:23052: g++ -std=c++11 -c -g -O2 -Wall -Wextra -Wformat -Wvla -Wformat-security -Wthread-safety-analysis -Wno-unused-parameter -Wno-self-assign -Wno-unused-local-typedef -Wno-deprecated-register -Wno-implicit-fallthrough -I/usr/local/opt/openssl/include -DHAVE_BUILD_INFO -D__STDC_FORMAT_MACROS -I/usr/local/opt/berkeley-db@4/include -DMAC_OSX conftest.cpp >&5
conftest.cpp:51:10: error: use of undeclared identifier 'htobe32'
  (void) htobe32;
         ^
1 error generated.
configure:23052: $? = 1
configure: failed program was:
| /* confdefs.h */
| #define PACKAGE_NAME "TrumpCoin Core"
| #define PACKAGE_TARNAME "trumpcoin"
| #define PACKAGE_VERSION "2.0.0"
| #define PACKAGE_STRING "TrumpCoin Core 2.0.0"
| #define PACKAGE_BUGREPORT "www.trumpcoin.org"
| #define PACKAGE_URL ""
| #define HAVE_CXX11 1
| #define STDC_HEADERS 1
| #define HAVE_SYS_TYPES_H 1
| #define HAVE_SYS_STAT_H 1
| #define HAVE_STDLIB_H 1
| #define HAVE_STRING_H 1
| #define HAVE_MEMORY_H 1
| #define HAVE_STRINGS_H 1
| #define HAVE_INTTYPES_H 1
| #define HAVE_STDINT_H 1
| #define HAVE_UNISTD_H 1
| #define HAVE_DLFCN_H 1
| #define LT_OBJDIR ".libs/"
| #define HAVE_PTHREAD_PRIO_INHERIT 1
| #define HAVE_PTHREAD 1
| #define HAVE_DECL_STRERROR_R 1
| #define HAVE_STRERROR_R 1
| #define HAVE_STDIO_H 1
| #define HAVE_STDLIB_H 1
| #define HAVE_UNISTD_H 1
| #define HAVE_STRINGS_H 1
| #define HAVE_SYS_TYPES_H 1
| #define HAVE_SYS_STAT_H 1
| #define HAVE_SYS_SELECT_H 1
| #define HAVE_INET_PTON 1
| #define HAVE_DECL_STRNLEN 1
| #define HAVE_DECL_DAEMON 1
| #define HAVE_DECL_LE32TOH 0
| #define HAVE_DECL_LE64TOH 0
| #define HAVE_DECL_HTOLE32 0
| #define HAVE_DECL_HTOLE64 0
| #define HAVE_DECL_BE32TOH 0
| #define HAVE_DECL_BE64TOH 0
| /* end confdefs.h.  */
| #if HAVE_ENDIAN_H
|                  #include <endian.h>
|                  #endif
| 
| int
| main ()
| {
| #ifndef htobe32
| #ifdef __cplusplus
|   (void) htobe32;
| #else
|   (void) htobe32;
| #endif
| #endif
| 
|   ;
|   return 0;
| }
configure:23052: result: no
configure:23065: checking whether htobe64 is declared
configure:23065: g++ -std=c++11 -c -g -O2 -Wall -Wextra -Wformat -Wvla -Wformat-security -Wthread-safety-analysis -Wno-unused-parameter -Wno-self-assign -Wno-unused-local-typedef -Wno-deprecated-register -Wno-implicit-fallthrough -I/usr/local/opt/openssl/include -DHAVE_BUILD_INFO -D__STDC_FORMAT_MACROS -I/usr/local/opt/berkeley-db@4/include -DMAC_OSX conftest.cpp >&5
conftest.cpp:52:10: error: use of undeclared identifier 'htobe64'
  (void) htobe64;
         ^
1 error generated.
configure:23065: $? = 1
configure: failed program was:
| /* confdefs.h */
| #define PACKAGE_NAME "TrumpCoin Core"
| #define PACKAGE_TARNAME "trumpcoin"
| #define PACKAGE_VERSION "2.0.0"
| #define PACKAGE_STRING "TrumpCoin Core 2.0.0"
| #define PACKAGE_BUGREPORT "www.trumpcoin.org"
| #define PACKAGE_URL ""
| #define HAVE_CXX11 1
| #define STDC_HEADERS 1
| #define HAVE_SYS_TYPES_H 1
| #define HAVE_SYS_STAT_H 1
| #define HAVE_STDLIB_H 1
| #define HAVE_STRING_H 1
| #define HAVE_MEMORY_H 1
| #define HAVE_STRINGS_H 1
| #define HAVE_INTTYPES_H 1
| #define HAVE_STDINT_H 1
| #define HAVE_UNISTD_H 1
| #define HAVE_DLFCN_H 1
| #define LT_OBJDIR ".libs/"
| #define HAVE_PTHREAD_PRIO_INHERIT 1
| #define HAVE_PTHREAD 1
| #define HAVE_DECL_STRERROR_R 1
| #define HAVE_STRERROR_R 1
| #define HAVE_STDIO_H 1
| #define HAVE_STDLIB_H 1
| #define HAVE_UNISTD_H 1
| #define HAVE_STRINGS_H 1
| #define HAVE_SYS_TYPES_H 1
| #define HAVE_SYS_STAT_H 1
| #define HAVE_SYS_SELECT_H 1
| #define HAVE_INET_PTON 1
| #define HAVE_DECL_STRNLEN 1
| #define HAVE_DECL_DAEMON 1
| #define HAVE_DECL_LE32TOH 0
| #define HAVE_DECL_LE64TOH 0
| #define HAVE_DECL_HTOLE32 0
| #define HAVE_DECL_HTOLE64 0
| #define HAVE_DECL_BE32TOH 0
| #define HAVE_DECL_BE64TOH 0
| #define HAVE_DECL_HTOBE32 0
| /* end confdefs.h.  */
| #if HAVE_ENDIAN_H
|                  #include <endian.h>
|                  #endif
| 
| int
| main ()
| {
| #ifndef htobe64
| #ifdef __cplusplus
|   (void) htobe64;
| #else
|   (void) htobe64;
| #endif
| #endif
| 
|   ;
|   return 0;
| }
configure:23065: result: no
configure:23080: checking for MSG_NOSIGNAL
configure:23093: g++ -std=c++11 -c -g -O2 -Wall -Wextra -Wformat -Wvla -Wformat-security -Wthread-safety-analysis -Wno-unused-parameter -Wno-self-assign -Wno-unused-local-typedef -Wno-deprecated-register -Wno-implicit-fallthrough -I/usr/local/opt/openssl/include -DHAVE_BUILD_INFO -D__STDC_FORMAT_MACROS -I/usr/local/opt/berkeley-db@4/include -DMAC_OSX conftest.cpp >&5
conftest.cpp:48:10: error: use of undeclared identifier 'MSG_NOSIGNAL'
 int f = MSG_NOSIGNAL;
         ^
1 error generated.
configure:23093: $? = 1
configure: failed program was:
| /* confdefs.h */
| #define PACKAGE_NAME "TrumpCoin Core"
| #define PACKAGE_TARNAME "trumpcoin"
| #define PACKAGE_VERSION "2.0.0"
| #define PACKAGE_STRING "TrumpCoin Core 2.0.0"
| #define PACKAGE_BUGREPORT "www.trumpcoin.org"
| #define PACKAGE_URL ""
| #define HAVE_CXX11 1
| #define STDC_HEADERS 1
| #define HAVE_SYS_TYPES_H 1
| #define HAVE_SYS_STAT_H 1
| #define HAVE_STDLIB_H 1
| #define HAVE_STRING_H 1
| #define HAVE_MEMORY_H 1
| #define HAVE_STRINGS_H 1
| #define HAVE_INTTYPES_H 1
| #define HAVE_STDINT_H 1
| #define HAVE_UNISTD_H 1
| #define HAVE_DLFCN_H 1
| #define LT_OBJDIR ".libs/"
| #define HAVE_PTHREAD_PRIO_INHERIT 1
| #define HAVE_PTHREAD 1
| #define HAVE_DECL_STRERROR_R 1
| #define HAVE_STRERROR_R 1
| #define HAVE_STDIO_H 1
| #define HAVE_STDLIB_H 1
| #define HAVE_UNISTD_H 1
| #define HAVE_STRINGS_H 1
| #define HAVE_SYS_TYPES_H 1
| #define HAVE_SYS_STAT_H 1
| #define HAVE_SYS_SELECT_H 1
| #define HAVE_INET_PTON 1
| #define HAVE_DECL_STRNLEN 1
| #define HAVE_DECL_DAEMON 1
| #define HAVE_DECL_LE32TOH 0
| #define HAVE_DECL_LE64TOH 0
| #define HAVE_DECL_HTOLE32 0
| #define HAVE_DECL_HTOLE64 0
| #define HAVE_DECL_BE32TOH 0
| #define HAVE_DECL_BE64TOH 0
| #define HAVE_DECL_HTOBE32 0
| #define HAVE_DECL_HTOBE64 0
| /* end confdefs.h.  */
| #include <sys/socket.h>
| int
| main ()
| {
|  int f = MSG_NOSIGNAL;
|   ;
|   return 0;
| }
configure:23099: result: no
configure:23105: checking for MSG_DONTWAIT
configure:23118: g++ -std=c++11 -c -g -O2 -Wall -Wextra -Wformat -Wvla -Wformat-security -Wthread-safety-analysis -Wno-unused-parameter -Wno-self-assign -Wno-unused-local-typedef -Wno-deprecated-register -Wno-implicit-fallthrough -I/usr/local/opt/openssl/include -DHAVE_BUILD_INFO -D__STDC_FORMAT_MACROS -I/usr/local/opt/berkeley-db@4/include -DMAC_OSX conftest.cpp >&5
conftest.cpp:48:6: warning: unused variable 'f' [-Wunused-variable]
 int f = MSG_DONTWAIT;
     ^
1 warning generated.
configure:23118: $? = 0
configure:23119: result: yes
configure:23130: checking for getmemoryinfo
configure:23143: g++ -std=c++11 -c -g -O2 -Wall -Wextra -Wformat -Wvla -Wformat-security -Wthread-safety-analysis -Wno-unused-parameter -Wno-self-assign -Wno-unused-local-typedef -Wno-deprecated-register -Wno-implicit-fallthrough -I/usr/local/opt/openssl/include -DHAVE_BUILD_INFO -D__STDC_FORMAT_MACROS -I/usr/local/opt/berkeley-db@4/include -DMAC_OSX conftest.cpp >&5
conftest.cpp:45:10: fatal error: 'malloc.h' file not found
#include <malloc.h>
         ^~~~~~~~~~
1 error generated.
configure:23143: $? = 1
configure: failed program was:
| /* confdefs.h */
| #define PACKAGE_NAME "TrumpCoin Core"
| #define PACKAGE_TARNAME "trumpcoin"
| #define PACKAGE_VERSION "2.0.0"
| #define PACKAGE_STRING "TrumpCoin Core 2.0.0"
| #define PACKAGE_BUGREPORT "www.trumpcoin.org"
| #define PACKAGE_URL ""
| #define HAVE_CXX11 1
| #define STDC_HEADERS 1
| #define HAVE_SYS_TYPES_H 1
| #define HAVE_SYS_STAT_H 1
| #define HAVE_STDLIB_H 1
| #define HAVE_STRING_H 1
| #define HAVE_MEMORY_H 1
| #define HAVE_STRINGS_H 1
| #define HAVE_INTTYPES_H 1
| #define HAVE_STDINT_H 1
| #define HAVE_UNISTD_H 1
| #define HAVE_DLFCN_H 1
| #define LT_OBJDIR ".libs/"
| #define HAVE_PTHREAD_PRIO_INHERIT 1
| #define HAVE_PTHREAD 1
| #define HAVE_DECL_STRERROR_R 1
| #define HAVE_STRERROR_R 1
| #define HAVE_STDIO_H 1
| #define HAVE_STDLIB_H 1
| #define HAVE_UNISTD_H 1
| #define HAVE_STRINGS_H 1
| #define HAVE_SYS_TYPES_H 1
| #define HAVE_SYS_STAT_H 1
| #define HAVE_SYS_SELECT_H 1
| #define HAVE_INET_PTON 1
| #define HAVE_DECL_STRNLEN 1
| #define HAVE_DECL_DAEMON 1
| #define HAVE_DECL_LE32TOH 0
| #define HAVE_DECL_LE64TOH 0
| #define HAVE_DECL_HTOLE32 0
| #define HAVE_DECL_HTOLE64 0
| #define HAVE_DECL_BE32TOH 0
| #define HAVE_DECL_BE64TOH 0
| #define HAVE_DECL_HTOBE32 0
| #define HAVE_DECL_HTOBE64 0
| #define HAVE_MSG_DONTWAIT 1
| /* end confdefs.h.  */
| #include <malloc.h>
| int
| main ()
| {
|  int f = malloc_info(0, NULL);
|   ;
|   return 0;
| }
configure:23149: result: no
configure:23155: checking for mallopt M_ARENA_MAX
configure:23168: g++ -std=c++11 -c -g -O2 -Wall -Wextra -Wformat -Wvla -Wformat-security -Wthread-safety-analysis -Wno-unused-parameter -Wno-self-assign -Wno-unused-local-typedef -Wno-deprecated-register -Wno-implicit-fallthrough -I/usr/local/opt/openssl/include -DHAVE_BUILD_INFO -D__STDC_FORMAT_MACROS -I/usr/local/opt/berkeley-db@4/include -DMAC_OSX conftest.cpp >&5
conftest.cpp:45:10: fatal error: 'malloc.h' file not found
#include <malloc.h>
         ^~~~~~~~~~
1 error generated.
configure:23168: $? = 1
configure: failed program was:
| /* confdefs.h */
| #define PACKAGE_NAME "TrumpCoin Core"
| #define PACKAGE_TARNAME "trumpcoin"
| #define PACKAGE_VERSION "2.0.0"
| #define PACKAGE_STRING "TrumpCoin Core 2.0.0"
| #define PACKAGE_BUGREPORT "www.trumpcoin.org"
| #define PACKAGE_URL ""
| #define HAVE_CXX11 1
| #define STDC_HEADERS 1
| #define HAVE_SYS_TYPES_H 1
| #define HAVE_SYS_STAT_H 1
| #define HAVE_STDLIB_H 1
| #define HAVE_STRING_H 1
| #define HAVE_MEMORY_H 1
| #define HAVE_STRINGS_H 1
| #define HAVE_INTTYPES_H 1
| #define HAVE_STDINT_H 1
| #define HAVE_UNISTD_H 1
| #define HAVE_DLFCN_H 1
| #define LT_OBJDIR ".libs/"
| #define HAVE_PTHREAD_PRIO_INHERIT 1
| #define HAVE_PTHREAD 1
| #define HAVE_DECL_STRERROR_R 1
| #define HAVE_STRERROR_R 1
| #define HAVE_STDIO_H 1
| #define HAVE_STDLIB_H 1
| #define HAVE_UNISTD_H 1
| #define HAVE_STRINGS_H 1
| #define HAVE_SYS_TYPES_H 1
| #define HAVE_SYS_STAT_H 1
| #define HAVE_SYS_SELECT_H 1
| #define HAVE_INET_PTON 1
| #define HAVE_DECL_STRNLEN 1
| #define HAVE_DECL_DAEMON 1
| #define HAVE_DECL_LE32TOH 0
| #define HAVE_DECL_LE64TOH 0
| #define HAVE_DECL_HTOLE32 0
| #define HAVE_DECL_HTOLE64 0
| #define HAVE_DECL_BE32TOH 0
| #define HAVE_DECL_BE64TOH 0
| #define HAVE_DECL_HTOBE32 0
| #define HAVE_DECL_HTOBE64 0
| #define HAVE_MSG_DONTWAIT 1
| /* end confdefs.h.  */
| #include <malloc.h>
| int
| main ()
| {
|  mallopt(M_ARENA_MAX, 1);
|   ;
|   return 0;
| }
configure:23174: result: no
configure:23180: checking for visibility attribute
configure:23189: g++ -std=c++11 -o conftest -g -O2 -Wall -Wextra -Wformat -Wvla -Wformat-security -Wthread-safety-analysis -Wno-unused-parameter -Wno-self-assign -Wno-unused-local-typedef -Wno-deprecated-register -Wno-implicit-fallthrough -I/usr/local/opt/openssl/include -DHAVE_BUILD_INFO -D__STDC_FORMAT_MACROS -I/usr/local/opt/berkeley-db@4/include -DMAC_OSX -L/usr/local/opt/openssl/lib -Wl,-headerpad_max_install_names -Wl,-dead_strip conftest.cpp  -L/usr/local/opt/berkeley-db@4/lib >&5
configure:23189: $? = 0
configure:23194: result: yes
configure:23212: checking for thread_local support
configure:23226: g++ -std=c++11 -o conftest -g -O2 -Wall -Wextra -Wformat -Wvla -Wformat-security -Wthread-safety-analysis -Wno-unused-parameter -Wno-self-assign -Wno-unused-local-typedef -Wno-deprecated-register -Wno-implicit-fallthrough -I/usr/local/opt/openssl/include -DHAVE_BUILD_INFO -D__STDC_FORMAT_MACROS -I/usr/local/opt/berkeley-db@4/include -DMAC_OSX -L/usr/local/opt/openssl/lib -Wl,-headerpad_max_install_names -Wl,-dead_strip -pthread conftest.cpp  -L/usr/local/opt/berkeley-db@4/lib >&5
configure:23226: $? = 0
configure:23231: result: yes
configure:23305: checking for Berkeley DB C++ headers
configure:23335: g++ -std=c++11 -c -g -O2 -Wall -Wextra -Wformat -Wvla -Wformat-security -Wthread-safety-analysis -Wno-unused-parameter -Wno-self-assign -Wno-unused-local-typedef -Wno-deprecated-register -Wno-implicit-fallthrough -I/usr/local/opt/openssl/include -DHAVE_BUILD_INFO -D__STDC_FORMAT_MACROS -I/usr/local/opt/berkeley-db@4/include -DMAC_OSX conftest.cpp >&5
conftest.cpp:48:18: fatal error: 'bdb4.8/db_cxx.h' file not found
        #include <bdb4.8/db_cxx.h>
                 ^~~~~~~~~~~~~~~~~
1 error generated.
configure:23335: $? = 1
configure: failed program was:
| /* confdefs.h */
| #define PACKAGE_NAME "TrumpCoin Core"
| #define PACKAGE_TARNAME "trumpcoin"
| #define PACKAGE_VERSION "2.0.0"
| #define PACKAGE_STRING "TrumpCoin Core 2.0.0"
| #define PACKAGE_BUGREPORT "www.trumpcoin.org"
| #define PACKAGE_URL ""
| #define HAVE_CXX11 1
| #define STDC_HEADERS 1
| #define HAVE_SYS_TYPES_H 1
| #define HAVE_SYS_STAT_H 1
| #define HAVE_STDLIB_H 1
| #define HAVE_STRING_H 1
| #define HAVE_MEMORY_H 1
| #define HAVE_STRINGS_H 1
| #define HAVE_INTTYPES_H 1
| #define HAVE_STDINT_H 1
| #define HAVE_UNISTD_H 1
| #define HAVE_DLFCN_H 1
| #define LT_OBJDIR ".libs/"
| #define HAVE_PTHREAD_PRIO_INHERIT 1
| #define HAVE_PTHREAD 1
| #define HAVE_DECL_STRERROR_R 1
| #define HAVE_STRERROR_R 1
| #define HAVE_STDIO_H 1
| #define HAVE_STDLIB_H 1
| #define HAVE_UNISTD_H 1
| #define HAVE_STRINGS_H 1
| #define HAVE_SYS_TYPES_H 1
| #define HAVE_SYS_STAT_H 1
| #define HAVE_SYS_SELECT_H 1
| #define HAVE_INET_PTON 1
| #define HAVE_DECL_STRNLEN 1
| #define HAVE_DECL_DAEMON 1
| #define HAVE_DECL_LE32TOH 0
| #define HAVE_DECL_LE64TOH 0
| #define HAVE_DECL_HTOLE32 0
| #define HAVE_DECL_HTOLE64 0
| #define HAVE_DECL_BE32TOH 0
| #define HAVE_DECL_BE64TOH 0
| #define HAVE_DECL_HTOBE32 0
| #define HAVE_DECL_HTOBE64 0
| #define HAVE_MSG_DONTWAIT 1
| #define HAVE_VISIBILITY_ATTRIBUTE 1
| #define HAVE_THREAD_LOCAL 1
| /* end confdefs.h.  */
| 
|         #include <bdb4.8/db_cxx.h>
| 
| int
| main ()
| {
| 
|         #if !((DB_VERSION_MAJOR == 4 && DB_VERSION_MINOR >= 8) || DB_VERSION_MAJOR > 4)
|           #error "failed to find bdb 4.8+"
|         #endif
| 
|   ;
|   return 0;
| }
configure:23335: g++ -std=c++11 -c -g -O2 -Wall -Wextra -Wformat -Wvla -Wformat-security -Wthread-safety-analysis -Wno-unused-parameter -Wno-self-assign -Wno-unused-local-typedef -Wno-deprecated-register -Wno-implicit-fallthrough -I/usr/local/opt/openssl/include -DHAVE_BUILD_INFO -D__STDC_FORMAT_MACROS -I/usr/local/opt/berkeley-db@4/include -DMAC_OSX conftest.cpp >&5
conftest.cpp:48:18: fatal error: 'libdb4.8/db_cxx.h' file not found
        #include <libdb4.8/db_cxx.h>
                 ^~~~~~~~~~~~~~~~~~~
1 error generated.
configure:23335: $? = 1
configure: failed program was:
| /* confdefs.h */
| #define PACKAGE_NAME "TrumpCoin Core"
| #define PACKAGE_TARNAME "trumpcoin"
| #define PACKAGE_VERSION "2.0.0"
| #define PACKAGE_STRING "TrumpCoin Core 2.0.0"
| #define PACKAGE_BUGREPORT "www.trumpcoin.org"
| #define PACKAGE_URL ""
| #define HAVE_CXX11 1
| #define STDC_HEADERS 1
| #define HAVE_SYS_TYPES_H 1
| #define HAVE_SYS_STAT_H 1
| #define HAVE_STDLIB_H 1
| #define HAVE_STRING_H 1
| #define HAVE_MEMORY_H 1
| #define HAVE_STRINGS_H 1
| #define HAVE_INTTYPES_H 1
| #define HAVE_STDINT_H 1
| #define HAVE_UNISTD_H 1
| #define HAVE_DLFCN_H 1
| #define LT_OBJDIR ".libs/"
| #define HAVE_PTHREAD_PRIO_INHERIT 1
| #define HAVE_PTHREAD 1
| #define HAVE_DECL_STRERROR_R 1
| #define HAVE_STRERROR_R 1
| #define HAVE_STDIO_H 1
| #define HAVE_STDLIB_H 1
| #define HAVE_UNISTD_H 1
| #define HAVE_STRINGS_H 1
| #define HAVE_SYS_TYPES_H 1
| #define HAVE_SYS_STAT_H 1
| #define HAVE_SYS_SELECT_H 1
| #define HAVE_INET_PTON 1
| #define HAVE_DECL_STRNLEN 1
| #define HAVE_DECL_DAEMON 1
| #define HAVE_DECL_LE32TOH 0
| #define HAVE_DECL_LE64TOH 0
| #define HAVE_DECL_HTOLE32 0
| #define HAVE_DECL_HTOLE64 0
| #define HAVE_DECL_BE32TOH 0
| #define HAVE_DECL_BE64TOH 0
| #define HAVE_DECL_HTOBE32 0
| #define HAVE_DECL_HTOBE64 0
| #define HAVE_MSG_DONTWAIT 1
| #define HAVE_VISIBILITY_ATTRIBUTE 1
| #define HAVE_THREAD_LOCAL 1
| /* end confdefs.h.  */
| 
|         #include <libdb4.8/db_cxx.h>
| 
| int
| main ()
| {
| 
|         #if !((DB_VERSION_MAJOR == 4 && DB_VERSION_MINOR >= 8) || DB_VERSION_MAJOR > 4)
|           #error "failed to find bdb 4.8+"
|         #endif
| 
|   ;
|   return 0;
| }
configure:23335: g++ -std=c++11 -c -g -O2 -Wall -Wextra -Wformat -Wvla -Wformat-security -Wthread-safety-analysis -Wno-unused-parameter -Wno-self-assign -Wno-unused-local-typedef -Wno-deprecated-register -Wno-implicit-fallthrough -I/usr/local/opt/openssl/include -DHAVE_BUILD_INFO -D__STDC_FORMAT_MACROS -I/usr/local/opt/berkeley-db@4/include -DMAC_OSX conftest.cpp >&5
conftest.cpp:48:18: fatal error: 'db4.8/db_cxx.h' file not found
        #include <db4.8/db_cxx.h>
                 ^~~~~~~~~~~~~~~~
1 error generated.
configure:23335: $? = 1
configure: failed program was:
| /* confdefs.h */
| #define PACKAGE_NAME "TrumpCoin Core"
| #define PACKAGE_TARNAME "trumpcoin"
| #define PACKAGE_VERSION "2.0.0"
| #define PACKAGE_STRING "TrumpCoin Core 2.0.0"
| #define PACKAGE_BUGREPORT "www.trumpcoin.org"
| #define PACKAGE_URL ""
| #define HAVE_CXX11 1
| #define STDC_HEADERS 1
| #define HAVE_SYS_TYPES_H 1
| #define HAVE_SYS_STAT_H 1
| #define HAVE_STDLIB_H 1
| #define HAVE_STRING_H 1
| #define HAVE_MEMORY_H 1
| #define HAVE_STRINGS_H 1
| #define HAVE_INTTYPES_H 1
| #define HAVE_STDINT_H 1
| #define HAVE_UNISTD_H 1
| #define HAVE_DLFCN_H 1
| #define LT_OBJDIR ".libs/"
| #define HAVE_PTHREAD_PRIO_INHERIT 1
| #define HAVE_PTHREAD 1
| #define HAVE_DECL_STRERROR_R 1
| #define HAVE_STRERROR_R 1
| #define HAVE_STDIO_H 1
| #define HAVE_STDLIB_H 1
| #define HAVE_UNISTD_H 1
| #define HAVE_STRINGS_H 1
| #define HAVE_SYS_TYPES_H 1
| #define HAVE_SYS_STAT_H 1
| #define HAVE_SYS_SELECT_H 1
| #define HAVE_INET_PTON 1
| #define HAVE_DECL_STRNLEN 1
| #define HAVE_DECL_DAEMON 1
| #define HAVE_DECL_LE32TOH 0
| #define HAVE_DECL_LE64TOH 0
| #define HAVE_DECL_HTOLE32 0
| #define HAVE_DECL_HTOLE64 0
| #define HAVE_DECL_BE32TOH 0
| #define HAVE_DECL_BE64TOH 0
| #define HAVE_DECL_HTOBE32 0
| #define HAVE_DECL_HTOBE64 0
| #define HAVE_MSG_DONTWAIT 1
| #define HAVE_VISIBILITY_ATTRIBUTE 1
| #define HAVE_THREAD_LOCAL 1
| /* end confdefs.h.  */
| 
|         #include <db4.8/db_cxx.h>
| 
| int
| main ()
| {
| 
|         #if !((DB_VERSION_MAJOR == 4 && DB_VERSION_MINOR >= 8) || DB_VERSION_MAJOR > 4)
|           #error "failed to find bdb 4.8+"
|         #endif
| 
|   ;
|   return 0;
| }
configure:23335: g++ -std=c++11 -c -g -O2 -Wall -Wextra -Wformat -Wvla -Wformat-security -Wthread-safety-analysis -Wno-unused-parameter -Wno-self-assign -Wno-unused-local-typedef -Wno-deprecated-register -Wno-implicit-fallthrough -I/usr/local/opt/openssl/include -DHAVE_BUILD_INFO -D__STDC_FORMAT_MACROS -I/usr/local/opt/berkeley-db@4/include -DMAC_OSX conftest.cpp >&5
conftest.cpp:48:18: fatal error: 'bdb48/db_cxx.h' file not found
        #include <bdb48/db_cxx.h>
                 ^~~~~~~~~~~~~~~~
1 error generated.
configure:23335: $? = 1
configure: failed program was:
| /* confdefs.h */
| #define PACKAGE_NAME "TrumpCoin Core"
| #define PACKAGE_TARNAME "trumpcoin"
| #define PACKAGE_VERSION "2.0.0"
| #define PACKAGE_STRING "TrumpCoin Core 2.0.0"
| #define PACKAGE_BUGREPORT "www.trumpcoin.org"
| #define PACKAGE_URL ""
| #define HAVE_CXX11 1
| #define STDC_HEADERS 1
| #define HAVE_SYS_TYPES_H 1
| #define HAVE_SYS_STAT_H 1
| #define HAVE_STDLIB_H 1
| #define HAVE_STRING_H 1
| #define HAVE_MEMORY_H 1
| #define HAVE_STRINGS_H 1
| #define HAVE_INTTYPES_H 1
| #define HAVE_STDINT_H 1
| #define HAVE_UNISTD_H 1
| #define HAVE_DLFCN_H 1
| #define LT_OBJDIR ".libs/"
| #define HAVE_PTHREAD_PRIO_INHERIT 1
| #define HAVE_PTHREAD 1
| #define HAVE_DECL_STRERROR_R 1
| #define HAVE_STRERROR_R 1
| #define HAVE_STDIO_H 1
| #define HAVE_STDLIB_H 1
| #define HAVE_UNISTD_H 1
| #define HAVE_STRINGS_H 1
| #define HAVE_SYS_TYPES_H 1
| #define HAVE_SYS_STAT_H 1
| #define HAVE_SYS_SELECT_H 1
| #define HAVE_INET_PTON 1
| #define HAVE_DECL_STRNLEN 1
| #define HAVE_DECL_DAEMON 1
| #define HAVE_DECL_LE32TOH 0
| #define HAVE_DECL_LE64TOH 0
| #define HAVE_DECL_HTOLE32 0
| #define HAVE_DECL_HTOLE64 0
| #define HAVE_DECL_BE32TOH 0
| #define HAVE_DECL_BE64TOH 0
| #define HAVE_DECL_HTOBE32 0
| #define HAVE_DECL_HTOBE64 0
| #define HAVE_MSG_DONTWAIT 1
| #define HAVE_VISIBILITY_ATTRIBUTE 1
| #define HAVE_THREAD_LOCAL 1
| /* end confdefs.h.  */
| 
|         #include <bdb48/db_cxx.h>
| 
| int
| main ()
| {
| 
|         #if !((DB_VERSION_MAJOR == 4 && DB_VERSION_MINOR >= 8) || DB_VERSION_MAJOR > 4)
|           #error "failed to find bdb 4.8+"
|         #endif
| 
|   ;
|   return 0;
| }
configure:23335: g++ -std=c++11 -c -g -O2 -Wall -Wextra -Wformat -Wvla -Wformat-security -Wthread-safety-analysis -Wno-unused-parameter -Wno-self-assign -Wno-unused-local-typedef -Wno-deprecated-register -Wno-implicit-fallthrough -I/usr/local/opt/openssl/include -DHAVE_BUILD_INFO -D__STDC_FORMAT_MACROS -I/usr/local/opt/berkeley-db@4/include -DMAC_OSX conftest.cpp >&5
conftest.cpp:48:18: fatal error: 'libdb48/db_cxx.h' file not found
        #include <libdb48/db_cxx.h>
                 ^~~~~~~~~~~~~~~~~~
1 error generated.
configure:23335: $? = 1
configure: failed program was:
| /* confdefs.h */
| #define PACKAGE_NAME "TrumpCoin Core"
| #define PACKAGE_TARNAME "trumpcoin"
| #define PACKAGE_VERSION "2.0.0"
| #define PACKAGE_STRING "TrumpCoin Core 2.0.0"
| #define PACKAGE_BUGREPORT "www.trumpcoin.org"
| #define PACKAGE_URL ""
| #define HAVE_CXX11 1
| #define STDC_HEADERS 1
| #define HAVE_SYS_TYPES_H 1
| #define HAVE_SYS_STAT_H 1
| #define HAVE_STDLIB_H 1
| #define HAVE_STRING_H 1
| #define HAVE_MEMORY_H 1
| #define HAVE_STRINGS_H 1
| #define HAVE_INTTYPES_H 1
| #define HAVE_STDINT_H 1
| #define HAVE_UNISTD_H 1
| #define HAVE_DLFCN_H 1
| #define LT_OBJDIR ".libs/"
| #define HAVE_PTHREAD_PRIO_INHERIT 1
| #define HAVE_PTHREAD 1
| #define HAVE_DECL_STRERROR_R 1
| #define HAVE_STRERROR_R 1
| #define HAVE_STDIO_H 1
| #define HAVE_STDLIB_H 1
| #define HAVE_UNISTD_H 1
| #define HAVE_STRINGS_H 1
| #define HAVE_SYS_TYPES_H 1
| #define HAVE_SYS_STAT_H 1
| #define HAVE_SYS_SELECT_H 1
| #define HAVE_INET_PTON 1
| #define HAVE_DECL_STRNLEN 1
| #define HAVE_DECL_DAEMON 1
| #define HAVE_DECL_LE32TOH 0
| #define HAVE_DECL_LE64TOH 0
| #define HAVE_DECL_HTOLE32 0
| #define HAVE_DECL_HTOLE64 0
| #define HAVE_DECL_BE32TOH 0
| #define HAVE_DECL_BE64TOH 0
| #define HAVE_DECL_HTOBE32 0
| #define HAVE_DECL_HTOBE64 0
| #define HAVE_MSG_DONTWAIT 1
| #define HAVE_VISIBILITY_ATTRIBUTE 1
| #define HAVE_THREAD_LOCAL 1
| /* end confdefs.h.  */
| 
|         #include <libdb48/db_cxx.h>
| 
| int
| main ()
| {
| 
|         #if !((DB_VERSION_MAJOR == 4 && DB_VERSION_MINOR >= 8) || DB_VERSION_MAJOR > 4)
|           #error "failed to find bdb 4.8+"
|         #endif
| 
|   ;
|   return 0;
| }
configure:23335: g++ -std=c++11 -c -g -O2 -Wall -Wextra -Wformat -Wvla -Wformat-security -Wthread-safety-analysis -Wno-unused-parameter -Wno-self-assign -Wno-unused-local-typedef -Wno-deprecated-register -Wno-implicit-fallthrough -I/usr/local/opt/openssl/include -DHAVE_BUILD_INFO -D__STDC_FORMAT_MACROS -I/usr/local/opt/berkeley-db@4/include -DMAC_OSX conftest.cpp >&5
conftest.cpp:48:18: fatal error: 'db48/db_cxx.h' file not found
        #include <db48/db_cxx.h>
                 ^~~~~~~~~~~~~~~
1 error generated.
configure:23335: $? = 1
configure: failed program was:
| /* confdefs.h */
| #define PACKAGE_NAME "TrumpCoin Core"
| #define PACKAGE_TARNAME "trumpcoin"
| #define PACKAGE_VERSION "2.0.0"
| #define PACKAGE_STRING "TrumpCoin Core 2.0.0"
| #define PACKAGE_BUGREPORT "www.trumpcoin.org"
| #define PACKAGE_URL ""
| #define HAVE_CXX11 1
| #define STDC_HEADERS 1
| #define HAVE_SYS_TYPES_H 1
| #define HAVE_SYS_STAT_H 1
| #define HAVE_STDLIB_H 1
| #define HAVE_STRING_H 1
| #define HAVE_MEMORY_H 1
| #define HAVE_STRINGS_H 1
| #define HAVE_INTTYPES_H 1
| #define HAVE_STDINT_H 1
| #define HAVE_UNISTD_H 1
| #define HAVE_DLFCN_H 1
| #define LT_OBJDIR ".libs/"
| #define HAVE_PTHREAD_PRIO_INHERIT 1
| #define HAVE_PTHREAD 1
| #define HAVE_DECL_STRERROR_R 1
| #define HAVE_STRERROR_R 1
| #define HAVE_STDIO_H 1
| #define HAVE_STDLIB_H 1
| #define HAVE_UNISTD_H 1
| #define HAVE_STRINGS_H 1
| #define HAVE_SYS_TYPES_H 1
| #define HAVE_SYS_STAT_H 1
| #define HAVE_SYS_SELECT_H 1
| #define HAVE_INET_PTON 1
| #define HAVE_DECL_STRNLEN 1
| #define HAVE_DECL_DAEMON 1
| #define HAVE_DECL_LE32TOH 0
| #define HAVE_DECL_LE64TOH 0
| #define HAVE_DECL_HTOLE32 0
| #define HAVE_DECL_HTOLE64 0
| #define HAVE_DECL_BE32TOH 0
| #define HAVE_DECL_BE64TOH 0
| #define HAVE_DECL_HTOBE32 0
| #define HAVE_DECL_HTOBE64 0
| #define HAVE_MSG_DONTWAIT 1
| #define HAVE_VISIBILITY_ATTRIBUTE 1
| #define HAVE_THREAD_LOCAL 1
| /* end confdefs.h.  */
| 
|         #include <db48/db_cxx.h>
| 
| int
| main ()
| {
| 
|         #if !((DB_VERSION_MAJOR == 4 && DB_VERSION_MINOR >= 8) || DB_VERSION_MAJOR > 4)
|           #error "failed to find bdb 4.8+"
|         #endif
| 
|   ;
|   return 0;
| }
configure:23335: g++ -std=c++11 -c -g -O2 -Wall -Wextra -Wformat -Wvla -Wformat-security -Wthread-safety-analysis -Wno-unused-parameter -Wno-self-assign -Wno-unused-local-typedef -Wno-deprecated-register -Wno-implicit-fallthrough -I/usr/local/opt/openssl/include -DHAVE_BUILD_INFO -D__STDC_FORMAT_MACROS -I/usr/local/opt/berkeley-db@4/include -DMAC_OSX conftest.cpp >&5
conftest.cpp:48:18: fatal error: 'bdb4/db_cxx.h' file not found
        #include <bdb4/db_cxx.h>
                 ^~~~~~~~~~~~~~~
1 error generated.
configure:23335: $? = 1
configure: failed program was:
| /* confdefs.h */
| #define PACKAGE_NAME "TrumpCoin Core"
| #define PACKAGE_TARNAME "trumpcoin"
| #define PACKAGE_VERSION "2.0.0"
| #define PACKAGE_STRING "TrumpCoin Core 2.0.0"
| #define PACKAGE_BUGREPORT "www.trumpcoin.org"
| #define PACKAGE_URL ""
| #define HAVE_CXX11 1
| #define STDC_HEADERS 1
| #define HAVE_SYS_TYPES_H 1
| #define HAVE_SYS_STAT_H 1
| #define HAVE_STDLIB_H 1
| #define HAVE_STRING_H 1
| #define HAVE_MEMORY_H 1
| #define HAVE_STRINGS_H 1
| #define HAVE_INTTYPES_H 1
| #define HAVE_STDINT_H 1
| #define HAVE_UNISTD_H 1
| #define HAVE_DLFCN_H 1
| #define LT_OBJDIR ".libs/"
| #define HAVE_PTHREAD_PRIO_INHERIT 1
| #define HAVE_PTHREAD 1
| #define HAVE_DECL_STRERROR_R 1
| #define HAVE_STRERROR_R 1
| #define HAVE_STDIO_H 1
| #define HAVE_STDLIB_H 1
| #define HAVE_UNISTD_H 1
| #define HAVE_STRINGS_H 1
| #define HAVE_SYS_TYPES_H 1
| #define HAVE_SYS_STAT_H 1
| #define HAVE_SYS_SELECT_H 1
| #define HAVE_INET_PTON 1
| #define HAVE_DECL_STRNLEN 1
| #define HAVE_DECL_DAEMON 1
| #define HAVE_DECL_LE32TOH 0
| #define HAVE_DECL_LE64TOH 0
| #define HAVE_DECL_HTOLE32 0
| #define HAVE_DECL_HTOLE64 0
| #define HAVE_DECL_BE32TOH 0
| #define HAVE_DECL_BE64TOH 0
| #define HAVE_DECL_HTOBE32 0
| #define HAVE_DECL_HTOBE64 0
| #define HAVE_MSG_DONTWAIT 1
| #define HAVE_VISIBILITY_ATTRIBUTE 1
| #define HAVE_THREAD_LOCAL 1
| /* end confdefs.h.  */
| 
|         #include <bdb4/db_cxx.h>
| 
| int
| main ()
| {
| 
|         #if !((DB_VERSION_MAJOR == 4 && DB_VERSION_MINOR >= 8) || DB_VERSION_MAJOR > 4)
|           #error "failed to find bdb 4.8+"
|         #endif
| 
|   ;
|   return 0;
| }
configure:23335: g++ -std=c++11 -c -g -O2 -Wall -Wextra -Wformat -Wvla -Wformat-security -Wthread-safety-analysis -Wno-unused-parameter -Wno-self-assign -Wno-unused-local-typedef -Wno-deprecated-register -Wno-implicit-fallthrough -I/usr/local/opt/openssl/include -DHAVE_BUILD_INFO -D__STDC_FORMAT_MACROS -I/usr/local/opt/berkeley-db@4/include -DMAC_OSX conftest.cpp >&5
conftest.cpp:48:18: fatal error: 'libdb4/db_cxx.h' file not found
        #include <libdb4/db_cxx.h>
                 ^~~~~~~~~~~~~~~~~
1 error generated.
configure:23335: $? = 1
configure: failed program was:
| /* confdefs.h */
| #define PACKAGE_NAME "TrumpCoin Core"
| #define PACKAGE_TARNAME "trumpcoin"
| #define PACKAGE_VERSION "2.0.0"
| #define PACKAGE_STRING "TrumpCoin Core 2.0.0"
| #define PACKAGE_BUGREPORT "www.trumpcoin.org"
| #define PACKAGE_URL ""
| #define HAVE_CXX11 1
| #define STDC_HEADERS 1
| #define HAVE_SYS_TYPES_H 1
| #define HAVE_SYS_STAT_H 1
| #define HAVE_STDLIB_H 1
| #define HAVE_STRING_H 1
| #define HAVE_MEMORY_H 1
| #define HAVE_STRINGS_H 1
| #define HAVE_INTTYPES_H 1
| #define HAVE_STDINT_H 1
| #define HAVE_UNISTD_H 1
| #define HAVE_DLFCN_H 1
| #define LT_OBJDIR ".libs/"
| #define HAVE_PTHREAD_PRIO_INHERIT 1
| #define HAVE_PTHREAD 1
| #define HAVE_DECL_STRERROR_R 1
| #define HAVE_STRERROR_R 1
| #define HAVE_STDIO_H 1
| #define HAVE_STDLIB_H 1
| #define HAVE_UNISTD_H 1
| #define HAVE_STRINGS_H 1
| #define HAVE_SYS_TYPES_H 1
| #define HAVE_SYS_STAT_H 1
| #define HAVE_SYS_SELECT_H 1
| #define HAVE_INET_PTON 1
| #define HAVE_DECL_STRNLEN 1
| #define HAVE_DECL_DAEMON 1
| #define HAVE_DECL_LE32TOH 0
| #define HAVE_DECL_LE64TOH 0
| #define HAVE_DECL_HTOLE32 0
| #define HAVE_DECL_HTOLE64 0
| #define HAVE_DECL_BE32TOH 0
| #define HAVE_DECL_BE64TOH 0
| #define HAVE_DECL_HTOBE32 0
| #define HAVE_DECL_HTOBE64 0
| #define HAVE_MSG_DONTWAIT 1
| #define HAVE_VISIBILITY_ATTRIBUTE 1
| #define HAVE_THREAD_LOCAL 1
| /* end confdefs.h.  */
| 
|         #include <libdb4/db_cxx.h>
| 
| int
| main ()
| {
| 
|         #if !((DB_VERSION_MAJOR == 4 && DB_VERSION_MINOR >= 8) || DB_VERSION_MAJOR > 4)
|           #error "failed to find bdb 4.8+"
|         #endif
| 
|   ;
|   return 0;
| }
configure:23335: g++ -std=c++11 -c -g -O2 -Wall -Wextra -Wformat -Wvla -Wformat-security -Wthread-safety-analysis -Wno-unused-parameter -Wno-self-assign -Wno-unused-local-typedef -Wno-deprecated-register -Wno-implicit-fallthrough -I/usr/local/opt/openssl/include -DHAVE_BUILD_INFO -D__STDC_FORMAT_MACROS -I/usr/local/opt/berkeley-db@4/include -DMAC_OSX conftest.cpp >&5
conftest.cpp:48:18: fatal error: 'db4/db_cxx.h' file not found
        #include <db4/db_cxx.h>
                 ^~~~~~~~~~~~~~
1 error generated.
configure:23335: $? = 1
configure: failed program was:
| /* confdefs.h */
| #define PACKAGE_NAME "TrumpCoin Core"
| #define PACKAGE_TARNAME "trumpcoin"
| #define PACKAGE_VERSION "2.0.0"
| #define PACKAGE_STRING "TrumpCoin Core 2.0.0"
| #define PACKAGE_BUGREPORT "www.trumpcoin.org"
| #define PACKAGE_URL ""
| #define HAVE_CXX11 1
| #define STDC_HEADERS 1
| #define HAVE_SYS_TYPES_H 1
| #define HAVE_SYS_STAT_H 1
| #define HAVE_STDLIB_H 1
| #define HAVE_STRING_H 1
| #define HAVE_MEMORY_H 1
| #define HAVE_STRINGS_H 1
| #define HAVE_INTTYPES_H 1
| #define HAVE_STDINT_H 1
| #define HAVE_UNISTD_H 1
| #define HAVE_DLFCN_H 1
| #define LT_OBJDIR ".libs/"
| #define HAVE_PTHREAD_PRIO_INHERIT 1
| #define HAVE_PTHREAD 1
| #define HAVE_DECL_STRERROR_R 1
| #define HAVE_STRERROR_R 1
| #define HAVE_STDIO_H 1
| #define HAVE_STDLIB_H 1
| #define HAVE_UNISTD_H 1
| #define HAVE_STRINGS_H 1
| #define HAVE_SYS_TYPES_H 1
| #define HAVE_SYS_STAT_H 1
| #define HAVE_SYS_SELECT_H 1
| #define HAVE_INET_PTON 1
| #define HAVE_DECL_STRNLEN 1
| #define HAVE_DECL_DAEMON 1
| #define HAVE_DECL_LE32TOH 0
| #define HAVE_DECL_LE64TOH 0
| #define HAVE_DECL_HTOLE32 0
| #define HAVE_DECL_HTOLE64 0
| #define HAVE_DECL_BE32TOH 0
| #define HAVE_DECL_BE64TOH 0
| #define HAVE_DECL_HTOBE32 0
| #define HAVE_DECL_HTOBE64 0
| #define HAVE_MSG_DONTWAIT 1
| #define HAVE_VISIBILITY_ATTRIBUTE 1
| #define HAVE_THREAD_LOCAL 1
| /* end confdefs.h.  */
| 
|         #include <db4/db_cxx.h>
| 
| int
| main ()
| {
| 
|         #if !((DB_VERSION_MAJOR == 4 && DB_VERSION_MINOR >= 8) || DB_VERSION_MAJOR > 4)
|           #error "failed to find bdb 4.8+"
|         #endif
| 
|   ;
|   return 0;
| }
configure:23335: g++ -std=c++11 -c -g -O2 -Wall -Wextra -Wformat -Wvla -Wformat-security -Wthread-safety-analysis -Wno-unused-parameter -Wno-self-assign -Wno-unused-local-typedef -Wno-deprecated-register -Wno-implicit-fallthrough -I/usr/local/opt/openssl/include -DHAVE_BUILD_INFO -D__STDC_FORMAT_MACROS -I/usr/local/opt/berkeley-db@4/include -DMAC_OSX conftest.cpp >&5
conftest.cpp:48:18: fatal error: 'bdb5/db_cxx.h' file not found
        #include <bdb5/db_cxx.h>
                 ^~~~~~~~~~~~~~~
1 error generated.
configure:23335: $? = 1
configure: failed program was:
| /* confdefs.h */
| #define PACKAGE_NAME "TrumpCoin Core"
| #define PACKAGE_TARNAME "trumpcoin"
| #define PACKAGE_VERSION "2.0.0"
| #define PACKAGE_STRING "TrumpCoin Core 2.0.0"
| #define PACKAGE_BUGREPORT "www.trumpcoin.org"
| #define PACKAGE_URL ""
| #define HAVE_CXX11 1
| #define STDC_HEADERS 1
| #define HAVE_SYS_TYPES_H 1
| #define HAVE_SYS_STAT_H 1
| #define HAVE_STDLIB_H 1
| #define HAVE_STRING_H 1
| #define HAVE_MEMORY_H 1
| #define HAVE_STRINGS_H 1
| #define HAVE_INTTYPES_H 1
| #define HAVE_STDINT_H 1
| #define HAVE_UNISTD_H 1
| #define HAVE_DLFCN_H 1
| #define LT_OBJDIR ".libs/"
| #define HAVE_PTHREAD_PRIO_INHERIT 1
| #define HAVE_PTHREAD 1
| #define HAVE_DECL_STRERROR_R 1
| #define HAVE_STRERROR_R 1
| #define HAVE_STDIO_H 1
| #define HAVE_STDLIB_H 1
| #define HAVE_UNISTD_H 1
| #define HAVE_STRINGS_H 1
| #define HAVE_SYS_TYPES_H 1
| #define HAVE_SYS_STAT_H 1
| #define HAVE_SYS_SELECT_H 1
| #define HAVE_INET_PTON 1
| #define HAVE_DECL_STRNLEN 1
| #define HAVE_DECL_DAEMON 1
| #define HAVE_DECL_LE32TOH 0
| #define HAVE_DECL_LE64TOH 0
| #define HAVE_DECL_HTOLE32 0
| #define HAVE_DECL_HTOLE64 0
| #define HAVE_DECL_BE32TOH 0
| #define HAVE_DECL_BE64TOH 0
| #define HAVE_DECL_HTOBE32 0
| #define HAVE_DECL_HTOBE64 0
| #define HAVE_MSG_DONTWAIT 1
| #define HAVE_VISIBILITY_ATTRIBUTE 1
| #define HAVE_THREAD_LOCAL 1
| /* end confdefs.h.  */
| 
|         #include <bdb5/db_cxx.h>
| 
| int
| main ()
| {
| 
|         #if !((DB_VERSION_MAJOR == 4 && DB_VERSION_MINOR >= 8) || DB_VERSION_MAJOR > 4)
|           #error "failed to find bdb 4.8+"
|         #endif
| 
|   ;
|   return 0;
| }
configure:23335: g++ -std=c++11 -c -g -O2 -Wall -Wextra -Wformat -Wvla -Wformat-security -Wthread-safety-analysis -Wno-unused-parameter -Wno-self-assign -Wno-unused-local-typedef -Wno-deprecated-register -Wno-implicit-fallthrough -I/usr/local/opt/openssl/include -DHAVE_BUILD_INFO -D__STDC_FORMAT_MACROS -I/usr/local/opt/berkeley-db@4/include -DMAC_OSX conftest.cpp >&5
conftest.cpp:48:18: fatal error: 'libdb5/db_cxx.h' file not found
        #include <libdb5/db_cxx.h>
                 ^~~~~~~~~~~~~~~~~
1 error generated.
configure:23335: $? = 1
configure: failed program was:
| /* confdefs.h */
| #define PACKAGE_NAME "TrumpCoin Core"
| #define PACKAGE_TARNAME "trumpcoin"
| #define PACKAGE_VERSION "2.0.0"
| #define PACKAGE_STRING "TrumpCoin Core 2.0.0"
| #define PACKAGE_BUGREPORT "www.trumpcoin.org"
| #define PACKAGE_URL ""
| #define HAVE_CXX11 1
| #define STDC_HEADERS 1
| #define HAVE_SYS_TYPES_H 1
| #define HAVE_SYS_STAT_H 1
| #define HAVE_STDLIB_H 1
| #define HAVE_STRING_H 1
| #define HAVE_MEMORY_H 1
| #define HAVE_STRINGS_H 1
| #define HAVE_INTTYPES_H 1
| #define HAVE_STDINT_H 1
| #define HAVE_UNISTD_H 1
| #define HAVE_DLFCN_H 1
| #define LT_OBJDIR ".libs/"
| #define HAVE_PTHREAD_PRIO_INHERIT 1
| #define HAVE_PTHREAD 1
| #define HAVE_DECL_STRERROR_R 1
| #define HAVE_STRERROR_R 1
| #define HAVE_STDIO_H 1
| #define HAVE_STDLIB_H 1
| #define HAVE_UNISTD_H 1
| #define HAVE_STRINGS_H 1
| #define HAVE_SYS_TYPES_H 1
| #define HAVE_SYS_STAT_H 1
| #define HAVE_SYS_SELECT_H 1
| #define HAVE_INET_PTON 1
| #define HAVE_DECL_STRNLEN 1
| #define HAVE_DECL_DAEMON 1
| #define HAVE_DECL_LE32TOH 0
| #define HAVE_DECL_LE64TOH 0
| #define HAVE_DECL_HTOLE32 0
| #define HAVE_DECL_HTOLE64 0
| #define HAVE_DECL_BE32TOH 0
| #define HAVE_DECL_BE64TOH 0
| #define HAVE_DECL_HTOBE32 0
| #define HAVE_DECL_HTOBE64 0
| #define HAVE_MSG_DONTWAIT 1
| #define HAVE_VISIBILITY_ATTRIBUTE 1
| #define HAVE_THREAD_LOCAL 1
| /* end confdefs.h.  */
| 
|         #include <libdb5/db_cxx.h>
| 
| int
| main ()
| {
| 
|         #if !((DB_VERSION_MAJOR == 4 && DB_VERSION_MINOR >= 8) || DB_VERSION_MAJOR > 4)
|           #error "failed to find bdb 4.8+"
|         #endif
| 
|   ;
|   return 0;
| }
configure:23335: g++ -std=c++11 -c -g -O2 -Wall -Wextra -Wformat -Wvla -Wformat-security -Wthread-safety-analysis -Wno-unused-parameter -Wno-self-assign -Wno-unused-local-typedef -Wno-deprecated-register -Wno-implicit-fallthrough -I/usr/local/opt/openssl/include -DHAVE_BUILD_INFO -D__STDC_FORMAT_MACROS -I/usr/local/opt/berkeley-db@4/include -DMAC_OSX conftest.cpp >&5
conftest.cpp:48:18: fatal error: 'db5/db_cxx.h' file not found
        #include <db5/db_cxx.h>
                 ^~~~~~~~~~~~~~
1 error generated.
configure:23335: $? = 1
configure: failed program was:
| /* confdefs.h */
| #define PACKAGE_NAME "TrumpCoin Core"
| #define PACKAGE_TARNAME "trumpcoin"
| #define PACKAGE_VERSION "2.0.0"
| #define PACKAGE_STRING "TrumpCoin Core 2.0.0"
| #define PACKAGE_BUGREPORT "www.trumpcoin.org"
| #define PACKAGE_URL ""
| #define HAVE_CXX11 1
| #define STDC_HEADERS 1
| #define HAVE_SYS_TYPES_H 1
| #define HAVE_SYS_STAT_H 1
| #define HAVE_STDLIB_H 1
| #define HAVE_STRING_H 1
| #define HAVE_MEMORY_H 1
| #define HAVE_STRINGS_H 1
| #define HAVE_INTTYPES_H 1
| #define HAVE_STDINT_H 1
| #define HAVE_UNISTD_H 1
| #define HAVE_DLFCN_H 1
| #define LT_OBJDIR ".libs/"
| #define HAVE_PTHREAD_PRIO_INHERIT 1
| #define HAVE_PTHREAD 1
| #define HAVE_DECL_STRERROR_R 1
| #define HAVE_STRERROR_R 1
| #define HAVE_STDIO_H 1
| #define HAVE_STDLIB_H 1
| #define HAVE_UNISTD_H 1
| #define HAVE_STRINGS_H 1
| #define HAVE_SYS_TYPES_H 1
| #define HAVE_SYS_STAT_H 1
| #define HAVE_SYS_SELECT_H 1
| #define HAVE_INET_PTON 1
| #define HAVE_DECL_STRNLEN 1
| #define HAVE_DECL_DAEMON 1
| #define HAVE_DECL_LE32TOH 0
| #define HAVE_DECL_LE64TOH 0
| #define HAVE_DECL_HTOLE32 0
| #define HAVE_DECL_HTOLE64 0
| #define HAVE_DECL_BE32TOH 0
| #define HAVE_DECL_BE64TOH 0
| #define HAVE_DECL_HTOBE32 0
| #define HAVE_DECL_HTOBE64 0
| #define HAVE_MSG_DONTWAIT 1
| #define HAVE_VISIBILITY_ATTRIBUTE 1
| #define HAVE_THREAD_LOCAL 1
| /* end confdefs.h.  */
| 
|         #include <db5/db_cxx.h>
| 
| int
| main ()
| {
| 
|         #if !((DB_VERSION_MAJOR == 4 && DB_VERSION_MINOR >= 8) || DB_VERSION_MAJOR > 4)
|           #error "failed to find bdb 4.8+"
|         #endif
| 
|   ;
|   return 0;
| }
configure:23335: g++ -std=c++11 -c -g -O2 -Wall -Wextra -Wformat -Wvla -Wformat-security -Wthread-safety-analysis -Wno-unused-parameter -Wno-self-assign -Wno-unused-local-typedef -Wno-deprecated-register -Wno-implicit-fallthrough -I/usr/local/opt/openssl/include -DHAVE_BUILD_INFO -D__STDC_FORMAT_MACROS -I/usr/local/opt/berkeley-db@4/include -DMAC_OSX conftest.cpp >&5
conftest.cpp:48:18: fatal error: 'bdb5.3/db_cxx.h' file not found
        #include <bdb5.3/db_cxx.h>
                 ^~~~~~~~~~~~~~~~~
1 error generated.
configure:23335: $? = 1
configure: failed program was:
| /* confdefs.h */
| #define PACKAGE_NAME "TrumpCoin Core"
| #define PACKAGE_TARNAME "trumpcoin"
| #define PACKAGE_VERSION "2.0.0"
| #define PACKAGE_STRING "TrumpCoin Core 2.0.0"
| #define PACKAGE_BUGREPORT "www.trumpcoin.org"
| #define PACKAGE_URL ""
| #define HAVE_CXX11 1
| #define STDC_HEADERS 1
| #define HAVE_SYS_TYPES_H 1
| #define HAVE_SYS_STAT_H 1
| #define HAVE_STDLIB_H 1
| #define HAVE_STRING_H 1
| #define HAVE_MEMORY_H 1
| #define HAVE_STRINGS_H 1
| #define HAVE_INTTYPES_H 1
| #define HAVE_STDINT_H 1
| #define HAVE_UNISTD_H 1
| #define HAVE_DLFCN_H 1
| #define LT_OBJDIR ".libs/"
| #define HAVE_PTHREAD_PRIO_INHERIT 1
| #define HAVE_PTHREAD 1
| #define HAVE_DECL_STRERROR_R 1
| #define HAVE_STRERROR_R 1
| #define HAVE_STDIO_H 1
| #define HAVE_STDLIB_H 1
| #define HAVE_UNISTD_H 1
| #define HAVE_STRINGS_H 1
| #define HAVE_SYS_TYPES_H 1
| #define HAVE_SYS_STAT_H 1
| #define HAVE_SYS_SELECT_H 1
| #define HAVE_INET_PTON 1
| #define HAVE_DECL_STRNLEN 1
| #define HAVE_DECL_DAEMON 1
| #define HAVE_DECL_LE32TOH 0
| #define HAVE_DECL_LE64TOH 0
| #define HAVE_DECL_HTOLE32 0
| #define HAVE_DECL_HTOLE64 0
| #define HAVE_DECL_BE32TOH 0
| #define HAVE_DECL_BE64TOH 0
| #define HAVE_DECL_HTOBE32 0
| #define HAVE_DECL_HTOBE64 0
| #define HAVE_MSG_DONTWAIT 1
| #define HAVE_VISIBILITY_ATTRIBUTE 1
| #define HAVE_THREAD_LOCAL 1
| /* end confdefs.h.  */
| 
|         #include <bdb5.3/db_cxx.h>
| 
| int
| main ()
| {
| 
|         #if !((DB_VERSION_MAJOR == 4 && DB_VERSION_MINOR >= 8) || DB_VERSION_MAJOR > 4)
|           #error "failed to find bdb 4.8+"
|         #endif
| 
|   ;
|   return 0;
| }
configure:23335: g++ -std=c++11 -c -g -O2 -Wall -Wextra -Wformat -Wvla -Wformat-security -Wthread-safety-analysis -Wno-unused-parameter -Wno-self-assign -Wno-unused-local-typedef -Wno-deprecated-register -Wno-implicit-fallthrough -I/usr/local/opt/openssl/include -DHAVE_BUILD_INFO -D__STDC_FORMAT_MACROS -I/usr/local/opt/berkeley-db@4/include -DMAC_OSX conftest.cpp >&5
conftest.cpp:48:18: fatal error: 'libdb5.3/db_cxx.h' file not found
        #include <libdb5.3/db_cxx.h>
                 ^~~~~~~~~~~~~~~~~~~
1 error generated.
configure:23335: $? = 1
configure: failed program was:
| /* confdefs.h */
| #define PACKAGE_NAME "TrumpCoin Core"
| #define PACKAGE_TARNAME "trumpcoin"
| #define PACKAGE_VERSION "2.0.0"
| #define PACKAGE_STRING "TrumpCoin Core 2.0.0"
| #define PACKAGE_BUGREPORT "www.trumpcoin.org"
| #define PACKAGE_URL ""
| #define HAVE_CXX11 1
| #define STDC_HEADERS 1
| #define HAVE_SYS_TYPES_H 1
| #define HAVE_SYS_STAT_H 1
| #define HAVE_STDLIB_H 1
| #define HAVE_STRING_H 1
| #define HAVE_MEMORY_H 1
| #define HAVE_STRINGS_H 1
| #define HAVE_INTTYPES_H 1
| #define HAVE_STDINT_H 1
| #define HAVE_UNISTD_H 1
| #define HAVE_DLFCN_H 1
| #define LT_OBJDIR ".libs/"
| #define HAVE_PTHREAD_PRIO_INHERIT 1
| #define HAVE_PTHREAD 1
| #define HAVE_DECL_STRERROR_R 1
| #define HAVE_STRERROR_R 1
| #define HAVE_STDIO_H 1
| #define HAVE_STDLIB_H 1
| #define HAVE_UNISTD_H 1
| #define HAVE_STRINGS_H 1
| #define HAVE_SYS_TYPES_H 1
| #define HAVE_SYS_STAT_H 1
| #define HAVE_SYS_SELECT_H 1
| #define HAVE_INET_PTON 1
| #define HAVE_DECL_STRNLEN 1
| #define HAVE_DECL_DAEMON 1
| #define HAVE_DECL_LE32TOH 0
| #define HAVE_DECL_LE64TOH 0
| #define HAVE_DECL_HTOLE32 0
| #define HAVE_DECL_HTOLE64 0
| #define HAVE_DECL_BE32TOH 0
| #define HAVE_DECL_BE64TOH 0
| #define HAVE_DECL_HTOBE32 0
| #define HAVE_DECL_HTOBE64 0
| #define HAVE_MSG_DONTWAIT 1
| #define HAVE_VISIBILITY_ATTRIBUTE 1
| #define HAVE_THREAD_LOCAL 1
| /* end confdefs.h.  */
| 
|         #include <libdb5.3/db_cxx.h>
| 
| int
| main ()
| {
| 
|         #if !((DB_VERSION_MAJOR == 4 && DB_VERSION_MINOR >= 8) || DB_VERSION_MAJOR > 4)
|           #error "failed to find bdb 4.8+"
|         #endif
| 
|   ;
|   return 0;
| }
configure:23335: g++ -std=c++11 -c -g -O2 -Wall -Wextra -Wformat -Wvla -Wformat-security -Wthread-safety-analysis -Wno-unused-parameter -Wno-self-assign -Wno-unused-local-typedef -Wno-deprecated-register -Wno-implicit-fallthrough -I/usr/local/opt/openssl/include -DHAVE_BUILD_INFO -D__STDC_FORMAT_MACROS -I/usr/local/opt/berkeley-db@4/include -DMAC_OSX conftest.cpp >&5
conftest.cpp:48:18: fatal error: 'db5.3/db_cxx.h' file not found
        #include <db5.3/db_cxx.h>
                 ^~~~~~~~~~~~~~~~
1 error generated.
configure:23335: $? = 1
configure: failed program was:
| /* confdefs.h */
| #define PACKAGE_NAME "TrumpCoin Core"
| #define PACKAGE_TARNAME "trumpcoin"
| #define PACKAGE_VERSION "2.0.0"
| #define PACKAGE_STRING "TrumpCoin Core 2.0.0"
| #define PACKAGE_BUGREPORT "www.trumpcoin.org"
| #define PACKAGE_URL ""
| #define HAVE_CXX11 1
| #define STDC_HEADERS 1
| #define HAVE_SYS_TYPES_H 1
| #define HAVE_SYS_STAT_H 1
| #define HAVE_STDLIB_H 1
| #define HAVE_STRING_H 1
| #define HAVE_MEMORY_H 1
| #define HAVE_STRINGS_H 1
| #define HAVE_INTTYPES_H 1
| #define HAVE_STDINT_H 1
| #define HAVE_UNISTD_H 1
| #define HAVE_DLFCN_H 1
| #define LT_OBJDIR ".libs/"
| #define HAVE_PTHREAD_PRIO_INHERIT 1
| #define HAVE_PTHREAD 1
| #define HAVE_DECL_STRERROR_R 1
| #define HAVE_STRERROR_R 1
| #define HAVE_STDIO_H 1
| #define HAVE_STDLIB_H 1
| #define HAVE_UNISTD_H 1
| #define HAVE_STRINGS_H 1
| #define HAVE_SYS_TYPES_H 1
| #define HAVE_SYS_STAT_H 1
| #define HAVE_SYS_SELECT_H 1
| #define HAVE_INET_PTON 1
| #define HAVE_DECL_STRNLEN 1
| #define HAVE_DECL_DAEMON 1
| #define HAVE_DECL_LE32TOH 0
| #define HAVE_DECL_LE64TOH 0
| #define HAVE_DECL_HTOLE32 0
| #define HAVE_DECL_HTOLE64 0
| #define HAVE_DECL_BE32TOH 0
| #define HAVE_DECL_BE64TOH 0
| #define HAVE_DECL_HTOBE32 0
| #define HAVE_DECL_HTOBE64 0
| #define HAVE_MSG_DONTWAIT 1
| #define HAVE_VISIBILITY_ATTRIBUTE 1
| #define HAVE_THREAD_LOCAL 1
| /* end confdefs.h.  */
| 
|         #include <db5.3/db_cxx.h>
| 
| int
| main ()
| {
| 
|         #if !((DB_VERSION_MAJOR == 4 && DB_VERSION_MINOR >= 8) || DB_VERSION_MAJOR > 4)
|           #error "failed to find bdb 4.8+"
|         #endif
| 
|   ;
|   return 0;
| }
configure:23335: g++ -std=c++11 -c -g -O2 -Wall -Wextra -Wformat -Wvla -Wformat-security -Wthread-safety-analysis -Wno-unused-parameter -Wno-self-assign -Wno-unused-local-typedef -Wno-deprecated-register -Wno-implicit-fallthrough -I/usr/local/opt/openssl/include -DHAVE_BUILD_INFO -D__STDC_FORMAT_MACROS -I/usr/local/opt/berkeley-db@4/include -DMAC_OSX conftest.cpp >&5
conftest.cpp:48:18: fatal error: 'bdb/db_cxx.h' file not found
        #include <bdb/db_cxx.h>
                 ^~~~~~~~~~~~~~
1 error generated.
configure:23335: $? = 1
configure: failed program was:
| /* confdefs.h */
| #define PACKAGE_NAME "TrumpCoin Core"
| #define PACKAGE_TARNAME "trumpcoin"
| #define PACKAGE_VERSION "2.0.0"
| #define PACKAGE_STRING "TrumpCoin Core 2.0.0"
| #define PACKAGE_BUGREPORT "www.trumpcoin.org"
| #define PACKAGE_URL ""
| #define HAVE_CXX11 1
| #define STDC_HEADERS 1
| #define HAVE_SYS_TYPES_H 1
| #define HAVE_SYS_STAT_H 1
| #define HAVE_STDLIB_H 1
| #define HAVE_STRING_H 1
| #define HAVE_MEMORY_H 1
| #define HAVE_STRINGS_H 1
| #define HAVE_INTTYPES_H 1
| #define HAVE_STDINT_H 1
| #define HAVE_UNISTD_H 1
| #define HAVE_DLFCN_H 1
| #define LT_OBJDIR ".libs/"
| #define HAVE_PTHREAD_PRIO_INHERIT 1
| #define HAVE_PTHREAD 1
| #define HAVE_DECL_STRERROR_R 1
| #define HAVE_STRERROR_R 1
| #define HAVE_STDIO_H 1
| #define HAVE_STDLIB_H 1
| #define HAVE_UNISTD_H 1
| #define HAVE_STRINGS_H 1
| #define HAVE_SYS_TYPES_H 1
| #define HAVE_SYS_STAT_H 1
| #define HAVE_SYS_SELECT_H 1
| #define HAVE_INET_PTON 1
| #define HAVE_DECL_STRNLEN 1
| #define HAVE_DECL_DAEMON 1
| #define HAVE_DECL_LE32TOH 0
| #define HAVE_DECL_LE64TOH 0
| #define HAVE_DECL_HTOLE32 0
| #define HAVE_DECL_HTOLE64 0
| #define HAVE_DECL_BE32TOH 0
| #define HAVE_DECL_BE64TOH 0
| #define HAVE_DECL_HTOBE32 0
| #define HAVE_DECL_HTOBE64 0
| #define HAVE_MSG_DONTWAIT 1
| #define HAVE_VISIBILITY_ATTRIBUTE 1
| #define HAVE_THREAD_LOCAL 1
| /* end confdefs.h.  */
| 
|         #include <bdb/db_cxx.h>
| 
| int
| main ()
| {
| 
|         #if !((DB_VERSION_MAJOR == 4 && DB_VERSION_MINOR >= 8) || DB_VERSION_MAJOR > 4)
|           #error "failed to find bdb 4.8+"
|         #endif
| 
|   ;
|   return 0;
| }
configure:23335: g++ -std=c++11 -c -g -O2 -Wall -Wextra -Wformat -Wvla -Wformat-security -Wthread-safety-analysis -Wno-unused-parameter -Wno-self-assign -Wno-unused-local-typedef -Wno-deprecated-register -Wno-implicit-fallthrough -I/usr/local/opt/openssl/include -DHAVE_BUILD_INFO -D__STDC_FORMAT_MACROS -I/usr/local/opt/berkeley-db@4/include -DMAC_OSX conftest.cpp >&5
conftest.cpp:48:18: fatal error: 'libdb/db_cxx.h' file not found
        #include <libdb/db_cxx.h>
                 ^~~~~~~~~~~~~~~~
1 error generated.
configure:23335: $? = 1
configure: failed program was:
| /* confdefs.h */
| #define PACKAGE_NAME "TrumpCoin Core"
| #define PACKAGE_TARNAME "trumpcoin"
| #define PACKAGE_VERSION "2.0.0"
| #define PACKAGE_STRING "TrumpCoin Core 2.0.0"
| #define PACKAGE_BUGREPORT "www.trumpcoin.org"
| #define PACKAGE_URL ""
| #define HAVE_CXX11 1
| #define STDC_HEADERS 1
| #define HAVE_SYS_TYPES_H 1
| #define HAVE_SYS_STAT_H 1
| #define HAVE_STDLIB_H 1
| #define HAVE_STRING_H 1
| #define HAVE_MEMORY_H 1
| #define HAVE_STRINGS_H 1
| #define HAVE_INTTYPES_H 1
| #define HAVE_STDINT_H 1
| #define HAVE_UNISTD_H 1
| #define HAVE_DLFCN_H 1
| #define LT_OBJDIR ".libs/"
| #define HAVE_PTHREAD_PRIO_INHERIT 1
| #define HAVE_PTHREAD 1
| #define HAVE_DECL_STRERROR_R 1
| #define HAVE_STRERROR_R 1
| #define HAVE_STDIO_H 1
| #define HAVE_STDLIB_H 1
| #define HAVE_UNISTD_H 1
| #define HAVE_STRINGS_H 1
| #define HAVE_SYS_TYPES_H 1
| #define HAVE_SYS_STAT_H 1
| #define HAVE_SYS_SELECT_H 1
| #define HAVE_INET_PTON 1
| #define HAVE_DECL_STRNLEN 1
| #define HAVE_DECL_DAEMON 1
| #define HAVE_DECL_LE32TOH 0
| #define HAVE_DECL_LE64TOH 0
| #define HAVE_DECL_HTOLE32 0
| #define HAVE_DECL_HTOLE64 0
| #define HAVE_DECL_BE32TOH 0
| #define HAVE_DECL_BE64TOH 0
| #define HAVE_DECL_HTOBE32 0
| #define HAVE_DECL_HTOBE64 0
| #define HAVE_MSG_DONTWAIT 1
| #define HAVE_VISIBILITY_ATTRIBUTE 1
| #define HAVE_THREAD_LOCAL 1
| /* end confdefs.h.  */
| 
|         #include <libdb/db_cxx.h>
| 
| int
| main ()
| {
| 
|         #if !((DB_VERSION_MAJOR == 4 && DB_VERSION_MINOR >= 8) || DB_VERSION_MAJOR > 4)
|           #error "failed to find bdb 4.8+"
|         #endif
| 
|   ;
|   return 0;
| }
configure:23335: g++ -std=c++11 -c -g -O2 -Wall -Wextra -Wformat -Wvla -Wformat-security -Wthread-safety-analysis -Wno-unused-parameter -Wno-self-assign -Wno-unused-local-typedef -Wno-deprecated-register -Wno-implicit-fallthrough -I/usr/local/opt/openssl/include -DHAVE_BUILD_INFO -D__STDC_FORMAT_MACROS -I/usr/local/opt/berkeley-db@4/include -DMAC_OSX conftest.cpp >&5
conftest.cpp:48:18: fatal error: 'db/db_cxx.h' file not found
        #include <db/db_cxx.h>
                 ^~~~~~~~~~~~~
1 error generated.
configure:23335: $? = 1
configure: failed program was:
| /* confdefs.h */
| #define PACKAGE_NAME "TrumpCoin Core"
| #define PACKAGE_TARNAME "trumpcoin"
| #define PACKAGE_VERSION "2.0.0"
| #define PACKAGE_STRING "TrumpCoin Core 2.0.0"
| #define PACKAGE_BUGREPORT "www.trumpcoin.org"
| #define PACKAGE_URL ""
| #define HAVE_CXX11 1
| #define STDC_HEADERS 1
| #define HAVE_SYS_TYPES_H 1
| #define HAVE_SYS_STAT_H 1
| #define HAVE_STDLIB_H 1
| #define HAVE_STRING_H 1
| #define HAVE_MEMORY_H 1
| #define HAVE_STRINGS_H 1
| #define HAVE_INTTYPES_H 1
| #define HAVE_STDINT_H 1
| #define HAVE_UNISTD_H 1
| #define HAVE_DLFCN_H 1
| #define LT_OBJDIR ".libs/"
| #define HAVE_PTHREAD_PRIO_INHERIT 1
| #define HAVE_PTHREAD 1
| #define HAVE_DECL_STRERROR_R 1
| #define HAVE_STRERROR_R 1
| #define HAVE_STDIO_H 1
| #define HAVE_STDLIB_H 1
| #define HAVE_UNISTD_H 1
| #define HAVE_STRINGS_H 1
| #define HAVE_SYS_TYPES_H 1
| #define HAVE_SYS_STAT_H 1
| #define HAVE_SYS_SELECT_H 1
| #define HAVE_INET_PTON 1
| #define HAVE_DECL_STRNLEN 1
| #define HAVE_DECL_DAEMON 1
| #define HAVE_DECL_LE32TOH 0
| #define HAVE_DECL_LE64TOH 0
| #define HAVE_DECL_HTOLE32 0
| #define HAVE_DECL_HTOLE64 0
| #define HAVE_DECL_BE32TOH 0
| #define HAVE_DECL_BE64TOH 0
| #define HAVE_DECL_HTOBE32 0
| #define HAVE_DECL_HTOBE64 0
| #define HAVE_MSG_DONTWAIT 1
| #define HAVE_VISIBILITY_ATTRIBUTE 1
| #define HAVE_THREAD_LOCAL 1
| /* end confdefs.h.  */
| 
|         #include <db/db_cxx.h>
| 
| int
| main ()
| {
| 
|         #if !((DB_VERSION_MAJOR == 4 && DB_VERSION_MINOR >= 8) || DB_VERSION_MAJOR > 4)
|           #error "failed to find bdb 4.8+"
|         #endif
| 
|   ;
|   return 0;
| }
configure:23335: g++ -std=c++11 -c -g -O2 -Wall -Wextra -Wformat -Wvla -Wformat-security -Wthread-safety-analysis -Wno-unused-parameter -Wno-self-assign -Wno-unused-local-typedef -Wno-deprecated-register -Wno-implicit-fallthrough -I/usr/local/opt/openssl/include -DHAVE_BUILD_INFO -D__STDC_FORMAT_MACROS -I/usr/local/opt/berkeley-db@4/include -DMAC_OSX conftest.cpp >&5
configure:23335: $? = 0
configure:23364: g++ -std=c++11 -c -g -O2 -Wall -Wextra -Wformat -Wvla -Wformat-security -Wthread-safety-analysis -Wno-unused-parameter -Wno-self-assign -Wno-unused-local-typedef -Wno-deprecated-register -Wno-implicit-fallthrough -I/usr/local/opt/openssl/include -DHAVE_BUILD_INFO -D__STDC_FORMAT_MACROS -I/usr/local/opt/berkeley-db@4/include -DMAC_OSX conftest.cpp >&5
configure:23364: $? = 0
configure:23407: result: default
configure:23430: checking for main in -ldb_cxx-4.8
configure:23449: g++ -std=c++11 -o conftest -g -O2 -Wall -Wextra -Wformat -Wvla -Wformat-security -Wthread-safety-analysis -Wno-unused-parameter -Wno-self-assign -Wno-unused-local-typedef -Wno-deprecated-register -Wno-implicit-fallthrough -I/usr/local/opt/openssl/include -DHAVE_BUILD_INFO -D__STDC_FORMAT_MACROS -I/usr/local/opt/berkeley-db@4/include -DMAC_OSX -L/usr/local/opt/openssl/lib -Wl,-headerpad_max_install_names -Wl,-dead_strip conftest.cpp -ldb_cxx-4.8   -L/usr/local/opt/berkeley-db@4/lib >&5
conftest.cpp:51:1: warning: all paths through this function will call itself [-Winfinite-recursion]
{
^
1 warning generated.
configure:23449: $? = 0
configure:23459: result: yes
configure:23481: checking miniupnpc/miniwget.h usability
configure:23481: g++ -std=c++11 -c -g -O2 -Wall -Wextra -Wformat -Wvla -Wformat-security -Wthread-safety-analysis -Wno-unused-parameter -Wno-self-assign -Wno-unused-local-typedef -Wno-deprecated-register -Wno-implicit-fallthrough -I/usr/local/opt/openssl/include -DHAVE_BUILD_INFO -D__STDC_FORMAT_MACROS -I/usr/local/opt/berkeley-db@4/include -DMAC_OSX conftest.cpp >&5
conftest.cpp:80:10: fatal error: 'miniupnpc/miniwget.h' file not found
#include <miniupnpc/miniwget.h>
         ^~~~~~~~~~~~~~~~~~~~~~
1 error generated.
configure:23481: $? = 1
configure: failed program was:
| /* confdefs.h */
| #define PACKAGE_NAME "TrumpCoin Core"
| #define PACKAGE_TARNAME "trumpcoin"
| #define PACKAGE_VERSION "2.0.0"
| #define PACKAGE_STRING "TrumpCoin Core 2.0.0"
| #define PACKAGE_BUGREPORT "www.trumpcoin.org"
| #define PACKAGE_URL ""
| #define HAVE_CXX11 1
| #define STDC_HEADERS 1
| #define HAVE_SYS_TYPES_H 1
| #define HAVE_SYS_STAT_H 1
| #define HAVE_STDLIB_H 1
| #define HAVE_STRING_H 1
| #define HAVE_MEMORY_H 1
| #define HAVE_STRINGS_H 1
| #define HAVE_INTTYPES_H 1
| #define HAVE_STDINT_H 1
| #define HAVE_UNISTD_H 1
| #define HAVE_DLFCN_H 1
| #define LT_OBJDIR ".libs/"
| #define HAVE_PTHREAD_PRIO_INHERIT 1
| #define HAVE_PTHREAD 1
| #define HAVE_DECL_STRERROR_R 1
| #define HAVE_STRERROR_R 1
| #define HAVE_STDIO_H 1
| #define HAVE_STDLIB_H 1
| #define HAVE_UNISTD_H 1
| #define HAVE_STRINGS_H 1
| #define HAVE_SYS_TYPES_H 1
| #define HAVE_SYS_STAT_H 1
| #define HAVE_SYS_SELECT_H 1
| #define HAVE_INET_PTON 1
| #define HAVE_DECL_STRNLEN 1
| #define HAVE_DECL_DAEMON 1
| #define HAVE_DECL_LE32TOH 0
| #define HAVE_DECL_LE64TOH 0
| #define HAVE_DECL_HTOLE32 0
| #define HAVE_DECL_HTOLE64 0
| #define HAVE_DECL_BE32TOH 0
| #define HAVE_DECL_BE64TOH 0
| #define HAVE_DECL_HTOBE32 0
| #define HAVE_DECL_HTOBE64 0
| #define HAVE_MSG_DONTWAIT 1
| #define HAVE_VISIBILITY_ATTRIBUTE 1
| #define HAVE_THREAD_LOCAL 1
| /* end confdefs.h.  */
| #include <stdio.h>
| #ifdef HAVE_SYS_TYPES_H
| # include <sys/types.h>
| #endif
| #ifdef HAVE_SYS_STAT_H
| # include <sys/stat.h>
| #endif
| #ifdef STDC_HEADERS
| # include <stdlib.h>
| # include <stddef.h>
| #else
| # ifdef HAVE_STDLIB_H
| #  include <stdlib.h>
| # endif
| #endif
| #ifdef HAVE_STRING_H
| # if !defined STDC_HEADERS && defined HAVE_MEMORY_H
| #  include <memory.h>
| # endif
| # include <string.h>
| #endif
| #ifdef HAVE_STRINGS_H
| # include <strings.h>
| #endif
| #ifdef HAVE_INTTYPES_H
| # include <inttypes.h>
| #endif
| #ifdef HAVE_STDINT_H
| # include <stdint.h>
| #endif
| #ifdef HAVE_UNISTD_H
| # include <unistd.h>
| #endif
| #include <miniupnpc/miniwget.h>
configure:23481: result: no
configure:23481: checking miniupnpc/miniwget.h presence
configure:23481: g++ -std=c++11 -E -I/usr/local/opt/openssl/include -DHAVE_BUILD_INFO -D__STDC_FORMAT_MACROS -I/usr/local/opt/berkeley-db@4/include -DMAC_OSX conftest.cpp
conftest.cpp:47:10: fatal error: 'miniupnpc/miniwget.h' file not found
#include <miniupnpc/miniwget.h>
         ^~~~~~~~~~~~~~~~~~~~~~
1 error generated.
configure:23481: $? = 1
configure: failed program was:
| /* confdefs.h */
| #define PACKAGE_NAME "TrumpCoin Core"
| #define PACKAGE_TARNAME "trumpcoin"
| #define PACKAGE_VERSION "2.0.0"
| #define PACKAGE_STRING "TrumpCoin Core 2.0.0"
| #define PACKAGE_BUGREPORT "www.trumpcoin.org"
| #define PACKAGE_URL ""
| #define HAVE_CXX11 1
| #define STDC_HEADERS 1
| #define HAVE_SYS_TYPES_H 1
| #define HAVE_SYS_STAT_H 1
| #define HAVE_STDLIB_H 1
| #define HAVE_STRING_H 1
| #define HAVE_MEMORY_H 1
| #define HAVE_STRINGS_H 1
| #define HAVE_INTTYPES_H 1
| #define HAVE_STDINT_H 1
| #define HAVE_UNISTD_H 1
| #define HAVE_DLFCN_H 1
| #define LT_OBJDIR ".libs/"
| #define HAVE_PTHREAD_PRIO_INHERIT 1
| #define HAVE_PTHREAD 1
| #define HAVE_DECL_STRERROR_R 1
| #define HAVE_STRERROR_R 1
| #define HAVE_STDIO_H 1
| #define HAVE_STDLIB_H 1
| #define HAVE_UNISTD_H 1
| #define HAVE_STRINGS_H 1
| #define HAVE_SYS_TYPES_H 1
| #define HAVE_SYS_STAT_H 1
| #define HAVE_SYS_SELECT_H 1
| #define HAVE_INET_PTON 1
| #define HAVE_DECL_STRNLEN 1
| #define HAVE_DECL_DAEMON 1
| #define HAVE_DECL_LE32TOH 0
| #define HAVE_DECL_LE64TOH 0
| #define HAVE_DECL_HTOLE32 0
| #define HAVE_DECL_HTOLE64 0
| #define HAVE_DECL_BE32TOH 0
| #define HAVE_DECL_BE64TOH 0
| #define HAVE_DECL_HTOBE32 0
| #define HAVE_DECL_HTOBE64 0
| #define HAVE_MSG_DONTWAIT 1
| #define HAVE_VISIBILITY_ATTRIBUTE 1
| #define HAVE_THREAD_LOCAL 1
| /* end confdefs.h.  */
| #include <miniupnpc/miniwget.h>
configure:23481: result: no
configure:23481: checking for miniupnpc/miniwget.h
configure:23481: result: no
configure:23481: checking miniupnpc/miniupnpc.h usability
configure:23481: g++ -std=c++11 -c -g -O2 -Wall -Wextra -Wformat -Wvla -Wformat-security -Wthread-safety-analysis -Wno-unused-parameter -Wno-self-assign -Wno-unused-local-typedef -Wno-deprecated-register -Wno-implicit-fallthrough -I/usr/local/opt/openssl/include -DHAVE_BUILD_INFO -D__STDC_FORMAT_MACROS -I/usr/local/opt/berkeley-db@4/include -DMAC_OSX conftest.cpp >&5
conftest.cpp:80:10: fatal error: 'miniupnpc/miniupnpc.h' file not found
#include <miniupnpc/miniupnpc.h>
         ^~~~~~~~~~~~~~~~~~~~~~~
1 error generated.
configure:23481: $? = 1
configure: failed program was:
| /* confdefs.h */
| #define PACKAGE_NAME "TrumpCoin Core"
| #define PACKAGE_TARNAME "trumpcoin"
| #define PACKAGE_VERSION "2.0.0"
| #define PACKAGE_STRING "TrumpCoin Core 2.0.0"
| #define PACKAGE_BUGREPORT "www.trumpcoin.org"
| #define PACKAGE_URL ""
| #define HAVE_CXX11 1
| #define STDC_HEADERS 1
| #define HAVE_SYS_TYPES_H 1
| #define HAVE_SYS_STAT_H 1
| #define HAVE_STDLIB_H 1
| #define HAVE_STRING_H 1
| #define HAVE_MEMORY_H 1
| #define HAVE_STRINGS_H 1
| #define HAVE_INTTYPES_H 1
| #define HAVE_STDINT_H 1
| #define HAVE_UNISTD_H 1
| #define HAVE_DLFCN_H 1
| #define LT_OBJDIR ".libs/"
| #define HAVE_PTHREAD_PRIO_INHERIT 1
| #define HAVE_PTHREAD 1
| #define HAVE_DECL_STRERROR_R 1
| #define HAVE_STRERROR_R 1
| #define HAVE_STDIO_H 1
| #define HAVE_STDLIB_H 1
| #define HAVE_UNISTD_H 1
| #define HAVE_STRINGS_H 1
| #define HAVE_SYS_TYPES_H 1
| #define HAVE_SYS_STAT_H 1
| #define HAVE_SYS_SELECT_H 1
| #define HAVE_INET_PTON 1
| #define HAVE_DECL_STRNLEN 1
| #define HAVE_DECL_DAEMON 1
| #define HAVE_DECL_LE32TOH 0
| #define HAVE_DECL_LE64TOH 0
| #define HAVE_DECL_HTOLE32 0
| #define HAVE_DECL_HTOLE64 0
| #define HAVE_DECL_BE32TOH 0
| #define HAVE_DECL_BE64TOH 0
| #define HAVE_DECL_HTOBE32 0
| #define HAVE_DECL_HTOBE64 0
| #define HAVE_MSG_DONTWAIT 1
| #define HAVE_VISIBILITY_ATTRIBUTE 1
| #define HAVE_THREAD_LOCAL 1
| /* end confdefs.h.  */
| #include <stdio.h>
| #ifdef HAVE_SYS_TYPES_H
| # include <sys/types.h>
| #endif
| #ifdef HAVE_SYS_STAT_H
| # include <sys/stat.h>
| #endif
| #ifdef STDC_HEADERS
| # include <stdlib.h>
| # include <stddef.h>
| #else
| # ifdef HAVE_STDLIB_H
| #  include <stdlib.h>
| # endif
| #endif
| #ifdef HAVE_STRING_H
| # if !defined STDC_HEADERS && defined HAVE_MEMORY_H
| #  include <memory.h>
| # endif
| # include <string.h>
| #endif
| #ifdef HAVE_STRINGS_H
| # include <strings.h>
| #endif
| #ifdef HAVE_INTTYPES_H
| # include <inttypes.h>
| #endif
| #ifdef HAVE_STDINT_H
| # include <stdint.h>
| #endif
| #ifdef HAVE_UNISTD_H
| # include <unistd.h>
| #endif
| #include <miniupnpc/miniupnpc.h>
configure:23481: result: no
configure:23481: checking miniupnpc/miniupnpc.h presence
configure:23481: g++ -std=c++11 -E -I/usr/local/opt/openssl/include -DHAVE_BUILD_INFO -D__STDC_FORMAT_MACROS -I/usr/local/opt/berkeley-db@4/include -DMAC_OSX conftest.cpp
conftest.cpp:47:10: fatal error: 'miniupnpc/miniupnpc.h' file not found
#include <miniupnpc/miniupnpc.h>
         ^~~~~~~~~~~~~~~~~~~~~~~
1 error generated.
configure:23481: $? = 1
configure: failed program was:
| /* confdefs.h */
| #define PACKAGE_NAME "TrumpCoin Core"
| #define PACKAGE_TARNAME "trumpcoin"
| #define PACKAGE_VERSION "2.0.0"
| #define PACKAGE_STRING "TrumpCoin Core 2.0.0"
| #define PACKAGE_BUGREPORT "www.trumpcoin.org"
| #define PACKAGE_URL ""
| #define HAVE_CXX11 1
| #define STDC_HEADERS 1
| #define HAVE_SYS_TYPES_H 1
| #define HAVE_SYS_STAT_H 1
| #define HAVE_STDLIB_H 1
| #define HAVE_STRING_H 1
| #define HAVE_MEMORY_H 1
| #define HAVE_STRINGS_H 1
| #define HAVE_INTTYPES_H 1
| #define HAVE_STDINT_H 1
| #define HAVE_UNISTD_H 1
| #define HAVE_DLFCN_H 1
| #define LT_OBJDIR ".libs/"
| #define HAVE_PTHREAD_PRIO_INHERIT 1
| #define HAVE_PTHREAD 1
| #define HAVE_DECL_STRERROR_R 1
| #define HAVE_STRERROR_R 1
| #define HAVE_STDIO_H 1
| #define HAVE_STDLIB_H 1
| #define HAVE_UNISTD_H 1
| #define HAVE_STRINGS_H 1
| #define HAVE_SYS_TYPES_H 1
| #define HAVE_SYS_STAT_H 1
| #define HAVE_SYS_SELECT_H 1
| #define HAVE_INET_PTON 1
| #define HAVE_DECL_STRNLEN 1
| #define HAVE_DECL_DAEMON 1
| #define HAVE_DECL_LE32TOH 0
| #define HAVE_DECL_LE64TOH 0
| #define HAVE_DECL_HTOLE32 0
| #define HAVE_DECL_HTOLE64 0
| #define HAVE_DECL_BE32TOH 0
| #define HAVE_DECL_BE64TOH 0
| #define HAVE_DECL_HTOBE32 0
| #define HAVE_DECL_HTOBE64 0
| #define HAVE_MSG_DONTWAIT 1
| #define HAVE_VISIBILITY_ATTRIBUTE 1
| #define HAVE_THREAD_LOCAL 1
| /* end confdefs.h.  */
| #include <miniupnpc/miniupnpc.h>
configure:23481: result: no
configure:23481: checking for miniupnpc/miniupnpc.h
configure:23481: result: no
configure:23481: checking miniupnpc/upnpcommands.h usability
configure:23481: g++ -std=c++11 -c -g -O2 -Wall -Wextra -Wformat -Wvla -Wformat-security -Wthread-safety-analysis -Wno-unused-parameter -Wno-self-assign -Wno-unused-local-typedef -Wno-deprecated-register -Wno-implicit-fallthrough -I/usr/local/opt/openssl/include -DHAVE_BUILD_INFO -D__STDC_FORMAT_MACROS -I/usr/local/opt/berkeley-db@4/include -DMAC_OSX conftest.cpp >&5
conftest.cpp:80:10: fatal error: 'miniupnpc/upnpcommands.h' file not found
#include <miniupnpc/upnpcommands.h>
         ^~~~~~~~~~~~~~~~~~~~~~~~~~
1 error generated.
configure:23481: $? = 1
configure: failed program was:
| /* confdefs.h */
| #define PACKAGE_NAME "TrumpCoin Core"
| #define PACKAGE_TARNAME "trumpcoin"
| #define PACKAGE_VERSION "2.0.0"
| #define PACKAGE_STRING "TrumpCoin Core 2.0.0"
| #define PACKAGE_BUGREPORT "www.trumpcoin.org"
| #define PACKAGE_URL ""
| #define HAVE_CXX11 1
| #define STDC_HEADERS 1
| #define HAVE_SYS_TYPES_H 1
| #define HAVE_SYS_STAT_H 1
| #define HAVE_STDLIB_H 1
| #define HAVE_STRING_H 1
| #define HAVE_MEMORY_H 1
| #define HAVE_STRINGS_H 1
| #define HAVE_INTTYPES_H 1
| #define HAVE_STDINT_H 1
| #define HAVE_UNISTD_H 1
| #define HAVE_DLFCN_H 1
| #define LT_OBJDIR ".libs/"
| #define HAVE_PTHREAD_PRIO_INHERIT 1
| #define HAVE_PTHREAD 1
| #define HAVE_DECL_STRERROR_R 1
| #define HAVE_STRERROR_R 1
| #define HAVE_STDIO_H 1
| #define HAVE_STDLIB_H 1
| #define HAVE_UNISTD_H 1
| #define HAVE_STRINGS_H 1
| #define HAVE_SYS_TYPES_H 1
| #define HAVE_SYS_STAT_H 1
| #define HAVE_SYS_SELECT_H 1
| #define HAVE_INET_PTON 1
| #define HAVE_DECL_STRNLEN 1
| #define HAVE_DECL_DAEMON 1
| #define HAVE_DECL_LE32TOH 0
| #define HAVE_DECL_LE64TOH 0
| #define HAVE_DECL_HTOLE32 0
| #define HAVE_DECL_HTOLE64 0
| #define HAVE_DECL_BE32TOH 0
| #define HAVE_DECL_BE64TOH 0
| #define HAVE_DECL_HTOBE32 0
| #define HAVE_DECL_HTOBE64 0
| #define HAVE_MSG_DONTWAIT 1
| #define HAVE_VISIBILITY_ATTRIBUTE 1
| #define HAVE_THREAD_LOCAL 1
| /* end confdefs.h.  */
| #include <stdio.h>
| #ifdef HAVE_SYS_TYPES_H
| # include <sys/types.h>
| #endif
| #ifdef HAVE_SYS_STAT_H
| # include <sys/stat.h>
| #endif
| #ifdef STDC_HEADERS
| # include <stdlib.h>
| # include <stddef.h>
| #else
| # ifdef HAVE_STDLIB_H
| #  include <stdlib.h>
| # endif
| #endif
| #ifdef HAVE_STRING_H
| # if !defined STDC_HEADERS && defined HAVE_MEMORY_H
| #  include <memory.h>
| # endif
| # include <string.h>
| #endif
| #ifdef HAVE_STRINGS_H
| # include <strings.h>
| #endif
| #ifdef HAVE_INTTYPES_H
| # include <inttypes.h>
| #endif
| #ifdef HAVE_STDINT_H
| # include <stdint.h>
| #endif
| #ifdef HAVE_UNISTD_H
| # include <unistd.h>
| #endif
| #include <miniupnpc/upnpcommands.h>
configure:23481: result: no
configure:23481: checking miniupnpc/upnpcommands.h presence
configure:23481: g++ -std=c++11 -E -I/usr/local/opt/openssl/include -DHAVE_BUILD_INFO -D__STDC_FORMAT_MACROS -I/usr/local/opt/berkeley-db@4/include -DMAC_OSX conftest.cpp
conftest.cpp:47:10: fatal error: 'miniupnpc/upnpcommands.h' file not found
#include <miniupnpc/upnpcommands.h>
         ^~~~~~~~~~~~~~~~~~~~~~~~~~
1 error generated.
configure:23481: $? = 1
configure: failed program was:
| /* confdefs.h */
| #define PACKAGE_NAME "TrumpCoin Core"
| #define PACKAGE_TARNAME "trumpcoin"
| #define PACKAGE_VERSION "2.0.0"
| #define PACKAGE_STRING "TrumpCoin Core 2.0.0"
| #define PACKAGE_BUGREPORT "www.trumpcoin.org"
| #define PACKAGE_URL ""
| #define HAVE_CXX11 1
| #define STDC_HEADERS 1
| #define HAVE_SYS_TYPES_H 1
| #define HAVE_SYS_STAT_H 1
| #define HAVE_STDLIB_H 1
| #define HAVE_STRING_H 1
| #define HAVE_MEMORY_H 1
| #define HAVE_STRINGS_H 1
| #define HAVE_INTTYPES_H 1
| #define HAVE_STDINT_H 1
| #define HAVE_UNISTD_H 1
| #define HAVE_DLFCN_H 1
| #define LT_OBJDIR ".libs/"
| #define HAVE_PTHREAD_PRIO_INHERIT 1
| #define HAVE_PTHREAD 1
| #define HAVE_DECL_STRERROR_R 1
| #define HAVE_STRERROR_R 1
| #define HAVE_STDIO_H 1
| #define HAVE_STDLIB_H 1
| #define HAVE_UNISTD_H 1
| #define HAVE_STRINGS_H 1
| #define HAVE_SYS_TYPES_H 1
| #define HAVE_SYS_STAT_H 1
| #define HAVE_SYS_SELECT_H 1
| #define HAVE_INET_PTON 1
| #define HAVE_DECL_STRNLEN 1
| #define HAVE_DECL_DAEMON 1
| #define HAVE_DECL_LE32TOH 0
| #define HAVE_DECL_LE64TOH 0
| #define HAVE_DECL_HTOLE32 0
| #define HAVE_DECL_HTOLE64 0
| #define HAVE_DECL_BE32TOH 0
| #define HAVE_DECL_BE64TOH 0
| #define HAVE_DECL_HTOBE32 0
| #define HAVE_DECL_HTOBE64 0
| #define HAVE_MSG_DONTWAIT 1
| #define HAVE_VISIBILITY_ATTRIBUTE 1
| #define HAVE_THREAD_LOCAL 1
| /* end confdefs.h.  */
| #include <miniupnpc/upnpcommands.h>
configure:23481: result: no
configure:23481: checking for miniupnpc/upnpcommands.h
configure:23481: result: no
configure:23481: checking miniupnpc/upnperrors.h usability
configure:23481: g++ -std=c++11 -c -g -O2 -Wall -Wextra -Wformat -Wvla -Wformat-security -Wthread-safety-analysis -Wno-unused-parameter -Wno-self-assign -Wno-unused-local-typedef -Wno-deprecated-register -Wno-implicit-fallthrough -I/usr/local/opt/openssl/include -DHAVE_BUILD_INFO -D__STDC_FORMAT_MACROS -I/usr/local/opt/berkeley-db@4/include -DMAC_OSX conftest.cpp >&5
conftest.cpp:80:10: fatal error: 'miniupnpc/upnperrors.h' file not found
#include <miniupnpc/upnperrors.h>
         ^~~~~~~~~~~~~~~~~~~~~~~~
1 error generated.
configure:23481: $? = 1
configure: failed program was:
| /* confdefs.h */
| #define PACKAGE_NAME "TrumpCoin Core"
| #define PACKAGE_TARNAME "trumpcoin"
| #define PACKAGE_VERSION "2.0.0"
| #define PACKAGE_STRING "TrumpCoin Core 2.0.0"
| #define PACKAGE_BUGREPORT "www.trumpcoin.org"
| #define PACKAGE_URL ""
| #define HAVE_CXX11 1
| #define STDC_HEADERS 1
| #define HAVE_SYS_TYPES_H 1
| #define HAVE_SYS_STAT_H 1
| #define HAVE_STDLIB_H 1
| #define HAVE_STRING_H 1
| #define HAVE_MEMORY_H 1
| #define HAVE_STRINGS_H 1
| #define HAVE_INTTYPES_H 1
| #define HAVE_STDINT_H 1
| #define HAVE_UNISTD_H 1
| #define HAVE_DLFCN_H 1
| #define LT_OBJDIR ".libs/"
| #define HAVE_PTHREAD_PRIO_INHERIT 1
| #define HAVE_PTHREAD 1
| #define HAVE_DECL_STRERROR_R 1
| #define HAVE_STRERROR_R 1
| #define HAVE_STDIO_H 1
| #define HAVE_STDLIB_H 1
| #define HAVE_UNISTD_H 1
| #define HAVE_STRINGS_H 1
| #define HAVE_SYS_TYPES_H 1
| #define HAVE_SYS_STAT_H 1
| #define HAVE_SYS_SELECT_H 1
| #define HAVE_INET_PTON 1
| #define HAVE_DECL_STRNLEN 1
| #define HAVE_DECL_DAEMON 1
| #define HAVE_DECL_LE32TOH 0
| #define HAVE_DECL_LE64TOH 0
| #define HAVE_DECL_HTOLE32 0
| #define HAVE_DECL_HTOLE64 0
| #define HAVE_DECL_BE32TOH 0
| #define HAVE_DECL_BE64TOH 0
| #define HAVE_DECL_HTOBE32 0
| #define HAVE_DECL_HTOBE64 0
| #define HAVE_MSG_DONTWAIT 1
| #define HAVE_VISIBILITY_ATTRIBUTE 1
| #define HAVE_THREAD_LOCAL 1
| /* end confdefs.h.  */
| #include <stdio.h>
| #ifdef HAVE_SYS_TYPES_H
| # include <sys/types.h>
| #endif
| #ifdef HAVE_SYS_STAT_H
| # include <sys/stat.h>
| #endif
| #ifdef STDC_HEADERS
| # include <stdlib.h>
| # include <stddef.h>
| #else
| # ifdef HAVE_STDLIB_H
| #  include <stdlib.h>
| # endif
| #endif
| #ifdef HAVE_STRING_H
| # if !defined STDC_HEADERS && defined HAVE_MEMORY_H
| #  include <memory.h>
| # endif
| # include <string.h>
| #endif
| #ifdef HAVE_STRINGS_H
| # include <strings.h>
| #endif
| #ifdef HAVE_INTTYPES_H
| # include <inttypes.h>
| #endif
| #ifdef HAVE_STDINT_H
| # include <stdint.h>
| #endif
| #ifdef HAVE_UNISTD_H
| # include <unistd.h>
| #endif
| #include <miniupnpc/upnperrors.h>
configure:23481: result: no
configure:23481: checking miniupnpc/upnperrors.h presence
configure:23481: g++ -std=c++11 -E -I/usr/local/opt/openssl/include -DHAVE_BUILD_INFO -D__STDC_FORMAT_MACROS -I/usr/local/opt/berkeley-db@4/include -DMAC_OSX conftest.cpp
conftest.cpp:47:10: fatal error: 'miniupnpc/upnperrors.h' file not found
#include <miniupnpc/upnperrors.h>
         ^~~~~~~~~~~~~~~~~~~~~~~~
1 error generated.
configure:23481: $? = 1
configure: failed program was:
| /* confdefs.h */
| #define PACKAGE_NAME "TrumpCoin Core"
| #define PACKAGE_TARNAME "trumpcoin"
| #define PACKAGE_VERSION "2.0.0"
| #define PACKAGE_STRING "TrumpCoin Core 2.0.0"
| #define PACKAGE_BUGREPORT "www.trumpcoin.org"
| #define PACKAGE_URL ""
| #define HAVE_CXX11 1
| #define STDC_HEADERS 1
| #define HAVE_SYS_TYPES_H 1
| #define HAVE_SYS_STAT_H 1
| #define HAVE_STDLIB_H 1
| #define HAVE_STRING_H 1
| #define HAVE_MEMORY_H 1
| #define HAVE_STRINGS_H 1
| #define HAVE_INTTYPES_H 1
| #define HAVE_STDINT_H 1
| #define HAVE_UNISTD_H 1
| #define HAVE_DLFCN_H 1
| #define LT_OBJDIR ".libs/"
| #define HAVE_PTHREAD_PRIO_INHERIT 1
| #define HAVE_PTHREAD 1
| #define HAVE_DECL_STRERROR_R 1
| #define HAVE_STRERROR_R 1
| #define HAVE_STDIO_H 1
| #define HAVE_STDLIB_H 1
| #define HAVE_UNISTD_H 1
| #define HAVE_STRINGS_H 1
| #define HAVE_SYS_TYPES_H 1
| #define HAVE_SYS_STAT_H 1
| #define HAVE_SYS_SELECT_H 1
| #define HAVE_INET_PTON 1
| #define HAVE_DECL_STRNLEN 1
| #define HAVE_DECL_DAEMON 1
| #define HAVE_DECL_LE32TOH 0
| #define HAVE_DECL_LE64TOH 0
| #define HAVE_DECL_HTOLE32 0
| #define HAVE_DECL_HTOLE64 0
| #define HAVE_DECL_BE32TOH 0
| #define HAVE_DECL_BE64TOH 0
| #define HAVE_DECL_HTOBE32 0
| #define HAVE_DECL_HTOBE64 0
| #define HAVE_MSG_DONTWAIT 1
| #define HAVE_VISIBILITY_ATTRIBUTE 1
| #define HAVE_THREAD_LOCAL 1
| /* end confdefs.h.  */
| #include <miniupnpc/upnperrors.h>
configure:23481: result: no
configure:23481: checking for miniupnpc/upnperrors.h
configure:23481: result: no
configure:23624: checking for Qt5Core Qt5Gui Qt5Network Qt5Widgets
configure:23631: $PKG_CONFIG --exists --print-errors "$qt5_modules"
configure:23634: $? = 0
configure:23648: $PKG_CONFIG --exists --print-errors "$qt5_modules"
configure:23651: $? = 0
configure:23689: result: yes
configure:23941: checking for Qt5Test
configure:23948: $PKG_CONFIG --exists --print-errors "${QT_LIB_PREFIX}Test"
configure:23951: $? = 0
configure:23965: $PKG_CONFIG --exists --print-errors "${QT_LIB_PREFIX}Test"
configure:23968: $? = 0
configure:24006: result: yes
configure:24013: checking for Qt5DBus
configure:24020: $PKG_CONFIG --exists --print-errors "${QT_LIB_PREFIX}DBus"
configure:24023: $? = 0
configure:24037: $PKG_CONFIG --exists --print-errors "${QT_LIB_PREFIX}DBus"
configure:24040: $? = 0
configure:24078: result: yes
configure:25048: checking for static Qt
configure:25074: g++ -std=c++11 -c -fPIC -g -O2 -Wall -Wextra -Wformat -Wvla -Wformat-security -Wthread-safety-analysis -Wno-unused-parameter -Wno-self-assign -Wno-unused-local-typedef -Wno-deprecated-register -Wno-implicit-fallthrough -DQT_NETWORK_LIB -DQT_WIDGETS_LIB -DQT_GUI_LIB -DQT_CORE_LIB -I/usr/local/Cellar/qt/5.11.1/include/QtNetwork -I/usr/local/Cellar/qt/5.11.1/include -I/usr/local/Cellar/qt/5.11.1/include/QtWidgets -I/usr/local/Cellar/qt/5.11.1/include -I/usr/local/Cellar/qt/5.11.1/include/QtGui -I/usr/local/Cellar/qt/5.11.1/include -I/usr/local/Cellar/qt/5.11.1/include/QtCore -I/usr/local/Cellar/qt/5.11.1/include -I/usr/local/opt/openssl/include -DHAVE_BUILD_INFO -D__STDC_FORMAT_MACROS -I/usr/local/opt/berkeley-db@4/include -DMAC_OSX conftest.cpp >&5
conftest.cpp:58:7: error: use of undeclared identifier 'choke'
      choke
      ^
1 error generated.
configure:25074: $? = 1
configure: failed program was:
| /* confdefs.h */
| #define PACKAGE_NAME "TrumpCoin Core"
| #define PACKAGE_TARNAME "trumpcoin"
| #define PACKAGE_VERSION "2.0.0"
| #define PACKAGE_STRING "TrumpCoin Core 2.0.0"
| #define PACKAGE_BUGREPORT "www.trumpcoin.org"
| #define PACKAGE_URL ""
| #define HAVE_CXX11 1
| #define STDC_HEADERS 1
| #define HAVE_SYS_TYPES_H 1
| #define HAVE_SYS_STAT_H 1
| #define HAVE_STDLIB_H 1
| #define HAVE_STRING_H 1
| #define HAVE_MEMORY_H 1
| #define HAVE_STRINGS_H 1
| #define HAVE_INTTYPES_H 1
| #define HAVE_STDINT_H 1
| #define HAVE_UNISTD_H 1
| #define HAVE_DLFCN_H 1
| #define LT_OBJDIR ".libs/"
| #define HAVE_PTHREAD_PRIO_INHERIT 1
| #define HAVE_PTHREAD 1
| #define HAVE_DECL_STRERROR_R 1
| #define HAVE_STRERROR_R 1
| #define HAVE_STDIO_H 1
| #define HAVE_STDLIB_H 1
| #define HAVE_UNISTD_H 1
| #define HAVE_STRINGS_H 1
| #define HAVE_SYS_TYPES_H 1
| #define HAVE_SYS_STAT_H 1
| #define HAVE_SYS_SELECT_H 1
| #define HAVE_INET_PTON 1
| #define HAVE_DECL_STRNLEN 1
| #define HAVE_DECL_DAEMON 1
| #define HAVE_DECL_LE32TOH 0
| #define HAVE_DECL_LE64TOH 0
| #define HAVE_DECL_HTOLE32 0
| #define HAVE_DECL_HTOLE64 0
| #define HAVE_DECL_BE32TOH 0
| #define HAVE_DECL_BE64TOH 0
| #define HAVE_DECL_HTOBE32 0
| #define HAVE_DECL_HTOBE64 0
| #define HAVE_MSG_DONTWAIT 1
| #define HAVE_VISIBILITY_ATTRIBUTE 1
| #define HAVE_THREAD_LOCAL 1
| /* end confdefs.h.  */
| 
|       #include <QtCore/qconfig.h>
|       #ifndef QT_VERSION
|       #  include <QtCore/qglobal.h>
|       #endif
| 
| int
| main ()
| {
| 
|       #if !defined(QT_STATIC)
|       choke
|       #endif
| 
|   ;
|   return 0;
| }
configure:25082: result: no
configure:25954: checking whether -fPIE can be used with this Qt config
configure:25980: g++ -std=c++11 -c -fPIC -g -O2 -Wall -Wextra -Wformat -Wvla -Wformat-security -Wthread-safety-analysis -Wno-unused-parameter -Wno-self-assign -Wno-unused-local-typedef -Wno-deprecated-register -Wno-implicit-fallthrough -DQT_NETWORK_LIB -DQT_WIDGETS_LIB -DQT_GUI_LIB -DQT_CORE_LIB -I/usr/local/Cellar/qt/5.11.1/include/QtNetwork -I/usr/local/Cellar/qt/5.11.1/include -I/usr/local/Cellar/qt/5.11.1/include/QtWidgets -I/usr/local/Cellar/qt/5.11.1/include -I/usr/local/Cellar/qt/5.11.1/include/QtGui -I/usr/local/Cellar/qt/5.11.1/include -I/usr/local/Cellar/qt/5.11.1/include/QtCore -I/usr/local/Cellar/qt/5.11.1/include -I/usr/local/opt/openssl/include -DHAVE_BUILD_INFO -D__STDC_FORMAT_MACROS -I/usr/local/opt/berkeley-db@4/include -DMAC_OSX -DHAVE_QT5 conftest.cpp >&5
configure:25980: $? = 0
configure:25981: result: yes
configure:26054: checking for moc-qt5
configure:26087: result: no
configure:26054: checking for moc5
configure:26087: result: no
configure:26054: checking for moc
configure:26072: found /usr/local/Cellar/qt/5.11.1/bin/moc
configure:26084: result: /usr/local/Cellar/qt/5.11.1/bin/moc
configure:26173: checking for uic-qt5
configure:26206: result: no
configure:26173: checking for uic5
configure:26206: result: no
configure:26173: checking for uic
configure:26191: found /usr/local/Cellar/qt/5.11.1/bin/uic
configure:26203: result: /usr/local/Cellar/qt/5.11.1/bin/uic
configure:26292: checking for rcc-qt5
configure:26325: result: no
configure:26292: checking for rcc5
configure:26325: result: no
configure:26292: checking for rcc
configure:26310: found /usr/local/Cellar/qt/5.11.1/bin/rcc
configure:26322: result: /usr/local/Cellar/qt/5.11.1/bin/rcc
configure:26411: checking for lrelease-qt5
configure:26444: result: no
configure:26411: checking for lrelease5
configure:26444: result: no
configure:26411: checking for lrelease
configure:26429: found /usr/local/Cellar/qt/5.11.1/bin/lrelease
configure:26441: result: /usr/local/Cellar/qt/5.11.1/bin/lrelease
configure:26530: checking for lupdate-qt5
configure:26563: result: no
configure:26530: checking for lupdate5
configure:26563: result: no
configure:26530: checking for lupdate
configure:26548: found /usr/local/Cellar/qt/5.11.1/bin/lupdate
configure:26560: result: /usr/local/Cellar/qt/5.11.1/bin/lupdate
configure:26650: checking whether the linker accepts -framework Foundation -framework ApplicationServices -framework AppKit
configure:26669: g++ -std=c++11 -o conftest -g -O2 -Wall -Wextra -Wformat -Wvla -Wformat-security -Wthread-safety-analysis -Wno-unused-parameter -Wno-self-assign -Wno-unused-local-typedef -Wno-deprecated-register -Wno-implicit-fallthrough -I/usr/local/opt/openssl/include -DHAVE_BUILD_INFO -D__STDC_FORMAT_MACROS -I/usr/local/opt/berkeley-db@4/include -DMAC_OSX -DHAVE_QT5 -L/usr/local/opt/openssl/lib -Wl,-headerpad_max_install_names -Wl,-dead_strip  -framework Foundation -framework ApplicationServices -framework AppKit conftest.cpp  -L/usr/local/opt/berkeley-db@4/lib >&5
configure:26669: $? = 0
configure:26679: result: yes
configure:26745: checking whether to build TrumpCoin Core GUI
configure:26775: result: yes (Qt5)
configure:26849: checking for boostlib >= 1.47.0
configure:26934: g++ -std=c++11 -c -g -O2 -Wall -Wextra -Wformat -Wvla -Wformat-security -Wthread-safety-analysis -Wno-unused-parameter -Wno-self-assign -Wno-unused-local-typedef -Wno-deprecated-register -Wno-implicit-fallthrough -I/usr/local/opt/openssl/include -DHAVE_BUILD_INFO -D__STDC_FORMAT_MACROS -I/usr/local/opt/berkeley-db@4/include -DMAC_OSX -DHAVE_QT5 -I/usr/local/include conftest.cpp >&5
configure:26934: $? = 0
configure:26936: result: yes
configure:27123: checking whether the Boost::System library is available
configure:27148: g++ -std=c++11 -c  -I/usr/local/opt/openssl/include -DHAVE_BUILD_INFO -D__STDC_FORMAT_MACROS -I/usr/local/opt/berkeley-db@4/include -DMAC_OSX -DHAVE_QT5 -I/usr/local/include conftest.cpp >&5
configure:27148: $? = 0
configure:27163: result: yes
configure:27179: checking for exit in -lboost_system
configure:27204: g++ -std=c++11 -o conftest -g -O2 -Wall -Wextra -Wformat -Wvla -Wformat-security -Wthread-safety-analysis -Wno-unused-parameter -Wno-self-assign -Wno-unused-local-typedef -Wno-deprecated-register -Wno-implicit-fallthrough -I/usr/local/opt/openssl/include -DHAVE_BUILD_INFO -D__STDC_FORMAT_MACROS -I/usr/local/opt/berkeley-db@4/include -DMAC_OSX -DHAVE_QT5 -I/usr/local/include -L/usr/local/opt/openssl/lib -Wl,-headerpad_max_install_names -Wl,-dead_strip -L/usr/local/lib conftest.cpp -lboost_system   -L/usr/local/opt/berkeley-db@4/lib >&5
configure:27204: $? = 0
configure:27214: result: yes
configure:27369: checking whether the Boost::Filesystem library is available
configure:27393: g++ -std=c++11 -c -g -O2 -Wall -Wextra -Wformat -Wvla -Wformat-security -Wthread-safety-analysis -Wno-unused-parameter -Wno-self-assign -Wno-unused-local-typedef -Wno-deprecated-register -Wno-implicit-fallthrough -I/usr/local/opt/openssl/include -DHAVE_BUILD_INFO -D__STDC_FORMAT_MACROS -I/usr/local/opt/berkeley-db@4/include -DMAC_OSX -DHAVE_QT5 -I/usr/local/include conftest.cpp >&5
configure:27393: $? = 0
configure:27407: result: yes
configure:27419: checking for exit in -lboost_filesystem
configure:27444: g++ -std=c++11 -o conftest -g -O2 -Wall -Wextra -Wformat -Wvla -Wformat-security -Wthread-safety-analysis -Wno-unused-parameter -Wno-self-assign -Wno-unused-local-typedef -Wno-deprecated-register -Wno-implicit-fallthrough -I/usr/local/opt/openssl/include -DHAVE_BUILD_INFO -D__STDC_FORMAT_MACROS -I/usr/local/opt/berkeley-db@4/include -DMAC_OSX -DHAVE_QT5 -I/usr/local/include -L/usr/local/opt/openssl/lib -Wl,-headerpad_max_install_names -Wl,-dead_strip -L/usr/local/lib conftest.cpp -lboost_filesystem   -L/usr/local/opt/berkeley-db@4/lib -lboost_system >&5
configure:27444: $? = 0
configure:27454: result: yes
configure:27604: checking whether the Boost::Program_Options library is available
configure:27628: g++ -std=c++11 -c -g -O2 -Wall -Wextra -Wformat -Wvla -Wformat-security -Wthread-safety-analysis -Wno-unused-parameter -Wno-self-assign -Wno-unused-local-typedef -Wno-deprecated-register -Wno-implicit-fallthrough -I/usr/local/opt/openssl/include -DHAVE_BUILD_INFO -D__STDC_FORMAT_MACROS -I/usr/local/opt/berkeley-db@4/include -DMAC_OSX -DHAVE_QT5 -I/usr/local/include conftest.cpp >&5
configure:27628: $? = 0
configure:27642: result: yes
configure:27653: checking for exit in -lboost_program_options-mt
configure:27678: g++ -std=c++11 -o conftest -g -O2 -Wall -Wextra -Wformat -Wvla -Wformat-security -Wthread-safety-analysis -Wno-unused-parameter -Wno-self-assign -Wno-unused-local-typedef -Wno-deprecated-register -Wno-implicit-fallthrough -I/usr/local/opt/openssl/include -DHAVE_BUILD_INFO -D__STDC_FORMAT_MACROS -I/usr/local/opt/berkeley-db@4/include -DMAC_OSX -DHAVE_QT5 -I/usr/local/include -L/usr/local/opt/openssl/lib -Wl,-headerpad_max_install_names -Wl,-dead_strip -L/usr/local/lib conftest.cpp -lboost_program_options-mt   -L/usr/local/opt/berkeley-db@4/lib >&5
configure:27678: $? = 0
configure:27688: result: yes
configure:27831: checking whether the Boost::Thread library is available
configure:27863: g++ -std=c++11 -c -pthread -g -O2 -Wall -Wextra -Wformat -Wvla -Wformat-security -Wthread-safety-analysis -Wno-unused-parameter -Wno-self-assign -Wno-unused-local-typedef -Wno-deprecated-register -Wno-implicit-fallthrough -I/usr/local/opt/openssl/include -DHAVE_BUILD_INFO -D__STDC_FORMAT_MACROS -I/usr/local/opt/berkeley-db@4/include -DMAC_OSX -DHAVE_QT5 -I/usr/local/include conftest.cpp >&5
configure:27863: $? = 0
configure:27878: result: yes
configure:27908: checking for exit in -lboost_thread-mt
configure:27933: g++ -std=c++11 -o conftest -g -O2 -Wall -Wextra -Wformat -Wvla -Wformat-security -Wthread-safety-analysis -Wno-unused-parameter -Wno-self-assign -Wno-unused-local-typedef -Wno-deprecated-register -Wno-implicit-fallthrough -I/usr/local/opt/openssl/include -DHAVE_BUILD_INFO -D__STDC_FORMAT_MACROS -I/usr/local/opt/berkeley-db@4/include -DMAC_OSX -DHAVE_QT5 -I/usr/local/include -L/usr/local/opt/openssl/lib -Wl,-headerpad_max_install_names -Wl,-dead_strip -L/usr/local/lib conftest.cpp -lboost_thread-mt   -L/usr/local/opt/berkeley-db@4/lib >&5
configure:27933: $? = 0
configure:27943: result: yes
configure:28103: checking whether the Boost::Chrono library is available
configure:28127: g++ -std=c++11 -c -g -O2 -Wall -Wextra -Wformat -Wvla -Wformat-security -Wthread-safety-analysis -Wno-unused-parameter -Wno-self-assign -Wno-unused-local-typedef -Wno-deprecated-register -Wno-implicit-fallthrough -I/usr/local/opt/openssl/include -DHAVE_BUILD_INFO -D__STDC_FORMAT_MACROS -I/usr/local/opt/berkeley-db@4/include -DMAC_OSX -DHAVE_QT5 -pthread -I/usr/local/include conftest.cpp >&5
conftest.cpp:56:41: warning: unused variable 'time' [-Wunused-variable]
boost::chrono::system_clock::time_point time;
                                        ^
1 warning generated.
configure:28127: $? = 0
configure:28142: result: yes
configure:28158: checking for exit in -lboost_chrono-mt
configure:28183: g++ -std=c++11 -o conftest -g -O2 -Wall -Wextra -Wformat -Wvla -Wformat-security -Wthread-safety-analysis -Wno-unused-parameter -Wno-self-assign -Wno-unused-local-typedef -Wno-deprecated-register -Wno-implicit-fallthrough -I/usr/local/opt/openssl/include -DHAVE_BUILD_INFO -D__STDC_FORMAT_MACROS -I/usr/local/opt/berkeley-db@4/include -DMAC_OSX -DHAVE_QT5 -pthread -I/usr/local/include -L/usr/local/opt/openssl/lib -Wl,-headerpad_max_install_names -Wl,-dead_strip -L/usr/local/lib conftest.cpp -lboost_chrono-mt   -L/usr/local/opt/berkeley-db@4/lib >&5
configure:28183: $? = 0
configure:28193: result: yes
configure:28435: checking whether the Boost::Unit_Test_Framework library is available
configure:28458: g++ -std=c++11 -c -g -O2 -Wall -Wextra -Wformat -Wvla -Wformat-security -Wthread-safety-analysis -Wno-unused-parameter -Wno-self-assign -Wno-unused-local-typedef -Wno-deprecated-register -Wno-implicit-fallthrough -I/usr/local/opt/openssl/include -DHAVE_BUILD_INFO -D__STDC_FORMAT_MACROS -I/usr/local/opt/berkeley-db@4/include -DMAC_OSX -DHAVE_QT5 -DBOOST_SP_USE_STD_ATOMIC -DBOOST_AC_USE_STD_ATOMIC -pthread -I/usr/local/include conftest.cpp >&5
conftest.cpp:58:21: warning: unused variable 'test' [-Wunused-variable]
                                                         test_suite* test= BOOST_TEST_SUITE( "Unit test example 1" ); return 0;
                                                                     ^
1 warning generated.
configure:28458: $? = 0
configure:28472: result: yes
configure:28584: checking for dynamic linked boost test
configure:28599: g++ -std=c++11 -o conftest -g -O2 -Wall -Wextra -Wformat -Wvla -Wformat-security -Wthread-safety-analysis -Wno-unused-parameter -Wno-self-assign -Wno-unused-local-typedef -Wno-deprecated-register -Wno-implicit-fallthrough -I/usr/local/opt/openssl/include -DHAVE_BUILD_INFO -D__STDC_FORMAT_MACROS -I/usr/local/opt/berkeley-db@4/include -DMAC_OSX -DHAVE_QT5 -DBOOST_SP_USE_STD_ATOMIC -DBOOST_AC_USE_STD_ATOMIC -pthread -I/usr/local/include -L/usr/local/opt/openssl/lib -Wl,-headerpad_max_install_names -Wl,-dead_strip conftest.cpp  -L/usr/local/opt/berkeley-db@4/lib -L/usr/local/lib -lboost_unit_test_framework-mt >&5
configure:28599: $? = 0
configure:28600: result: yes
configure:28626: checking for mismatched boost c++11 scoped enums
configure:28654: g++ -std=c++11 -o conftest -g -O2 -Wall -Wextra -Wformat -Wvla -Wformat-security -Wthread-safety-analysis -Wno-unused-parameter -Wno-self-assign -Wno-unused-local-typedef -Wno-deprecated-register -Wno-implicit-fallthrough -I/usr/local/opt/openssl/include -DHAVE_BUILD_INFO -D__STDC_FORMAT_MACROS -I/usr/local/opt/berkeley-db@4/include -DMAC_OSX -DHAVE_QT5 -DBOOST_SP_USE_STD_ATOMIC -DBOOST_AC_USE_STD_ATOMIC -pthread -I/usr/local/include -L/usr/local/opt/openssl/lib -Wl,-headerpad_max_install_names -Wl,-dead_strip conftest.cpp -L/usr/local/lib -lboost_system -lboost_filesystem -lboost_program_options-mt -lboost_thread-mt -lboost_chrono-mt  -L/usr/local/opt/berkeley-db@4/lib >&5
conftest.cpp:71:5: error: use of undeclared identifier 'choke'
    choke;
    ^
1 error generated.
configure:28654: $? = 1
configure: failed program was:
| /* confdefs.h */
| #define PACKAGE_NAME "TrumpCoin Core"
| #define PACKAGE_TARNAME "trumpcoin"
| #define PACKAGE_VERSION "2.0.0"
| #define PACKAGE_STRING "TrumpCoin Core 2.0.0"
| #define PACKAGE_BUGREPORT "www.trumpcoin.org"
| #define PACKAGE_URL ""
| #define HAVE_CXX11 1
| #define STDC_HEADERS 1
| #define HAVE_SYS_TYPES_H 1
| #define HAVE_SYS_STAT_H 1
| #define HAVE_STDLIB_H 1
| #define HAVE_STRING_H 1
| #define HAVE_MEMORY_H 1
| #define HAVE_STRINGS_H 1
| #define HAVE_INTTYPES_H 1
| #define HAVE_STDINT_H 1
| #define HAVE_UNISTD_H 1
| #define HAVE_DLFCN_H 1
| #define LT_OBJDIR ".libs/"
| #define HAVE_PTHREAD_PRIO_INHERIT 1
| #define HAVE_PTHREAD 1
| #define HAVE_DECL_STRERROR_R 1
| #define HAVE_STRERROR_R 1
| #define HAVE_STDIO_H 1
| #define HAVE_STDLIB_H 1
| #define HAVE_UNISTD_H 1
| #define HAVE_STRINGS_H 1
| #define HAVE_SYS_TYPES_H 1
| #define HAVE_SYS_STAT_H 1
| #define HAVE_SYS_SELECT_H 1
| #define HAVE_INET_PTON 1
| #define HAVE_DECL_STRNLEN 1
| #define HAVE_DECL_DAEMON 1
| #define HAVE_DECL_LE32TOH 0
| #define HAVE_DECL_LE64TOH 0
| #define HAVE_DECL_HTOLE32 0
| #define HAVE_DECL_HTOLE64 0
| #define HAVE_DECL_BE32TOH 0
| #define HAVE_DECL_BE64TOH 0
| #define HAVE_DECL_HTOBE32 0
| #define HAVE_DECL_HTOBE64 0
| #define HAVE_MSG_DONTWAIT 1
| #define HAVE_VISIBILITY_ATTRIBUTE 1
| #define HAVE_THREAD_LOCAL 1
| #define HAVE_BOOST /**/
| #define HAVE_BOOST_SYSTEM /**/
| #define HAVE_BOOST_FILESYSTEM /**/
| #define HAVE_BOOST_PROGRAM_OPTIONS /**/
| #define HAVE_BOOST_THREAD /**/
| #define HAVE_BOOST_CHRONO /**/
| #define HAVE_BOOST_UNIT_TEST_FRAMEWORK /**/
| /* end confdefs.h.  */
| 
|   #include <boost/config.hpp>
|   #include <boost/version.hpp>
|   #if !defined(BOOST_NO_SCOPED_ENUMS) && !defined(BOOST_NO_CXX11_SCOPED_ENUMS) && BOOST_VERSION < 105700
|   #define BOOST_NO_SCOPED_ENUMS
|   #define BOOST_NO_CXX11_SCOPED_ENUMS
|   #define CHECK
|   #endif
|   #include <boost/filesystem.hpp>
| 
| int
| main ()
| {
| 
|   #if defined(CHECK)
|     boost::filesystem::copy_file("foo", "bar");
|   #else
|     choke;
|   #endif
| 
|   ;
|   return 0;
| }
configure:28658: result: ok
configure:28690: g++ -std=c++11 -o conftest -g -O2 -Wall -Wextra -Wformat -Wvla -Wformat-security -Wthread-safety-analysis -Wno-unused-parameter -Wno-self-assign -Wno-unused-local-typedef -Wno-deprecated-register -Wno-implicit-fallthrough -I/usr/local/opt/openssl/include -DHAVE_BUILD_INFO -D__STDC_FORMAT_MACROS -I/usr/local/opt/berkeley-db@4/include -DMAC_OSX -DHAVE_QT5 -DBOOST_SP_USE_STD_ATOMIC -DBOOST_AC_USE_STD_ATOMIC -pthread -I/usr/local/include -L/usr/local/opt/openssl/lib -Wl,-headerpad_max_install_names -Wl,-dead_strip conftest.cpp -L/usr/local/lib -lboost_system -lboost_filesystem -lboost_program_options-mt -lboost_thread-mt -lboost_chrono-mt  -L/usr/local/opt/berkeley-db@4/lib >&5
configure:28690: $? = 0
configure:28752: checking for libssl
configure:28759: $PKG_CONFIG --exists --print-errors "libssl"
configure:28762: $? = 0
configure:28776: $PKG_CONFIG --exists --print-errors "libssl"
configure:28779: $? = 0
configure:28817: result: yes
configure:28823: checking for libcrypto
configure:28830: $PKG_CONFIG --exists --print-errors "libcrypto"
configure:28833: $? = 0
configure:28847: $PKG_CONFIG --exists --print-errors "libcrypto"
configure:28850: $? = 0
configure:28888: result: yes
configure:28897: checking for protobuf
configure:28904: $PKG_CONFIG --exists --print-errors "protobuf"
configure:28907: $? = 0
configure:28921: $PKG_CONFIG --exists --print-errors "protobuf"
configure:28924: $? = 0
configure:28984: result: yes
configure:28999: checking for libqrencode
configure:29006: $PKG_CONFIG --exists --print-errors "libqrencode"
configure:29009: $? = 0
configure:29023: $PKG_CONFIG --exists --print-errors "libqrencode"
configure:29026: $? = 0
configure:29064: result: yes
configure:29077: checking for libevent
configure:29084: $PKG_CONFIG --exists --print-errors "libevent"
configure:29087: $? = 0
configure:29101: $PKG_CONFIG --exists --print-errors "libevent"
configure:29104: $? = 0
configure:29142: result: yes
configure:29149: checking for libevent_pthreads
configure:29156: $PKG_CONFIG --exists --print-errors "libevent_pthreads"
configure:29159: $? = 0
configure:29173: $PKG_CONFIG --exists --print-errors "libevent_pthreads"
configure:29176: $? = 0
configure:29214: result: yes
configure:29224: checking for libzmq >= 4
configure:29231: $PKG_CONFIG --exists --print-errors "libzmq >= 4"
configure:29234: $? = 0
configure:29248: $PKG_CONFIG --exists --print-errors "libzmq >= 4"
configure:29251: $? = 0
configure:29299: result: yes
configure:29690: checking for RAND_egd in -lcrypto
configure:29715: g++ -std=c++11 -o conftest -g -O2 -Wall -Wextra -Wformat -Wvla -Wformat-security -Wthread-safety-analysis -Wno-unused-parameter -Wno-self-assign -Wno-unused-local-typedef -Wno-deprecated-register -Wno-implicit-fallthrough -I/usr/local/opt/openssl/include -DHAVE_BUILD_INFO -D__STDC_FORMAT_MACROS -I/usr/local/opt/berkeley-db@4/include -DMAC_OSX -DHAVE_QT5 -L/usr/local/opt/openssl/lib -Wl,-headerpad_max_install_names -Wl,-dead_strip conftest.cpp -lcrypto   -L/usr/local/opt/berkeley-db@4/lib >&5
configure:29715: $? = 0
configure:29724: result: yes
configure:29907: checking openssl/ec.h usability
configure:29907: g++ -std=c++11 -c -g -O2 -Wall -Wextra -Wformat -Wvla -Wformat-security -Wthread-safety-analysis -Wno-unused-parameter -Wno-self-assign -Wno-unused-local-typedef -Wno-deprecated-register -Wno-implicit-fallthrough -I/usr/local/opt/openssl/include -DHAVE_BUILD_INFO -D__STDC_FORMAT_MACROS -I/usr/local/opt/berkeley-db@4/include -DMAC_OSX -DHAVE_QT5 conftest.cpp >&5
configure:29907: $? = 0
configure:29907: result: yes
configure:29907: checking openssl/ec.h presence
configure:29907: g++ -std=c++11 -E -I/usr/local/opt/openssl/include -DHAVE_BUILD_INFO -D__STDC_FORMAT_MACROS -I/usr/local/opt/berkeley-db@4/include -DMAC_OSX -DHAVE_QT5 conftest.cpp
configure:29907: $? = 0
configure:29907: result: yes
configure:29907: checking for openssl/ec.h
configure:29907: result: yes
configure:29974: checking for protoc
configure:29992: found /usr/local/bin/protoc
configure:30004: result: /usr/local/bin/protoc
configure:30038: checking whether to build trumpcoind
configure:30048: result: yes
configure:30051: checking whether to build utils (trumpcoin-cli trumpcoin-tx)
configure:30061: result: yes
configure:30064: checking whether to build libraries
configure:30079: result: no
configure:30090: checking if ccache should be used
configure:30103: result: no
configure:30144: checking if wallet should be enabled
configure:30147: result: yes
configure:30160: checking whether to build with support for UPnP
configure:30166: result: no
configure:30198: checking whether to build GUI with support for D-Bus
configure:30205: result: yes
configure:30208: checking whether to build GUI with support for QR codes
configure:30218: result: yes
configure:30231: WARNING: "xgettext is required to update qt translations"
configure:30235: checking whether to build test_trumpcoin-qt
configure:30238: result: yes
configure:30256: checking whether to build test_trumpcoin
configure:30259: result: yes
configure:30267: checking whether to reduce exports
configure:30273: result: no
configure:30597: checking that generated files are newer than configure
configure:30603: result: done
configure:30715: creating ./config.status

## ---------------------- ##
## Running config.status. ##
## ---------------------- ##

This file was extended by TrumpCoin Core config.status 2.0.0, which was
generated by GNU Autoconf 2.69.  Invocation command line was

  CONFIG_FILES    = 
  CONFIG_HEADERS  = 
  CONFIG_LINKS    = 
  CONFIG_COMMANDS = 
  $ ./config.status 

on Vishals-MacBook-Air.local

config.status:1376: creating Makefile
config.status:1376: creating src/Makefile
config.status:1376: creating share/setup.nsi
config.status:1376: creating share/qt/Info.plist
config.status:1376: creating src/test/buildenv.py
config.status:1376: creating qa/pull-tester/run-bitcoind-for-test.sh
config.status:1376: creating qa/pull-tester/tests-config.sh
config.status:1376: creating contrib/devtools/split-debug.sh
config.status:1376: creating doc/Doxyfile
config.status:1376: creating src/config/trumpcoin-config.h
config.status:1605: executing depfiles commands
config.status:1682: cd src       && sed -e '/# am--include-marker/d' Makefile         | make -f - am--depfiles
config.status:1687: $? = 0
config.status:1605: executing libtool commands
configure:33201: === configuring in src/univalue (/Users/vishalsachdeva/Downloads/trumpcoin-master/src/univalue)
configure:33264: running /bin/sh ./configure --disable-option-checking '--prefix=/usr/local'  '--with-libressl' 'LDFLAGS=-L/usr/local/opt/openssl/lib' 'CPPFLAGS=-I/usr/local/opt/openssl/include' '--disable-shared' '--with-pic' '--enable-module-recovery' --cache-file=/dev/null --srcdir=.
configure:33201: === configuring in src/secp256k1 (/Users/vishalsachdeva/Downloads/trumpcoin-master/src/secp256k1)
configure:33264: running /bin/sh ./configure --disable-option-checking '--prefix=/usr/local'  '--with-libressl' 'LDFLAGS=-L/usr/local/opt/openssl/lib' 'CPPFLAGS=-I/usr/local/opt/openssl/include' '--disable-shared' '--with-pic' '--enable-module-recovery' --cache-file=/dev/null --srcdir=.

## ---------------- ##
## Cache variables. ##
## ---------------- ##

ac_cv_build=x86_64-apple-darwin18.0.0
ac_cv_c_bigendian=no
ac_cv_c_compiler_gnu=yes
ac_cv_cxx_compiler_gnu=yes
ac_cv_env_ARFLAGS_set=
ac_cv_env_ARFLAGS_value=
ac_cv_env_BDB_CFLAGS_set=
ac_cv_env_BDB_CFLAGS_value=
ac_cv_env_BDB_LIBS_set=
ac_cv_env_BDB_LIBS_value=
ac_cv_env_CCC_set=
ac_cv_env_CCC_value=
ac_cv_env_CC_set=
ac_cv_env_CC_value=
ac_cv_env_CFLAGS_set=
ac_cv_env_CFLAGS_value=
ac_cv_env_CPPFLAGS_set=set
ac_cv_env_CPPFLAGS_value=-I/usr/local/opt/openssl/include
ac_cv_env_CPP_set=
ac_cv_env_CPP_value=
ac_cv_env_CRYPTO_CFLAGS_set=
ac_cv_env_CRYPTO_CFLAGS_value=
ac_cv_env_CRYPTO_LIBS_set=
ac_cv_env_CRYPTO_LIBS_value=
ac_cv_env_CXXCPP_set=
ac_cv_env_CXXCPP_value=
ac_cv_env_CXXFLAGS_set=
ac_cv_env_CXXFLAGS_value=
ac_cv_env_CXX_set=
ac_cv_env_CXX_value=
ac_cv_env_EVENT_CFLAGS_set=
ac_cv_env_EVENT_CFLAGS_value=
ac_cv_env_EVENT_LIBS_set=
ac_cv_env_EVENT_LIBS_value=
ac_cv_env_EVENT_PTHREADS_CFLAGS_set=
ac_cv_env_EVENT_PTHREADS_CFLAGS_value=
ac_cv_env_EVENT_PTHREADS_LIBS_set=
ac_cv_env_EVENT_PTHREADS_LIBS_value=
ac_cv_env_LDFLAGS_set=set
ac_cv_env_LDFLAGS_value=-L/usr/local/opt/openssl/lib
ac_cv_env_LIBS_set=
ac_cv_env_LIBS_value=
ac_cv_env_LT_SYS_LIBRARY_PATH_set=
ac_cv_env_LT_SYS_LIBRARY_PATH_value=
ac_cv_env_OBJCXXFLAGS_set=
ac_cv_env_OBJCXXFLAGS_value=
ac_cv_env_OBJCXX_set=
ac_cv_env_OBJCXX_value=
ac_cv_env_PKG_CONFIG_LIBDIR_set=
ac_cv_env_PKG_CONFIG_LIBDIR_value=
ac_cv_env_PKG_CONFIG_PATH_set=
ac_cv_env_PKG_CONFIG_PATH_value=
ac_cv_env_PKG_CONFIG_set=
ac_cv_env_PKG_CONFIG_value=
ac_cv_env_PROTOBUF_CFLAGS_set=
ac_cv_env_PROTOBUF_CFLAGS_value=
ac_cv_env_PROTOBUF_LIBS_set=
ac_cv_env_PROTOBUF_LIBS_value=
ac_cv_env_PYTHONPATH_set=
ac_cv_env_PYTHONPATH_value=
ac_cv_env_QR_CFLAGS_set=
ac_cv_env_QR_CFLAGS_value=
ac_cv_env_QR_LIBS_set=
ac_cv_env_QR_LIBS_value=
ac_cv_env_QT4_CFLAGS_set=
ac_cv_env_QT4_CFLAGS_value=
ac_cv_env_QT4_LIBS_set=
ac_cv_env_QT4_LIBS_value=
ac_cv_env_QT5_CFLAGS_set=
ac_cv_env_QT5_CFLAGS_value=
ac_cv_env_QT5_LIBS_set=
ac_cv_env_QT5_LIBS_value=
ac_cv_env_QTPLATFORM_CFLAGS_set=
ac_cv_env_QTPLATFORM_CFLAGS_value=
ac_cv_env_QTPLATFORM_LIBS_set=
ac_cv_env_QTPLATFORM_LIBS_value=
ac_cv_env_QTPRINT_CFLAGS_set=
ac_cv_env_QTPRINT_CFLAGS_value=
ac_cv_env_QTPRINT_LIBS_set=
ac_cv_env_QTPRINT_LIBS_value=
ac_cv_env_QTXCBQPA_CFLAGS_set=
ac_cv_env_QTXCBQPA_CFLAGS_value=
ac_cv_env_QTXCBQPA_LIBS_set=
ac_cv_env_QTXCBQPA_LIBS_value=
ac_cv_env_QT_DBUS_CFLAGS_set=
ac_cv_env_QT_DBUS_CFLAGS_value=
ac_cv_env_QT_DBUS_LIBS_set=
ac_cv_env_QT_DBUS_LIBS_value=
ac_cv_env_QT_TEST_CFLAGS_set=
ac_cv_env_QT_TEST_CFLAGS_value=
ac_cv_env_QT_TEST_LIBS_set=
ac_cv_env_QT_TEST_LIBS_value=
ac_cv_env_SSL_CFLAGS_set=
ac_cv_env_SSL_CFLAGS_value=
ac_cv_env_SSL_LIBS_set=
ac_cv_env_SSL_LIBS_value=
ac_cv_env_UNIVALUE_CFLAGS_set=
ac_cv_env_UNIVALUE_CFLAGS_value=
ac_cv_env_UNIVALUE_LIBS_set=
ac_cv_env_UNIVALUE_LIBS_value=
ac_cv_env_X11XCB_CFLAGS_set=
ac_cv_env_X11XCB_CFLAGS_value=
ac_cv_env_X11XCB_LIBS_set=
ac_cv_env_X11XCB_LIBS_value=
ac_cv_env_ZMQ_CFLAGS_set=
ac_cv_env_ZMQ_CFLAGS_value=
ac_cv_env_ZMQ_LIBS_set=
ac_cv_env_ZMQ_LIBS_value=
ac_cv_env_build_alias_set=
ac_cv_env_build_alias_value=
ac_cv_env_host_alias_set=
ac_cv_env_host_alias_value=
ac_cv_env_target_alias_set=
ac_cv_env_target_alias_value=
ac_cv_func_strerror_r=yes
ac_cv_func_strerror_r_char_p=no
ac_cv_have_decl_be32toh=no
ac_cv_have_decl_be64toh=no
ac_cv_have_decl_daemon=yes
ac_cv_have_decl_htobe32=no
ac_cv_have_decl_htobe64=no
ac_cv_have_decl_htole32=no
ac_cv_have_decl_htole64=no
ac_cv_have_decl_le32toh=no
ac_cv_have_decl_le64toh=no
ac_cv_have_decl_strerror_r=yes
ac_cv_have_decl_strnlen=yes
ac_cv_header_dlfcn_h=yes
ac_cv_header_endian_h=no
ac_cv_header_inttypes_h=yes
ac_cv_header_memory_h=yes
ac_cv_header_miniupnpc_miniupnpc_h=no
ac_cv_header_miniupnpc_miniwget_h=no
ac_cv_header_miniupnpc_upnpcommands_h=no
ac_cv_header_miniupnpc_upnperrors_h=no
ac_cv_header_openssl_ec_h=yes
ac_cv_header_stdc=yes
ac_cv_header_stdint_h=yes
ac_cv_header_stdio_h=yes
ac_cv_header_stdlib_h=yes
ac_cv_header_string_h=yes
ac_cv_header_strings_h=yes
ac_cv_header_sys_prctl_h=no
ac_cv_header_sys_select_h=yes
ac_cv_header_sys_stat_h=yes
ac_cv_header_sys_types_h=yes
ac_cv_header_unistd_h=yes
ac_cv_host=x86_64-apple-darwin18.0.0
ac_cv_lib_boost_chrono_mt___exit=yes
ac_cv_lib_boost_filesystem___exit=yes
ac_cv_lib_boost_program_options_mt___exit=yes
ac_cv_lib_boost_system___exit=yes
ac_cv_lib_boost_thread_mt___exit=yes
ac_cv_lib_crypto_RAND_egd=yes
ac_cv_lib_db_cxx_4_8___main=yes
ac_cv_objcxx_compiler_gnu=yes
ac_cv_objext=o
ac_cv_path_EGREP='/usr/bin/grep -E'
ac_cv_path_FGREP='/usr/bin/grep -F'
ac_cv_path_GIT=/usr/local/bin/git
ac_cv_path_GREP=/usr/bin/grep
ac_cv_path_HEXDUMP=/usr/bin/hexdump
ac_cv_path_LRELEASE=/usr/local/Cellar/qt/5.11.1/bin/lrelease
ac_cv_path_LUPDATE=/usr/local/Cellar/qt/5.11.1/bin/lupdate
ac_cv_path_MOC=/usr/local/Cellar/qt/5.11.1/bin/moc
ac_cv_path_PROTOC=/usr/local/bin/protoc
ac_cv_path_PYTHON=/usr/local/bin/python3
ac_cv_path_RCC=/usr/local/Cellar/qt/5.11.1/bin/rcc
ac_cv_path_RSVG_CONVERT=/usr/local/bin/rsvg-convert
ac_cv_path_SED=/usr/bin/sed
ac_cv_path_UIC=/usr/local/Cellar/qt/5.11.1/bin/uic
ac_cv_path_ac_pt_AR=/usr/bin/ar
ac_cv_path_ac_pt_CPPFILT=/usr/bin/c++filt
ac_cv_path_ac_pt_GCOV=/usr/bin/gcov
ac_cv_path_ac_pt_PKG_CONFIG=/usr/local/bin/pkg-config
ac_cv_path_ac_pt_RANLIB=/usr/bin/ranlib
ac_cv_path_ac_pt_STRIP=/usr/bin/strip
ac_cv_path_install='/usr/bin/install -c'
ac_cv_path_lt_DD=/bin/dd
ac_cv_prog_AWK=awk
ac_cv_prog_BREW=brew
ac_cv_prog_CPP='gcc -E'
ac_cv_prog_CXXCPP='g++ -std=c++11 -E'
ac_cv_prog_ac_ct_AR=ar
ac_cv_prog_ac_ct_CC=gcc
ac_cv_prog_ac_ct_CXX=g++
ac_cv_prog_ac_ct_DSYMUTIL=dsymutil
ac_cv_prog_ac_ct_LIPO=lipo
ac_cv_prog_ac_ct_NMEDIT=nmedit
ac_cv_prog_ac_ct_OBJDUMP=objdump
ac_cv_prog_ac_ct_OTOOL=otool
ac_cv_prog_ac_ct_RANLIB=ranlib
ac_cv_prog_ac_ct_STRIP=strip
ac_cv_prog_cc_c89=
ac_cv_prog_cc_g=yes
ac_cv_prog_cxx_g=yes
ac_cv_prog_make_make_set=yes
ac_cv_prog_objcxx_g=yes
ac_cv_search_clock_gettime='none required'
ac_cv_search_getaddrinfo_a=no
ac_cv_search_inet_pton='none required'
ac_cv_sys_file_offset_bits=no
ac_cv_sys_largefile_CC=no
am_cv_CC_dependencies_compiler_type=gcc3
am_cv_CXX_dependencies_compiler_type=gcc3
am_cv_OBJCXX_dependencies_compiler_type=gcc3
am_cv_make_support_nested_variables=yes
am_cv_prog_cc_c_o=yes
ax_cv_PTHREAD_CLANG=yes
ax_cv_PTHREAD_CLANG_NO_WARN_FLAG=no
ax_cv_PTHREAD_JOINABLE_ATTR=PTHREAD_CREATE_JOINABLE
ax_cv_PTHREAD_PRIO_INHERIT=yes
ax_cv_PTHREAD_SPECIAL_FLAGS=no
ax_cv_boost_chrono=yes
ax_cv_boost_filesystem=yes
ax_cv_boost_program_options=yes
ax_cv_boost_system=yes
ax_cv_boost_thread=yes
ax_cv_boost_unit_test_framework=yes
ax_cv_check_cxxcppflags___D_FORTIFY_SOURCE_2=yes
ax_cv_check_cxxcppflags___U_FORTIFY_SOURCE=yes
ax_cv_check_cxxflags__Wall=yes
ax_cv_check_cxxflags__Wdeprecated_register=yes
ax_cv_check_cxxflags__Wextra=yes
ax_cv_check_cxxflags__Wformat=yes
ax_cv_check_cxxflags__Wformat_security=yes
ax_cv_check_cxxflags__Wimplicit_fallthrough=yes
ax_cv_check_cxxflags__Wself_assign=yes
ax_cv_check_cxxflags__Wthread_safety_analysis=yes
ax_cv_check_cxxflags__Wunused_local_typedef=yes
ax_cv_check_cxxflags__Wunused_parameter=yes
ax_cv_check_cxxflags__Wvla=yes
ax_cv_check_cxxflags___Werror=yes
ax_cv_check_cxxflags___Wstack_protector=yes
ax_cv_check_cxxflags___fPIC=yes
ax_cv_check_cxxflags___fstack_protector_all=yes
ax_cv_check_ldflags___Wl___dynamicbase=no
ax_cv_check_ldflags___Wl___high_entropy_va=no
ax_cv_check_ldflags___Wl___large_address_aware=no
ax_cv_check_ldflags___Wl___nxcompat=no
ax_cv_check_ldflags___Wl__dead_strip=yes
ax_cv_check_ldflags___Wl__headerpad_max_install_names=yes
ax_cv_check_ldflags___Wl__z_now=no
ax_cv_check_ldflags___Wl__z_relro=no
ax_cv_check_ldflags___framework_Foundation__framework_ApplicationServices__framework_AppKit=yes
ax_cv_check_ldflags___pic=no
ax_cv_cxx_compile_cxx11__std_cpp11=yes
ax_cv_have_func_attribute_dllexport=no
ax_cv_have_func_attribute_dllimport=no
ax_cv_have_func_attribute_visibility=no
bitcoin_cv_static_qt=no
lt_cv_apple_cc_single_mod=yes
lt_cv_ar_at_file=no
lt_cv_deplibs_check_method=pass_all
lt_cv_file_magic_cmd='$MAGIC_CMD'
lt_cv_file_magic_test_file=
lt_cv_ld_exported_symbols_list=yes
lt_cv_ld_force_load=yes
lt_cv_ld_reload_flag=-r
lt_cv_nm_interface='BSD nm'
lt_cv_objdir=.libs
lt_cv_path_LD=/Applications/Xcode.app/Contents/Developer/Toolchains/XcodeDefault.xctoolchain/usr/bin/ld
lt_cv_path_LDCXX=/Applications/Xcode.app/Contents/Developer/Toolchains/XcodeDefault.xctoolchain/usr/bin/ld
lt_cv_path_NM='/usr/bin/nm -B'
lt_cv_path_mainfest_tool=no
lt_cv_prog_compiler_c_o=yes
lt_cv_prog_compiler_c_o_CXX=yes
lt_cv_prog_compiler_pic='-fno-common -DPIC'
lt_cv_prog_compiler_pic_CXX='-fno-common -DPIC'
lt_cv_prog_compiler_pic_works=yes
lt_cv_prog_compiler_pic_works_CXX=yes
lt_cv_prog_compiler_rtti_exceptions=yes
lt_cv_prog_compiler_static_works=no
lt_cv_prog_compiler_static_works_CXX=no
lt_cv_prog_gnu_ld=no
lt_cv_prog_gnu_ldcxx=no
lt_cv_sharedlib_from_linklib_cmd='printf %s\n'
lt_cv_sys_global_symbol_pipe='sed -n -e '\''s/^.*[	 ]\([BCDEGRST][BCDEGRST]*\)[	 ][	 ]*_\([_A-Za-z][_A-Za-z0-9]*\)$/\1 _\2 \2/p'\'' | sed '\''/ __gnu_lto/d'\'''
lt_cv_sys_global_symbol_to_c_name_address='sed -n -e '\''s/^: \(.*\) .*$/  {"\1", (void *) 0},/p'\'' -e '\''s/^[BCDEGRST][BCDEGRST]* .* \(.*\)$/  {"\1", (void *) \&\1},/p'\'''
lt_cv_sys_global_symbol_to_c_name_address_lib_prefix='sed -n -e '\''s/^: \(.*\) .*$/  {"\1", (void *) 0},/p'\'' -e '\''s/^[BCDEGRST][BCDEGRST]* .* \(lib.*\)$/  {"\1", (void *) \&\1},/p'\'' -e '\''s/^[BCDEGRST][BCDEGRST]* .* \(.*\)$/  {"lib\1", (void *) \&\1},/p'\'''
lt_cv_sys_global_symbol_to_cdecl='sed -n -e '\''s/^T .* \(.*\)$/extern int \1();/p'\'' -e '\''s/^[BCDEGRST][BCDEGRST]* .* \(.*\)$/extern char \1;/p'\'''
lt_cv_sys_global_symbol_to_import=
lt_cv_sys_max_cmd_len=196608
lt_cv_to_host_file_cmd=func_convert_file_noop
lt_cv_to_tool_file_cmd=func_convert_file_noop
lt_cv_truncate_bin='/bin/dd bs=4096 count=1'
pkg_cv_CRYPTO_CFLAGS=-I/usr/local/Cellar/openssl/1.0.2o_2/include
pkg_cv_CRYPTO_LIBS='-L/usr/local/Cellar/openssl/1.0.2o_2/lib -lcrypto'
pkg_cv_EVENT_CFLAGS=-I/usr/local/Cellar/libevent/2.1.8/include
pkg_cv_EVENT_LIBS='-L/usr/local/Cellar/libevent/2.1.8/lib -levent'
pkg_cv_EVENT_PTHREADS_CFLAGS='-D_THREAD_SAFE -I/usr/local/Cellar/libevent/2.1.8/include'
pkg_cv_EVENT_PTHREADS_LIBS='-L/usr/local/Cellar/libevent/2.1.8/lib -levent_pthreads -levent'
pkg_cv_PROTOBUF_CFLAGS='-D_THREAD_SAFE -I/usr/local/Cellar/protobuf/3.5.1_1/include'
pkg_cv_PROTOBUF_LIBS='-L/usr/local/Cellar/protobuf/3.5.1_1/lib -lprotobuf -D_THREAD_SAFE'
pkg_cv_QR_CFLAGS=-I/usr/local/Cellar/qrencode/4.0.2/include
pkg_cv_QR_LIBS='-L/usr/local/Cellar/qrencode/4.0.2/lib -lqrencode'
pkg_cv_QT5_CFLAGS='-DQT_NETWORK_LIB -DQT_WIDGETS_LIB -DQT_GUI_LIB -DQT_CORE_LIB -I/usr/local/Cellar/qt/5.11.1/include/QtNetwork -I/usr/local/Cellar/qt/5.11.1/include -I/usr/local/Cellar/qt/5.11.1/include/QtWidgets -I/usr/local/Cellar/qt/5.11.1/include -I/usr/local/Cellar/qt/5.11.1/include/QtGui -I/usr/local/Cellar/qt/5.11.1/include -I/usr/local/Cellar/qt/5.11.1/include/QtCore -I/usr/local/Cellar/qt/5.11.1/include'
pkg_cv_QT5_LIBS='-F/usr/local/Cellar/qt/5.11.1/lib -framework QtNetwork -F/usr/local/Cellar/qt/5.11.1/lib -framework QtWidgets -F/usr/local/Cellar/qt/5.11.1/lib -framework QtGui -F/usr/local/Cellar/qt/5.11.1/lib -framework QtCore'
pkg_cv_QT_DBUS_CFLAGS='-DQT_DBUS_LIB -DQT_CORE_LIB -I/usr/local/Cellar/qt/5.11.1/include/QtDBus -I/usr/local/Cellar/qt/5.11.1/include -I/usr/local/Cellar/qt/5.11.1/include/QtCore -I/usr/local/Cellar/qt/5.11.1/include'
pkg_cv_QT_DBUS_LIBS='-F/usr/local/Cellar/qt/5.11.1/lib -framework QtDBus -F/usr/local/Cellar/qt/5.11.1/lib -framework QtCore'
pkg_cv_QT_TEST_CFLAGS='-DQT_TESTLIB_LIB -DQT_CORE_LIB -I/usr/local/Cellar/qt/5.11.1/include/QtTest -I/usr/local/Cellar/qt/5.11.1/include -I/usr/local/Cellar/qt/5.11.1/include/QtCore -I/usr/local/Cellar/qt/5.11.1/include'
pkg_cv_QT_TEST_LIBS='-F/usr/local/Cellar/qt/5.11.1/lib -framework QtTest -F/usr/local/Cellar/qt/5.11.1/lib -framework QtCore'
pkg_cv_SSL_CFLAGS=-I/usr/local/Cellar/openssl/1.0.2o_2/include
pkg_cv_SSL_LIBS='-L/usr/local/Cellar/openssl/1.0.2o_2/lib -lssl'
pkg_cv_ZMQ_CFLAGS='-DZMQ_BUILD_DRAFT_API=1 -I/usr/local/include'
pkg_cv_ZMQ_LIBS='-L/usr/local/lib -lzmq'

## ----------------- ##
## Output variables. ##
## ----------------- ##

ACLOCAL='${SHELL} /Users/vishalsachdeva/Downloads/trumpcoin-master/build-aux/missing aclocal-1.16'
AMDEPBACKSLASH='\'
AMDEP_FALSE='#'
AMDEP_TRUE=''
AMTAR='$${TAR-tar}'
AM_BACKSLASH='\'
AM_DEFAULT_V='$(AM_DEFAULT_VERBOSITY)'
AM_DEFAULT_VERBOSITY='0'
AM_V='$(V)'
AR='/usr/bin/ar'
ARFLAGS='cr'
AUTOCONF='${SHELL} /Users/vishalsachdeva/Downloads/trumpcoin-master/build-aux/missing autoconf'
AUTOHEADER='${SHELL} /Users/vishalsachdeva/Downloads/trumpcoin-master/build-aux/missing autoheader'
AUTOMAKE='${SHELL} /Users/vishalsachdeva/Downloads/trumpcoin-master/build-aux/missing automake-1.16'
AWK='awk'
BDB_CFLAGS=''
BDB_CPPFLAGS=''
BDB_LIBS='-ldb_cxx-4.8'
BITCOIN_CLI_NAME='trumpcoin-cli'
BITCOIN_DAEMON_NAME='trumpcoind'
BITCOIN_GUI_NAME='trumpcoin-qt'
BITCOIN_TX_NAME='trumpcoin-tx'
BOOST_CHRONO_LIB='-lboost_chrono-mt'
BOOST_CPPFLAGS='-DBOOST_SP_USE_STD_ATOMIC -DBOOST_AC_USE_STD_ATOMIC -pthread -I/usr/local/include'
BOOST_FILESYSTEM_LIB='-lboost_filesystem'
BOOST_LDFLAGS='-L/usr/local/lib'
BOOST_LIBS='-L/usr/local/lib -lboost_system -lboost_filesystem -lboost_program_options-mt -lboost_thread-mt -lboost_chrono-mt'
BOOST_PROGRAM_OPTIONS_LIB='-lboost_program_options-mt'
BOOST_SYSTEM_LIB='-lboost_system'
BOOST_THREAD_LIB='-lboost_thread-mt'
BOOST_UNIT_TEST_FRAMEWORK_LIB='-lboost_unit_test_framework-mt'
BREW='brew'
BUILD_BITCOIND_FALSE='#'
BUILD_BITCOIND_TRUE=''
BUILD_BITCOIN_LIBS_FALSE=''
BUILD_BITCOIN_LIBS_TRUE='#'
BUILD_BITCOIN_UTILS_FALSE='#'
BUILD_BITCOIN_UTILS_TRUE=''
BUILD_DARWIN_FALSE='#'
BUILD_DARWIN_TRUE=''
BUILD_QT='qt'
BUILD_TEST='test'
BUILD_TEST_QT='test'
CC='gcc'
CCACHE=''
CCDEPMODE='depmode=gcc3'
CFLAGS='-g -O2'
CLIENT_VERSION_BUILD='0'
CLIENT_VERSION_IS_RELEASE='true'
CLIENT_VERSION_MAJOR='2'
CLIENT_VERSION_MINOR='0'
CLIENT_VERSION_REVISION='0'
COMPARISON_TOOL_REORG_TESTS='0'
COPYRIGHT_YEAR='2019'
CPP='gcc -E'
CPPFILT='/usr/bin/c++filt'
CPPFLAGS='-I/usr/local/opt/openssl/include -DHAVE_BUILD_INFO -D__STDC_FORMAT_MACROS -I/usr/local/opt/berkeley-db@4/include -DMAC_OSX -DHAVE_QT5'
CRYPTO_CFLAGS='-I/usr/local/Cellar/openssl/1.0.2o_2/include'
CRYPTO_LIBS='-L/usr/local/Cellar/openssl/1.0.2o_2/lib -lcrypto'
CXX='g++ -std=c++11'
CXXCPP='g++ -std=c++11 -E'
CXXDEPMODE='depmode=gcc3'
CXXFLAGS='-g -O2 -Wall -Wextra -Wformat -Wvla -Wformat-security -Wthread-safety-analysis -Wno-unused-parameter -Wno-self-assign -Wno-unused-local-typedef -Wno-deprecated-register -Wno-implicit-fallthrough'
CYGPATH_W='echo'
DEFS='-DHAVE_CONFIG_H'
DEPDIR='.deps'
DLLTOOL='false'
DSYMUTIL='dsymutil'
DUMPBIN=''
ECHO_C='\c'
ECHO_N=''
ECHO_T=''
EGREP='/usr/bin/grep -E'
EMBEDDED_LEVELDB_FALSE='#'
EMBEDDED_LEVELDB_TRUE=''
EMBEDDED_UNIVALUE_FALSE='#'
EMBEDDED_UNIVALUE_TRUE=''
ENABLE_QT_FALSE='#'
ENABLE_QT_TESTS_FALSE='#'
ENABLE_QT_TESTS_TRUE=''
ENABLE_QT_TRUE=''
ENABLE_TESTS_FALSE='#'
ENABLE_TESTS_TRUE=''
ENABLE_WALLET_FALSE='#'
ENABLE_WALLET_TRUE=''
ENABLE_ZMQ_FALSE='#'
ENABLE_ZMQ_TRUE=''
ERROR_CXXFLAGS=''
EVENT_CFLAGS='-I/usr/local/Cellar/libevent/2.1.8/include'
EVENT_LIBS='-L/usr/local/Cellar/libevent/2.1.8/lib -levent'
EVENT_PTHREADS_CFLAGS='-D_THREAD_SAFE -I/usr/local/Cellar/libevent/2.1.8/include'
EVENT_PTHREADS_LIBS='-L/usr/local/Cellar/libevent/2.1.8/lib -levent_pthreads -levent'
EXEEXT=''
FGREP='/usr/bin/grep -F'
GCOV='/usr/bin/gcov'
GENHTML=''
GENISOIMAGE=''
GIT='/usr/local/bin/git'
GLIBC_BACK_COMPAT_FALSE=''
GLIBC_BACK_COMPAT_TRUE='#'
GREP='/usr/bin/grep'
HARDENED_CPPFLAGS=' -U_FORTIFY_SOURCE -D_FORTIFY_SOURCE=2'
HARDENED_CXXFLAGS=' -Wstack-protector -fstack-protector-all'
HARDENED_LDFLAGS=''
HARDEN_FALSE='#'
HARDEN_TRUE=''
HAVE_CXX11='1'
HAVE_QT5_FALSE='#'
HAVE_QT5_TRUE=''
HEXDUMP='/usr/bin/hexdump'
IMAGEMAGICK_CONVERT=''
INSTALLNAMETOOL=''
INSTALL_DATA='${INSTALL} -m 644'
INSTALL_PROGRAM='${INSTALL}'
INSTALL_SCRIPT='${INSTALL}'
INSTALL_STRIP_PROGRAM='$(install_sh) -c -s'
JAVA_COMPARISON_TOOL=''
LCOV=''
LD='/Applications/Xcode.app/Contents/Developer/Toolchains/XcodeDefault.xctoolchain/usr/bin/ld'
LDFLAGS='-L/usr/local/opt/openssl/lib -Wl,-headerpad_max_install_names -Wl,-dead_strip'
LEVELDB_CPPFLAGS=''
LEVELDB_TARGET_FLAGS='TARGET_OS=Darwin'
LIBLEVELDB=''
LIBMEMENV=''
LIBOBJS=''
LIBS='-lcrypto  -L/usr/local/opt/berkeley-db@4/lib'
LIBTOOL='$(SHELL) $(top_builddir)/libtool'
LIBTOOL_APP_LDFLAGS=''
LIPO='lipo'
LN_S='ln -s'
LRELEASE='/usr/local/Cellar/qt/5.11.1/bin/lrelease'
LTLIBOBJS=''
LT_SYS_LIBRARY_PATH=''
LUPDATE='/usr/local/Cellar/qt/5.11.1/bin/lupdate'
MAINT=''
MAINTAINER_MODE_FALSE='#'
MAINTAINER_MODE_TRUE=''
MAKEINFO='${SHELL} /Users/vishalsachdeva/Downloads/trumpcoin-master/build-aux/missing makeinfo'
MAKENSIS=''
MANIFEST_TOOL=':'
MINIUPNPC_CPPFLAGS=''
MINIUPNPC_LIBS=''
MKDIR_P='build-aux/install-sh -c -d'
MOC='/usr/local/Cellar/qt/5.11.1/bin/moc'
MOC_DEFS='-DHAVE_CONFIG_H -I$(srcdir) -DQ_OS_MAC'
NM='/usr/bin/nm -B'
NMEDIT='nmedit'
OBJCOPY=''
OBJCXX='g++ -std=c++11'
OBJCXXDEPMODE='depmode=gcc3'
OBJCXXFLAGS='-g -O2 -Wall -Wextra -Wformat -Wvla -Wformat-security -Wthread-safety-analysis -Wno-unused-parameter -Wno-self-assign -Wno-unused-local-typedef -Wno-deprecated-register -Wno-implicit-fallthrough'
OBJDUMP='objdump'
OBJEXT='o'
OTOOL64=':'
OTOOL='otool'
PACKAGE='trumpcoin'
PACKAGE_BUGREPORT='www.trumpcoin.org'
PACKAGE_NAME='TrumpCoin Core'
PACKAGE_STRING='TrumpCoin Core 2.0.0'
PACKAGE_TARNAME='trumpcoin'
PACKAGE_URL=''
PACKAGE_VERSION='2.0.0'
PATH_SEPARATOR=':'
PIC_FLAGS='-fPIC'
PIE_FLAGS='-fPIC'
PKG_CONFIG='/usr/local/bin/pkg-config'
PKG_CONFIG_LIBDIR=''
PKG_CONFIG_PATH='/usr/local/opt/qt/lib/pkgconfig:/usr/local/opt/openssl/lib/pkgconfig:'
PORT=''
PROTOBUF_CFLAGS='-D_THREAD_SAFE -I/usr/local/Cellar/protobuf/3.5.1_1/include'
PROTOBUF_LIBS='-L/usr/local/Cellar/protobuf/3.5.1_1/lib -lprotobuf -D_THREAD_SAFE'
PROTOC='/usr/local/bin/protoc'
PTHREAD_CC='gcc'
PTHREAD_CFLAGS='-pthread'
PTHREAD_LIBS=''
PYTHON='/usr/local/bin/python3'
PYTHONPATH=''
QR_CFLAGS='-I/usr/local/Cellar/qrencode/4.0.2/include'
QR_LIBS='-L/usr/local/Cellar/qrencode/4.0.2/lib -lqrencode'
QT4_CFLAGS=''
QT4_LIBS=''
QT5_CFLAGS='-DQT_NETWORK_LIB -DQT_WIDGETS_LIB -DQT_GUI_LIB -DQT_CORE_LIB -I/usr/local/Cellar/qt/5.11.1/include/QtNetwork -I/usr/local/Cellar/qt/5.11.1/include -I/usr/local/Cellar/qt/5.11.1/include/QtWidgets -I/usr/local/Cellar/qt/5.11.1/include -I/usr/local/Cellar/qt/5.11.1/include/QtGui -I/usr/local/Cellar/qt/5.11.1/include -I/usr/local/Cellar/qt/5.11.1/include/QtCore -I/usr/local/Cellar/qt/5.11.1/include'
QT5_LIBS='-F/usr/local/Cellar/qt/5.11.1/lib -framework QtNetwork -F/usr/local/Cellar/qt/5.11.1/lib -framework QtWidgets -F/usr/local/Cellar/qt/5.11.1/lib -framework QtGui -F/usr/local/Cellar/qt/5.11.1/lib -framework QtCore'
QTPLATFORM_CFLAGS=''
QTPLATFORM_LIBS=''
QTPRINT_CFLAGS=''
QTPRINT_LIBS=''
QTXCBQPA_CFLAGS=''
QTXCBQPA_LIBS=''
QT_DBUS_CFLAGS='-DQT_DBUS_LIB -DQT_CORE_LIB -I/usr/local/Cellar/qt/5.11.1/include/QtDBus -I/usr/local/Cellar/qt/5.11.1/include -I/usr/local/Cellar/qt/5.11.1/include/QtCore -I/usr/local/Cellar/qt/5.11.1/include'
QT_DBUS_INCLUDES='-DQT_DBUS_LIB -DQT_CORE_LIB -I/usr/local/Cellar/qt/5.11.1/include/QtDBus -I/usr/local/Cellar/qt/5.11.1/include -I/usr/local/Cellar/qt/5.11.1/include/QtCore -I/usr/local/Cellar/qt/5.11.1/include'
QT_DBUS_LIBS='-F/usr/local/Cellar/qt/5.11.1/lib -framework QtDBus -F/usr/local/Cellar/qt/5.11.1/lib -framework QtCore'
QT_INCLUDES='-DQT_NETWORK_LIB -DQT_WIDGETS_LIB -DQT_GUI_LIB -DQT_CORE_LIB -I/usr/local/Cellar/qt/5.11.1/include/QtNetwork -I/usr/local/Cellar/qt/5.11.1/include -I/usr/local/Cellar/qt/5.11.1/include/QtWidgets -I/usr/local/Cellar/qt/5.11.1/include -I/usr/local/Cellar/qt/5.11.1/include/QtGui -I/usr/local/Cellar/qt/5.11.1/include -I/usr/local/Cellar/qt/5.11.1/include/QtCore -I/usr/local/Cellar/qt/5.11.1/include'
QT_LDFLAGS=''
QT_LIBS='-F/usr/local/Cellar/qt/5.11.1/lib -framework QtNetwork -F/usr/local/Cellar/qt/5.11.1/lib -framework QtWidgets -F/usr/local/Cellar/qt/5.11.1/lib -framework QtGui -F/usr/local/Cellar/qt/5.11.1/lib -framework QtCore -framework Foundation -framework ApplicationServices -framework AppKit'
QT_PIE_FLAGS='-fPIC'
QT_SELECT='qt5'
QT_TEST_CFLAGS='-DQT_TESTLIB_LIB -DQT_CORE_LIB -I/usr/local/Cellar/qt/5.11.1/include/QtTest -I/usr/local/Cellar/qt/5.11.1/include -I/usr/local/Cellar/qt/5.11.1/include/QtCore -I/usr/local/Cellar/qt/5.11.1/include'
QT_TEST_INCLUDES='-DQT_TESTLIB_LIB -DQT_CORE_LIB -I/usr/local/Cellar/qt/5.11.1/include/QtTest -I/usr/local/Cellar/qt/5.11.1/include -I/usr/local/Cellar/qt/5.11.1/include/QtCore -I/usr/local/Cellar/qt/5.11.1/include'
QT_TEST_LIBS='-F/usr/local/Cellar/qt/5.11.1/lib -framework QtTest -F/usr/local/Cellar/qt/5.11.1/lib -framework QtCore'
QT_TRANSLATION_DIR=''
RANLIB='/usr/bin/ranlib'
RCC='/usr/local/Cellar/qt/5.11.1/bin/rcc'
READELF=''
RELDFLAGS=''
RSVG_CONVERT='/usr/local/bin/rsvg-convert'
SED='/usr/bin/sed'
SET_MAKE=''
SHELL='/bin/sh'
SSL_CFLAGS='-I/usr/local/Cellar/openssl/1.0.2o_2/include'
SSL_LIBS='-L/usr/local/Cellar/openssl/1.0.2o_2/lib -lssl'
STRIP='/usr/bin/strip'
TARGET_DARWIN_FALSE='#'
TARGET_DARWIN_TRUE=''
TARGET_WINDOWS_FALSE=''
TARGET_WINDOWS_TRUE='#'
TESTDEFS=' -DBOOST_TEST_DYN_LINK'
TIFFCP=''
UIC='/usr/local/Cellar/qt/5.11.1/bin/uic'
UNIVALUE_CFLAGS='-I$(srcdir)/univalue/include'
UNIVALUE_LIBS='univalue/libunivalue.la'
USE_LCOV_FALSE=''
USE_LCOV_TRUE='#'
USE_LIBSECP256K1_FALSE=''
USE_LIBSECP256K1_TRUE='#'
USE_QRCODE=''
USE_QRCODE_FALSE='#'
USE_QRCODE_TRUE=''
USE_UPNP=''
VERSION='2.0.0'
WINDOWS_BITS=''
WINDRES=''
X11XCB_CFLAGS=''
X11XCB_LIBS=''
XGETTEXT=''
ZMQ_CFLAGS='-DZMQ_BUILD_DRAFT_API=1 -I/usr/local/include'
ZMQ_LIBS='-L/usr/local/lib -lzmq'
ac_ct_AR='ar'
ac_ct_CC='gcc'
ac_ct_CXX='g++'
ac_ct_DUMPBIN=''
ac_ct_OBJCXX=''
am__EXEEXT_FALSE=''
am__EXEEXT_TRUE='#'
am__fastdepCC_FALSE='#'
am__fastdepCC_TRUE=''
am__fastdepCXX_FALSE='#'
am__fastdepCXX_TRUE=''
am__fastdepOBJCXX_FALSE='#'
am__fastdepOBJCXX_TRUE=''
am__include='include'
am__isrc=''
am__leading_dot='.'
am__nodep='_no'
am__quote=''
am__tar='$${TAR-tar} chof - "$$tardir"'
am__untar='$${TAR-tar} xf -'
ax_pthread_config=''
bindir='${exec_prefix}/bin'
build='x86_64-apple-darwin18.0.0'
build_alias=''
build_cpu='x86_64'
build_os='darwin18.0.0'
build_vendor='apple'
datadir='${datarootdir}'
datarootdir='${prefix}/share'
docdir='${datarootdir}/doc/${PACKAGE_TARNAME}'
dvidir='${docdir}'
exec_prefix='${prefix}'
host='x86_64-apple-darwin18.0.0'
host_alias=''
host_cpu='x86_64'
host_os='darwin18.0.0'
host_vendor='apple'
htmldir='${docdir}'
includedir='${prefix}/include'
infodir='${datarootdir}/info'
install_sh='${SHELL} /Users/vishalsachdeva/Downloads/trumpcoin-master/build-aux/install-sh'
libdir='${exec_prefix}/lib'
libexecdir='${exec_prefix}/libexec'
localedir='${datarootdir}/locale'
localstatedir='${prefix}/var'
mandir='${datarootdir}/man'
mkdir_p='$(MKDIR_P)'
oldincludedir='/usr/include'
pdfdir='${docdir}'
prefix='/usr/local'
program_transform_name='s,x,x,'
psdir='${docdir}'
sbindir='${exec_prefix}/sbin'
sharedstatedir='${prefix}/com'
subdirs=' src/univalue src/secp256k1'
sysconfdir='${prefix}/etc'
target_alias=''

## ----------- ##
## confdefs.h. ##
## ----------- ##

/* confdefs.h */
#define PACKAGE_NAME "TrumpCoin Core"
#define PACKAGE_TARNAME "trumpcoin"
#define PACKAGE_VERSION "2.0.0"
#define PACKAGE_STRING "TrumpCoin Core 2.0.0"
#define PACKAGE_BUGREPORT "www.trumpcoin.org"
#define PACKAGE_URL ""
#define HAVE_CXX11 1
#define STDC_HEADERS 1
#define HAVE_SYS_TYPES_H 1
#define HAVE_SYS_STAT_H 1
#define HAVE_STDLIB_H 1
#define HAVE_STRING_H 1
#define HAVE_MEMORY_H 1
#define HAVE_STRINGS_H 1
#define HAVE_INTTYPES_H 1
#define HAVE_STDINT_H 1
#define HAVE_UNISTD_H 1
#define HAVE_DLFCN_H 1
#define LT_OBJDIR ".libs/"
#define HAVE_PTHREAD_PRIO_INHERIT 1
#define HAVE_PTHREAD 1
#define HAVE_DECL_STRERROR_R 1
#define HAVE_STRERROR_R 1
#define HAVE_STDIO_H 1
#define HAVE_STDLIB_H 1
#define HAVE_UNISTD_H 1
#define HAVE_STRINGS_H 1
#define HAVE_SYS_TYPES_H 1
#define HAVE_SYS_STAT_H 1
#define HAVE_SYS_SELECT_H 1
#define HAVE_INET_PTON 1
#define HAVE_DECL_STRNLEN 1
#define HAVE_DECL_DAEMON 1
#define HAVE_DECL_LE32TOH 0
#define HAVE_DECL_LE64TOH 0
#define HAVE_DECL_HTOLE32 0
#define HAVE_DECL_HTOLE64 0
#define HAVE_DECL_BE32TOH 0
#define HAVE_DECL_BE64TOH 0
#define HAVE_DECL_HTOBE32 0
#define HAVE_DECL_HTOBE64 0
#define HAVE_MSG_DONTWAIT 1
#define HAVE_VISIBILITY_ATTRIBUTE 1
#define HAVE_THREAD_LOCAL 1
#define HAVE_BOOST /**/
#define HAVE_BOOST_SYSTEM /**/
#define HAVE_BOOST_FILESYSTEM /**/
#define HAVE_BOOST_PROGRAM_OPTIONS /**/
#define HAVE_BOOST_THREAD /**/
#define HAVE_BOOST_CHRONO /**/
#define HAVE_BOOST_UNIT_TEST_FRAMEWORK /**/
#define HAVE_WORKING_BOOST_SLEEP_FOR 1
#define ENABLE_ZMQ 1
#define HAVE_LIBCRYPTO 1
#define ENABLE_WALLET 1
#define USE_DBUS 1
#define USE_QRCODE 1
#define CLIENT_VERSION_MAJOR 2
#define CLIENT_VERSION_MINOR 0
#define CLIENT_VERSION_REVISION 0
#define CLIENT_VERSION_BUILD 0
#define CLIENT_VERSION_IS_RELEASE true
#define COPYRIGHT_YEAR 2019

configure: exit 0
